#
# A fatal error has been detected by the Java Runtime Environment:
#
#  EXCEPTION_ACCESS_VIOLATION (0xc0000005) at pc=0x0000013fbb51102c, pid=12284, tid=11440
#
# JRE version: OpenJDK Runtime Environment Temurin-21.0.6+7 (21.0.6+7) (build 21.0.6+7-LTS)
# Java VM: OpenJDK 64-Bit Server VM Temurin-21.0.6+7 (21.0.6+7-LTS, mixed mode, emulated-client, sharing, tiered, compressed oops, compressed class ptrs, g1 gc, windows-amd64)
# Problematic frame:
# v  ~BufferBlob::MethodHandles adapters 0x0000013fbb51102c
#
# No core dump will be written. Minidumps are not enabled by default on client versions of Windows
#
# If you would like to submit a bug report, please visit:
#   https://github.com/adoptium/adoptium-support/issues
#

---------------  S U M M A R Y ------------

Command Line: -XX:+ShowCodeDetailsInExceptionMessages -agentlib:jdwp=transport=dt_socket,suspend=y,address=localhost:58365 -Dcom.sun.management.jmxremote -Dcom.sun.management.jmxremote.port=58364 -Dcom.sun.management.jmxremote.authenticate=false -Dcom.sun.management.jmxremote.ssl=false -Djava.rmi.server.hostname=localhost -Dspring.jmx.enabled=true -Dmanagement.endpoints.jmx.exposure.include=* -Dspring.application.admin.enabled=true -Dspring.output.ansi.enabled=always -XX:TieredStopAtLevel=1 -Dspring.boot.project.name=e-Grocery -javaagent:Q:\Project\eclipse\configuration\org.eclipse.osgi\446\0\.cp\lib\javaagent-shaded.jar -Dfile.encoding=UTF-8 -Dstdout.encoding=UTF-8 -Dstderr.encoding=UTF-8 com.nt.EGroceryApplication

Host: AMD Ryzen 5 5600H with Radeon Graphics         , 12 cores, 7G,  Windows 11 , 64 bit Build 26100 (10.0.26100.4202)
Time: Sat Jun 21 15:41:07 2025 India Standard Time elapsed time: 3567.579373 seconds (0d 0h 59m 27s)

---------------  T H R E A D  ---------------

Current thread (0x000001400b24cdc0):  JavaThread "restartedMain"        [_thread_in_Java, id=11440, stack(0x0000003080200000,0x0000003080300000) (1024K)]

Stack: [0x0000003080200000,0x0000003080300000],  sp=0x00000030802fde88,  free space=1015k
Native frames: (J=compiled Java code, j=interpreted, Vv=VM code, C=native code)
C  0x0000013fbb51102c

The last pc belongs to _linkToSpecial (printed below).

siginfo: EXCEPTION_ACCESS_VIOLATION (0xc0000005), reading address 0xffffffffffffffff


Registers:
RAX=0x0000013fbb4e9086, RBX=0x8e051a2800000000, RCX=0x00000030802fde90, RDX=0x0000000000000002
RSP=0x00000030802fde88, RBP=0x00000030802fded8, RSI=0x000001400c281698, RDI=0x000001400be6fe80
R8 =0x0000000000000004, R9 =0x0000000000000004, R10=0x00007fff2811e040, R11=0x0000013fc40b5bd0
R12=0x0000000000000000, R13=0x00000030802fde88, R14=0x00000030802fdef8, R15=0x000001400b24cdc0
RIP=0x0000013fbb51102c, EFLAGS=0x0000000000010202

XMM[0]=0x0000000000000000 0x0000000000000000
XMM[1]=0x0000000000000000 0x0000000000000000
XMM[2]=0x0000000000000000 0x0000000000000000
XMM[3]=0x0000000000000000 0x0000000000000000
XMM[4]=0x0000000000000000 0x0000000000000000
XMM[5]=0x0000000000000000 0x0000000000000000
XMM[6]=0x0000000000000000 0x0000000000000000
XMM[7]=0x0000000000000000 0x0000000000000000
XMM[8]=0x0000000000000000 0x0000000000000000
XMM[9]=0x0000000000000000 0x0000000000000000
XMM[10]=0x0000000000000000 0x0000000000000000
XMM[11]=0x0000000000000000 0x0000000000000000
XMM[12]=0x0000000000000000 0x0000000000000000
XMM[13]=0x0000000000000000 0x0000000000000000
XMM[14]=0x0000000000000000 0x0000000000000000
XMM[15]=0x0000000000000000 0x0000000000000000
  MXCSR=0x00001fa0


Register to memory mapping:

RAX=0x0000013fbb4e9086 is at code_begin+3078 in an Interpreter codelet
return entry points  [0x0000013fbb4e8480, 0x0000013fbb4ea298]  7704 bytes
RBX=0x8e051a2800000000 is an unknown value
RCX=0x00000030802fde90 is pointing into the stack for thread: 0x000001400b24cdc0
RDX=0x0000000000000002 is an unknown value
RSP=0x00000030802fde88 is pointing into the stack for thread: 0x000001400b24cdc0
RBP=0x00000030802fded8 is pointing into the stack for thread: 0x000001400b24cdc0
RSI=0x000001400c281698 points into unknown readable memory: 0x800008002287dac0 | c0 da 87 22 00 08 00 80
RDI=0x000001400be6fe80 points into unknown readable memory: 0x0000001800000070 | 70 00 00 00 18 00 00 00
R8 =0x0000000000000004 is an unknown value
R9 =0x0000000000000004 is an unknown value
R10=0x00007fff2811e040 jvm.dll
R11={method} {0x0000013fc40b5bd8} 'newInvokeSpecial' '(Ljava/lang/Object;)Ljava/lang/Object;' in 'java/lang/invoke/DirectMethodHandle$Holder'
R12=0x0 is null
R13=0x00000030802fde88 is pointing into the stack for thread: 0x000001400b24cdc0
R14=0x00000030802fdef8 is pointing into the stack for thread: 0x000001400b24cdc0
R15=0x000001400b24cdc0 is a thread

Top of Stack: (sp=0x00000030802fde88)
0x00000030802fde88:   0000013fbb4e9086 00000030802fde90
0x00000030802fde98:   0000013fc472b567 0000000000000004
0x00000030802fdea8:   0000013fc40b1088 000000008cc10ce8
0x00000030802fdeb8:   000000008aa02c58 0000013fc40b5bd0
0x00000030802fdec8:   00000030802fde88 00000030802fdf00
0x00000030802fded8:   00000030802fef90 0000013fbb90c983
0x00000030802fdee8:   000000008e051930 000000008e0519d8
0x00000030802fdef8:   000000008e051990 000000008e0516e0
0x00000030802fdf08:   0000000000000000 00000030802fef90
0x00000030802fdf18:   0000013fbbe23ffc 0000000000000000
0x00000030802fdf28:   0000000000000000 0000000000000000
0x00000030802fdf38:   0000000000000000 0000000000000000
0x00000030802fdf48:   0000000000000000 000001400b24cdc0
0x00000030802fdf58:   000001400beb9df0 000001400a65ebf0
0x00000030802fdf68:   000001400a65ec10 000001400a65ecd8
0x00000030802fdf78:   000000008aa1aed0 000000008cc10ce8
0x00000030802fdf88:   000000008e051598 000000008e051598
0x00000030802fdf98:   000000008e0516e0 000000008e0519c0
0x00000030802fdfa8:   000000008e051748 000000008cc10ce8
0x00000030802fdfb8:   0000000000000001 00000030802fef90
0x00000030802fdfc8:   0000013f00000000 0000000000000000
0x00000030802fdfd8:   0000000000000000 000000008e051990
0x00000030802fdfe8:   0000013fbb90df5c 0000000000000000
0x00000030802fdff8:   0000000000000000 0000000000000000
0x00000030802fe008:   00000030802fef00 000001400b24cdc0
0x00000030802fe018:   0000000000000000 000000008e0516e0
0x00000030802fe028:   0000000000000000 000000008e051598
0x00000030802fe038:   000000008e0519c0 000000008e0516e0
0x00000030802fe048:   0000000000000000 000001400b24cd00
0x00000030802fe058:   0000013fbb90beb4 00000030802fef90
0x00000030802fe068:   0000013fbb90796a 0000000000000000
0x00000030802fe078:   0000013fbb818729 00000030802fef90 

Instructions: (pc=0x0000013fbb51102c)
0x0000013fbb510f2c:   8b 59 14 8b 5b 28 8b 5b 24 48 8b 5b 10 48 85 db
0x0000013fbb510f3c:   0f 84 10 00 00 00 41 80 bf d8 05 00 00 00 74 03
0x0000013fbb510f4c:   ff 63 38 ff 63 50 e9 a9 16 00 00 66 0f 1f 84 00
0x0000013fbb510f5c:   00 00 00 00 48 8b 53 08 0f b7 52 2e 48 8b 0c d4
0x0000013fbb510f6c:   58 5b 50 44 8b 51 08 49 bb 00 00 00 c4 3f 01 00
0x0000013fbb510f7c:   00 4d 03 d3 4c 8b 5b 10 4b 8b 9c da c0 01 00 00
0x0000013fbb510f8c:   48 85 db 0f 84 10 00 00 00 41 80 bf d8 05 00 00
0x0000013fbb510f9c:   00 74 03 ff 63 38 ff 63 50 e9 56 16 00 00 66 66
0x0000013fbb510fac:   66 0f 1f 84 00 00 00 00 00 66 66 66 0f 1f 84 00
0x0000013fbb510fbc:   00 00 00 00 58 5b 50 8b 5b 24 48 8b 5b 10 48 85
0x0000013fbb510fcc:   db 0f 84 10 00 00 00 41 80 bf d8 05 00 00 00 74
0x0000013fbb510fdc:   03 ff 63 38 ff 63 50 e9 18 16 00 00 66 66 66 0f
0x0000013fbb510fec:   1f 84 00 00 00 00 00 0f 1f 80 00 00 00 00 66 0f
0x0000013fbb510ffc:   1f 44 00 00 48 8b 53 08 0f b7 52 2e 48 8b 0c d4
0x0000013fbb51100c:   58 5b 50 48 3b 01 8b 5b 24 48 8b 5b 10 48 85 db
0x0000013fbb51101c:   0f 84 10 00 00 00 41 80 bf d8 05 00 00 00 74 03
0x0000013fbb51102c:   ff 63 38 ff 63 50 e9 c9 15 00 00 66 0f 1f 84 00
0x0000013fbb51103c:   00 00 00 00 48 8b 53 08 0f b7 52 2e 48 8b 0c d4
0x0000013fbb51104c:   58 5b 50 44 8b 51 08 49 bb 00 00 00 c4 3f 01 00
0x0000013fbb51105c:   00 4d 03 d3 8b 43 18 48 8b 40 10 48 8b 5b 10 45
0x0000013fbb51106c:   8b 9a a0 00 00 00 4f 8d 9c da c0 01 00 00 4d 8d
0x0000013fbb51107c:   14 da 49 8b 1b 48 3b c3 74 15 48 85 db 0f 84 32
0x0000013fbb51108c:   00 00 00 49 83 c3 10 49 8b 1b 48 3b c3 75 eb 45
0x0000013fbb51109c:   8b 5b 08 4b 8b 1c 1a 48 85 db 0f 84 10 00 00 00
0x0000013fbb5110ac:   41 80 bf d8 05 00 00 00 74 03 ff 63 38 ff 63 50
0x0000013fbb5110bc:   e9 3f 15 00 00 e9 3a 12 00 00 f4 00 00 00 00 00
0x0000013fbb5110cc:   00 00 00 00 00 00 00 00 00 00 00 00 00 00 00 00
0x0000013fbb5110dc:   00 00 00 00 00 00 00 00 00 00 00 00 00 00 00 00
0x0000013fbb5110ec:   00 00 00 00 00 00 00 00 00 00 00 00 00 00 00 00
0x0000013fbb5110fc:   00 00 00 00 00 00 00 00 00 00 00 00 00 00 00 00
0x0000013fbb51110c:   00 00 00 00 00 00 00 00 00 00 00 00 00 00 00 00
0x0000013fbb51111c:   00 00 00 00 00 00 00 00 00 00 00 00 00 00 00 00 


Stack slot to memory mapping:

stack at sp + 0 slots: 0x0000013fbb4e9086 is at code_begin+3078 in an Interpreter codelet
return entry points  [0x0000013fbb4e8480, 0x0000013fbb4ea298]  7704 bytes
stack at sp + 1 slots: 0x00000030802fde90 is pointing into the stack for thread: 0x000001400b24cdc0
stack at sp + 2 slots: 0x0000013fc472b567 is pointing into metadata
stack at sp + 3 slots: 0x0000000000000004 is an unknown value
stack at sp + 4 slots: 0x0000013fc40b1088 is pointing into metadata
stack at sp + 5 slots: 0x000000008cc10ce8 is an oop: java.lang.Class 
{0x000000008cc10ce8} - klass: 'java/lang/Class'
 - ---- fields (total size 14 words):
 - private volatile transient 'classRedefinedCount' 'I' @12  1 (0x00000001)
 - injected 'klass' 'J' @16  1373409854496 (0x0000013fc59b4420)
 - injected 'array_klass' 'J' @24  0 (0x0000000000000000)
 - injected 'oop_size' 'I' @32  14 (0x0000000e)
 - injected 'static_oop_field_count' 'I' @36  0 (0x00000000)
 - private volatile transient 'cachedConstructor' 'Ljava/lang/reflect/Constructor;' @40  null (0x00000000)
 - private transient 'name' 'Ljava/lang/String;' @44  "com.nt.controller.payments.RazorpayController"{0x000000008ccab7c8} (0x8ccab7c8)
 - private transient 'module' 'Ljava/lang/Module;' @48  a 'java/lang/Module'{0x000000008cc00c70} (0x8cc00c70)
 - private final 'classLoader' 'Ljava/lang/ClassLoader;' @52  a 'org/springframework/boot/devtools/restart/classloader/RestartClassLoader'{0x000000008cc11128} (0x8cc11128)
 - private transient 'classData' 'Ljava/lang/Object;' @56  null (0x00000000)
 - private transient 'packageName' 'Ljava/lang/String;' @60  "com.nt.controller.payments"{0x000000008ccab820} (0x8ccab820)
 - private final 'componentType' 'Ljava/lang/Class;' @64  null (0x00000000)
 - private volatile transient 'reflectionData' 'Ljava/lang/ref/SoftReference;' @68  a 'java/lang/ref/SoftReference'{0x000000008ccab868} (0x8ccab868)
 - private volatile transient 'genericInfo' 'Lsun/reflect/generics/repository/ClassRepository;' @72  null (0x00000000)
 - private volatile transient 'enumConstants' '[Ljava/lang/Object;' @76  null (0x00000000)
 - private volatile transient 'enumConstantDirectory' 'Ljava/util/Map;' @80  null (0x00000000)
 - private volatile transient 'annotationData' 'Ljava/lang/Class$AnnotationData;' @84  a 'java/lang/Class$AnnotationData'{0x000000008ccab8e0} (0x8ccab8e0)
 - private volatile transient 'annotationType' 'Lsun/reflect/annotation/AnnotationType;' @88  null (0x00000000)
 - transient 'classValueMap' 'Ljava/lang/ClassValue$ClassValueMap;' @92  null (0x00000000)
 - injected 'protection_domain' 'Ljava/lang/Object;' @96  a 'java/security/ProtectionDomain'{0x000000008cc00ec0} (0x8cc00ec0)
 - injected 'signers_name' 'Ljava/lang/Object;' @100  null (0x00000000)
 - injected 'source_file' 'Ljava/lang/Object;' @104  null (0x00000000)
 - injected '<init_lock>' 'Ljava/lang/Object;' @108  null (0x00000000)
 - signature: Lcom/nt/controller/payments/RazorpayController;
 - ---- static fields (0):
stack at sp + 6 slots: 0x000000008aa02c58 is an oop: java.lang.Class 
{0x000000008aa02c58} - klass: 'java/lang/Class'
 - ---- fields (total size 14 words):
 - private volatile transient 'classRedefinedCount' 'I' @12  0 (0x00000000)
 - injected 'klass' 'J' @16  1373383625824 (0x0000013fc40b0c60)
 - injected 'array_klass' 'J' @24  0 (0x0000000000000000)
 - injected 'oop_size' 'I' @32  14 (0x0000000e)
 - injected 'static_oop_field_count' 'I' @36  0 (0x00000000)
 - private volatile transient 'cachedConstructor' 'Ljava/lang/reflect/Constructor;' @40  null (0x00000000)
 - private transient 'name' 'Ljava/lang/String;' @44  null (0x00000000)
 - private transient 'module' 'Ljava/lang/Module;' @48  a 'java/lang/Module'{0x000000008b094ba8} (0x8b094ba8)
 - private final 'classLoader' 'Ljava/lang/ClassLoader;' @52  null (0x00000000)
 - private transient 'classData' 'Ljava/lang/Object;' @56  null (0x00000000)
 - private transient 'packageName' 'Ljava/lang/String;' @60  null (0x00000000)
 - private final 'componentType' 'Ljava/lang/Class;' @64  null (0x00000000)
 - private volatile transient 'reflectionData' 'Ljava/lang/ref/SoftReference;' @68  null (0x00000000)
 - private volatile transient 'genericInfo' 'Lsun/reflect/generics/repository/ClassRepository;' @72  null (0x00000000)
 - private volatile transient 'enumConstants' '[Ljava/lang/Object;' @76  null (0x00000000)
 - private volatile transient 'enumConstantDirectory' 'Ljava/util/Map;' @80  null (0x00000000)
 - private volatile transient 'annotationData' 'Ljava/lang/Class$AnnotationData;' @84  null (0x00000000)
 - private volatile transient 'annotationType' 'Lsun/reflect/annotation/AnnotationType;' @88  null (0x00000000)
 - transient 'classValueMap' 'Ljava/lang/ClassValue$ClassValueMap;' @92  null (0x00000000)
 - injected 'protection_domain' 'Ljava/lang/Object;' @96  null (0x00000000)
 - injected 'signers_name' 'Ljava/lang/Object;' @100  null (0x00000000)
 - injected 'source_file' 'Ljava/lang/Object;' @104  null (0x00000000)
 - injected '<init_lock>' 'Ljava/lang/Object;' @108  null (0x00000000)
 - signature: Ljava/lang/invoke/DirectMethodHandle$Holder;
 - ---- static fields (0):
stack at sp + 7 slots: {method} {0x0000013fc40b5bd8} 'newInvokeSpecial' '(Ljava/lang/Object;)Ljava/lang/Object;' in 'java/lang/invoke/DirectMethodHandle$Holder'

MethodHandle::interpreter_entry::_linkToSpecial [0x0000013fbb510fe8, 0x0000013fbb511037] (79 bytes)
[MachCode]
  0x0000013fbb510fe8: 6666 660f | 1f84 0000 | 0000 000f | 1f80 0000 | 0000 660f | 1f44 0000 | 488b 5308 | 0fb7 522e 
  0x0000013fbb511008: 488b 0cd4 | 585b 5048 | 3b01 8b5b | 2448 8b5b | 1048 85db | 0f84 1000 | 0000 4180 | bfd8 0500 
  0x0000013fbb511028: 0000 7403 | ff63 38ff | 6350 e9c9 | 
[/MachCode]

---------------  P R O C E S S  ---------------

Threads class SMR info:
_java_thread_list=0x000001400bcde5a0, length=30, elements={
0x0000013fc39c9b90, 0x0000013fc39ca5e0, 0x0000013fc39d0e60, 0x0000013fc39d18b0,
0x0000013fc39d3fb0, 0x0000013fc39d56a0, 0x0000013fc39e2570, 0x0000013fc3ada120,
0x0000013fc3b72e80, 0x0000013fc3b77420, 0x0000013fc3b81ae0, 0x00000140094c9600,
0x000001400968d3a0, 0x0000014009697750, 0x00000140096b0c10, 0x0000014009c65e50,
0x0000014009c65130, 0x0000014009c657c0, 0x0000014009c64aa0, 0x000001400b24e170,
0x000001400a92ab80, 0x000001400b24ba10, 0x000001400b24cdc0, 0x000001400cdd7810,
0x000001400c1cbf20, 0x000001400b24d450, 0x000001400b24dae0, 0x000001400b24c0a0,
0x000001400b24acf0, 0x000001400b24c730
}

Java Threads: ( => current thread )
  0x0000013fc39c9b90 JavaThread "Reference Handler"          daemon [_thread_blocked, id=18836, stack(0x00000030fcb00000,0x00000030fcc00000) (1024K)]
  0x0000013fc39ca5e0 JavaThread "Finalizer"                  daemon [_thread_blocked, id=8956, stack(0x00000030fcc00000,0x00000030fcd00000) (1024K)]
  0x0000013fc39d0e60 JavaThread "Signal Dispatcher"          daemon [_thread_blocked, id=12852, stack(0x00000030fcd00000,0x00000030fce00000) (1024K)]
  0x0000013fc39d18b0 JavaThread "Attach Listener"            daemon [_thread_blocked, id=16940, stack(0x00000030fce00000,0x00000030fcf00000) (1024K)]
  0x0000013fc39d3fb0 JavaThread "Service Thread"             daemon [_thread_blocked, id=15048, stack(0x00000030fcf00000,0x00000030fd000000) (1024K)]
  0x0000013fc39d56a0 JavaThread "Monitor Deflation Thread"   daemon [_thread_blocked, id=19808, stack(0x00000030fd000000,0x00000030fd100000) (1024K)]
  0x0000013fc39e2570 JavaThread "C1 CompilerThread0"         daemon [_thread_blocked, id=15384, stack(0x00000030fd100000,0x00000030fd200000) (1024K)]
  0x0000013fc3ada120 JavaThread "Common-Cleaner"             daemon [_thread_blocked, id=21536, stack(0x00000030fd200000,0x00000030fd300000) (1024K)]
  0x0000013fc3b72e80 JavaThread "JDWP Transport Listener: dt_socket" daemon [_thread_blocked, id=2540, stack(0x00000030fd600000,0x00000030fd700000) (1024K)]
  0x0000013fc3b77420 JavaThread "JDWP Event Helper Thread"   daemon [_thread_blocked, id=21760, stack(0x00000030fd700000,0x00000030fd800000) (1024K)]
  0x0000013fc3b81ae0 JavaThread "JDWP Command Reader"        daemon [_thread_in_native, id=6444, stack(0x00000030fd800000,0x00000030fd900000) (1024K)]
  0x00000140094c9600 JavaThread "Notification Thread"        daemon [_thread_blocked, id=6696, stack(0x00000030fd900000,0x00000030fda00000) (1024K)]
  0x000001400968d3a0 JavaThread "RMI TCP Accept-0"           daemon [_thread_in_native, id=10128, stack(0x00000030fda00000,0x00000030fdb00000) (1024K)]
  0x0000014009697750 JavaThread "RMI TCP Accept-58364"       daemon [_thread_in_native, id=9732, stack(0x00000030fdb00000,0x00000030fdc00000) (1024K)]
  0x00000140096b0c10 JavaThread "RMI TCP Accept-0"           daemon [_thread_in_native, id=5196, stack(0x00000030fe500000,0x00000030fe600000) (1024K)]
  0x0000014009c65e50 JavaThread "RMI Scheduler(0)"           daemon [_thread_blocked, id=1336, stack(0x00000030fe900000,0x00000030fea00000) (1024K)]
  0x0000014009c65130 JavaThread "RMI TCP Connection(idle)"   daemon [_thread_blocked, id=19916, stack(0x00000030fea00000,0x00000030feb00000) (1024K)]
  0x0000014009c657c0 JavaThread "JMX server connection timeout 43" daemon [_thread_blocked, id=18968, stack(0x00000030feb00000,0x00000030fec00000) (1024K)]
  0x0000014009c64aa0 JavaThread "mysql-cj-abandoned-connection-cleanup" daemon [_thread_blocked, id=14396, stack(0x00000030ff100000,0x00000030ff200000) (1024K)]
  0x000001400b24e170 JavaThread "Live Reload Server"         daemon [_thread_in_native, id=9600, stack(0x00000030ff700000,0x00000030ff800000) (1024K)]
  0x000001400a92ab80 JavaThread "DestroyJavaVM"                     [_thread_blocked, id=11220, stack(0x00000030fc300000,0x00000030fc400000) (1024K)]
  0x000001400b24ba10 JavaThread "Thread-39"                         [_thread_blocked, id=24248, stack(0x0000003080000000,0x0000003080100000) (1024K)]
=>0x000001400b24cdc0 JavaThread "restartedMain"                     [_thread_in_Java, id=11440, stack(0x0000003080200000,0x0000003080300000) (1024K)]
  0x000001400cdd7810 JavaThread "C1 CompilerThread1"         daemon [_thread_blocked, id=24028, stack(0x0000003080300000,0x0000003080400000) (1024K)]
  0x000001400c1cbf20 JavaThread "C1 CompilerThread2"         daemon [_thread_blocked, id=21620, stack(0x0000003080400000,0x0000003080500000) (1024K)]
  0x000001400b24d450 JavaThread "Catalina-utility-1"                [_thread_blocked, id=16552, stack(0x0000003080500000,0x0000003080600000) (1024K)]
  0x000001400b24dae0 JavaThread "Catalina-utility-2"                [_thread_blocked, id=12116, stack(0x0000003080600000,0x0000003080700000) (1024K)]
  0x000001400b24c0a0 JavaThread "container-0"                       [_thread_blocked, id=3816, stack(0x0000003080700000,0x0000003080800000) (1024K)]
  0x000001400b24acf0 JavaThread "HikariPool-11 housekeeper"  daemon [_thread_blocked, id=19952, stack(0x0000003080800000,0x0000003080900000) (1024K)]
  0x000001400b24c730 JavaThread "HikariPool-11 connection adder" daemon [_thread_blocked, id=19040, stack(0x0000003080900000,0x0000003080a00000) (1024K)]
Total: 30

Other Threads:
  0x0000013fc39ad3a0 VMThread "VM Thread"                           [id=23564, stack(0x00000030fca00000,0x00000030fcb00000) (1024K)] _threads_hazard_ptr=0x000001400bcde5a0
  0x0000013fc399c080 WatcherThread "VM Periodic Task Thread"        [id=10168, stack(0x00000030fc900000,0x00000030fca00000) (1024K)]
  0x0000013fb7bb3a90 WorkerThread "GC Thread#0"                     [id=12428, stack(0x00000030fc400000,0x00000030fc500000) (1024K)]
  0x00000140096b6330 WorkerThread "GC Thread#1"                     [id=15100, stack(0x00000030fdc00000,0x00000030fdd00000) (1024K)]
  0x00000140097142b0 WorkerThread "GC Thread#2"                     [id=7828, stack(0x00000030fdd00000,0x00000030fde00000) (1024K)]
  0x0000014009714650 WorkerThread "GC Thread#3"                     [id=22844, stack(0x00000030fde00000,0x00000030fdf00000) (1024K)]
  0x0000014009715200 WorkerThread "GC Thread#4"                     [id=10364, stack(0x00000030fdf00000,0x00000030fe000000) (1024K)]
  0x0000014009715bb0 WorkerThread "GC Thread#5"                     [id=15068, stack(0x00000030fe000000,0x00000030fe100000) (1024K)]
  0x0000014009715f50 WorkerThread "GC Thread#6"                     [id=6588, stack(0x00000030fe100000,0x00000030fe200000) (1024K)]
  0x000001400971e300 WorkerThread "GC Thread#7"                     [id=17560, stack(0x00000030fe200000,0x00000030fe300000) (1024K)]
  0x000001400971e6a0 WorkerThread "GC Thread#8"                     [id=14104, stack(0x00000030fe300000,0x00000030fe400000) (1024K)]
  0x00000140097203f0 WorkerThread "GC Thread#9"                     [id=24448, stack(0x00000030fe400000,0x00000030fe500000) (1024K)]
  0x0000013fb7bc33c0 ConcurrentGCThread "G1 Main Marker"            [id=16808, stack(0x00000030fc500000,0x00000030fc600000) (1024K)]
  0x0000013fb7bc69b0 WorkerThread "G1 Conc#0"                       [id=20840, stack(0x00000030fc600000,0x00000030fc700000) (1024K)]
  0x000001400971f1d0 WorkerThread "G1 Conc#1"                       [id=21192, stack(0x00000030fed00000,0x00000030fee00000) (1024K)]
  0x000001400971f910 WorkerThread "G1 Conc#2"                       [id=7508, stack(0x00000030fee00000,0x00000030fef00000) (1024K)]
  0x0000013fc386b190 ConcurrentGCThread "G1 Refine#0"               [id=21616, stack(0x00000030fc700000,0x00000030fc800000) (1024K)]
  0x0000013fc386b9b0 ConcurrentGCThread "G1 Service"                [id=8892, stack(0x00000030fc800000,0x00000030fc900000) (1024K)]
Total: 18

Threads with active compile tasks:
Total: 0

VM state: synchronizing (normal execution)

VM Mutex/Monitor currently owned by a thread:  ([mutex/lock_event])
[0x00007fff2810e380] Threads_lock - owner thread: 0x0000013fc39ad3a0

Heap address: 0x000000008a600000, size: 1882 MB, Compressed Oops mode: 32-bit

CDS archive(s) mapped at: [0x0000013fc4000000-0x0000013fc4c80000-0x0000013fc4c80000), size 13107200, SharedBaseAddress: 0x0000013fc4000000, ArchiveRelocationMode: 1.
Compressed class space mapped at: 0x0000013fc5000000-0x0000014005000000, reserved size: 1073741824
Narrow klass base: 0x0000013fc4000000, Narrow klass shift: 0, Narrow klass range: 0x100000000

GC Precious Log:
 CardTable entry size: 512
 Card Set container configuration: InlinePtr #cards 5 size 8 Array Of Cards #cards 12 size 40 Howl #buckets 4 coarsen threshold 1843 Howl Bitmap #cards 512 size 80 coarsen threshold 460 Card regions per heap region 1 cards per card region 2048
 CPUs: 12 total, 12 available
 Memory: 7521M
 Large Page Support: Disabled
 NUMA Support: Disabled
 Compressed Oops: Enabled (32-bit)
 Heap Region Size: 1M
 Heap Min Capacity: 8M
 Heap Initial Capacity: 118M
 Heap Max Capacity: 1882M
 Pre-touch: Disabled
 Parallel Workers: 10
 Concurrent Workers: 3
 Concurrent Refinement Workers: 10
 Periodic GC: Disabled

Heap:
 garbage-first heap   total 92160K, used 61710K [0x000000008a600000, 0x0000000100000000)
  region size 1024K, 36 young (36864K), 4 survivors (4096K)
 Metaspace       used 76017K, committed 76608K, reserved 1179648K
  class space    used 9701K, committed 9920K, reserved 1048576K

Heap Regions: E=young(eden), S=young(survivor), O=old, HS=humongous(starts), HC=humongous(continues), CS=collection set, F=free, TAMS=top-at-mark-start, PB=parsable bottom
|   0|0x000000008a600000, 0x000000008a700000, 0x000000008a700000|100%|HS|  |TAMS 0x000000008a600000| PB 0x000000008a600000| Complete 
|   1|0x000000008a700000, 0x000000008a800000, 0x000000008a800000|100%| O|  |TAMS 0x000000008a700000| PB 0x000000008a700000| Untracked 
|   2|0x000000008a800000, 0x000000008a900000, 0x000000008a900000|100%| O|  |TAMS 0x000000008a800000| PB 0x000000008a800000| Untracked 
|   3|0x000000008a900000, 0x000000008a9fffe8, 0x000000008aa00000| 99%| O|  |TAMS 0x000000008a900000| PB 0x000000008a900000| Untracked 
|   4|0x000000008aa00000, 0x000000008aaffff0, 0x000000008ab00000| 99%| O|  |TAMS 0x000000008aa00000| PB 0x000000008aa00000| Untracked 
|   5|0x000000008ab00000, 0x000000008abfffa8, 0x000000008ac00000| 99%| O|  |TAMS 0x000000008ab00000| PB 0x000000008ab00000| Untracked 
|   6|0x000000008ac00000, 0x000000008acffff8, 0x000000008ad00000| 99%| O|  |TAMS 0x000000008ac00000| PB 0x000000008ac00000| Untracked 
|   7|0x000000008ad00000, 0x000000008adffff0, 0x000000008ae00000| 99%| O|  |TAMS 0x000000008ad00000| PB 0x000000008ad00000| Untracked 
|   8|0x000000008ae00000, 0x000000008aeffff8, 0x000000008af00000| 99%| O|  |TAMS 0x000000008ae00000| PB 0x000000008ae00000| Untracked 
|   9|0x000000008af00000, 0x000000008afffff0, 0x000000008b000000| 99%| O|  |TAMS 0x000000008af00000| PB 0x000000008af00000| Untracked 
|  10|0x000000008b000000, 0x000000008b100000, 0x000000008b100000|100%| O|  |TAMS 0x000000008b000000| PB 0x000000008b000000| Untracked 
|  11|0x000000008b100000, 0x000000008b200000, 0x000000008b200000|100%| O|  |TAMS 0x000000008b100000| PB 0x000000008b100000| Untracked 
|  12|0x000000008b200000, 0x000000008b2ffff0, 0x000000008b300000| 99%| O|  |TAMS 0x000000008b200000| PB 0x000000008b200000| Untracked 
|  13|0x000000008b300000, 0x000000008b3fffa0, 0x000000008b400000| 99%| O|  |TAMS 0x000000008b300000| PB 0x000000008b300000| Untracked 
|  14|0x000000008b400000, 0x000000008b4fffe8, 0x000000008b500000| 99%| O|  |TAMS 0x000000008b400000| PB 0x000000008b400000| Untracked 
|  15|0x000000008b500000, 0x000000008b5ff780, 0x000000008b600000| 99%| O|  |TAMS 0x000000008b500000| PB 0x000000008b500000| Untracked 
|  16|0x000000008b600000, 0x000000008b6fffd0, 0x000000008b700000| 99%| O|  |TAMS 0x000000008b600000| PB 0x000000008b600000| Untracked 
|  17|0x000000008b700000, 0x000000008b7fffe8, 0x000000008b800000| 99%| O|  |TAMS 0x000000008b700000| PB 0x000000008b700000| Untracked 
|  18|0x000000008b800000, 0x000000008b8fffb8, 0x000000008b900000| 99%| O|  |TAMS 0x000000008b800000| PB 0x000000008b800000| Untracked 
|  19|0x000000008b900000, 0x000000008b9ffff0, 0x000000008ba00000| 99%| O|  |TAMS 0x000000008b900000| PB 0x000000008b900000| Untracked 
|  20|0x000000008ba00000, 0x000000008baffff8, 0x000000008bb00000| 99%| O|  |TAMS 0x000000008ba00000| PB 0x000000008ba00000| Untracked 
|  21|0x000000008bb00000, 0x000000008bbfffe8, 0x000000008bc00000| 99%| O|  |TAMS 0x000000008bb00000| PB 0x000000008bb00000| Untracked 
|  22|0x000000008bc00000, 0x000000008bcfffe8, 0x000000008bd00000| 99%| O|  |TAMS 0x000000008bc00000| PB 0x000000008bc00000| Untracked 
|  23|0x000000008bd00000, 0x000000008bdf4b90, 0x000000008be00000| 95%| O|  |TAMS 0x000000008bd00000| PB 0x000000008bd00000| Untracked 
|  24|0x000000008be00000, 0x000000008bea6f28, 0x000000008bf00000| 65%| O|  |TAMS 0x000000008be00000| PB 0x000000008be00000| Untracked 
|  25|0x000000008bf00000, 0x000000008bf51748, 0x000000008c000000| 31%| O|  |TAMS 0x000000008bf00000| PB 0x000000008bf00000| Untracked 
|  26|0x000000008c000000, 0x000000008c0379c0, 0x000000008c100000| 21%| O|  |TAMS 0x000000008c000000| PB 0x000000008c000000| Untracked 
|  27|0x000000008c100000, 0x000000008c111f10, 0x000000008c200000|  7%| O|Cm|TAMS 0x000000008c100000| PB 0x000000008c100000| Complete 
|  28|0x000000008c200000, 0x000000008c2523a8, 0x000000008c300000| 32%| O|  |TAMS 0x000000008c200000| PB 0x000000008c200000| Untracked 
|  29|0x000000008c300000, 0x000000008c300000, 0x000000008c400000|  0%| F|  |TAMS 0x000000008c300000| PB 0x000000008c300000| Untracked 
|  30|0x000000008c400000, 0x000000008c400000, 0x000000008c500000|  0%| F|  |TAMS 0x000000008c400000| PB 0x000000008c400000| Untracked 
|  31|0x000000008c500000, 0x000000008c500000, 0x000000008c600000|  0%| F|  |TAMS 0x000000008c500000| PB 0x000000008c500000| Untracked 
|  32|0x000000008c600000, 0x000000008c600000, 0x000000008c700000|  0%| F|  |TAMS 0x000000008c600000| PB 0x000000008c600000| Untracked 
|  33|0x000000008c700000, 0x000000008c700000, 0x000000008c800000|  0%| F|  |TAMS 0x000000008c700000| PB 0x000000008c700000| Untracked 
|  34|0x000000008c800000, 0x000000008c800000, 0x000000008c900000|  0%| F|  |TAMS 0x000000008c800000| PB 0x000000008c800000| Untracked 
|  35|0x000000008c900000, 0x000000008c9bb738, 0x000000008ca00000| 73%| S|CS|TAMS 0x000000008c900000| PB 0x000000008c900000| Complete 
|  36|0x000000008ca00000, 0x000000008cb00000, 0x000000008cb00000|100%| S|CS|TAMS 0x000000008ca00000| PB 0x000000008ca00000| Complete 
|  37|0x000000008cb00000, 0x000000008cc00000, 0x000000008cc00000|100%| S|CS|TAMS 0x000000008cb00000| PB 0x000000008cb00000| Complete 
|  38|0x000000008cc00000, 0x000000008cd00000, 0x000000008cd00000|100%| S|CS|TAMS 0x000000008cc00000| PB 0x000000008cc00000| Complete 
|  39|0x000000008cd00000, 0x000000008cd00000, 0x000000008ce00000|  0%| F|  |TAMS 0x000000008cd00000| PB 0x000000008cd00000| Untracked 
|  40|0x000000008ce00000, 0x000000008ce00000, 0x000000008cf00000|  0%| F|  |TAMS 0x000000008ce00000| PB 0x000000008ce00000| Untracked 
|  41|0x000000008cf00000, 0x000000008cf00000, 0x000000008d000000|  0%| F|  |TAMS 0x000000008cf00000| PB 0x000000008cf00000| Untracked 
|  42|0x000000008d000000, 0x000000008d000000, 0x000000008d100000|  0%| F|  |TAMS 0x000000008d000000| PB 0x000000008d000000| Untracked 
|  43|0x000000008d100000, 0x000000008d100000, 0x000000008d200000|  0%| F|  |TAMS 0x000000008d100000| PB 0x000000008d100000| Untracked 
|  44|0x000000008d200000, 0x000000008d200000, 0x000000008d300000|  0%| F|  |TAMS 0x000000008d200000| PB 0x000000008d200000| Untracked 
|  45|0x000000008d300000, 0x000000008d300000, 0x000000008d400000|  0%| F|  |TAMS 0x000000008d300000| PB 0x000000008d300000| Untracked 
|  46|0x000000008d400000, 0x000000008d400000, 0x000000008d500000|  0%| F|  |TAMS 0x000000008d400000| PB 0x000000008d400000| Untracked 
|  47|0x000000008d500000, 0x000000008d500000, 0x000000008d600000|  0%| F|  |TAMS 0x000000008d500000| PB 0x000000008d500000| Untracked 
|  48|0x000000008d600000, 0x000000008d600000, 0x000000008d700000|  0%| F|  |TAMS 0x000000008d600000| PB 0x000000008d600000| Untracked 
|  49|0x000000008d700000, 0x000000008d700000, 0x000000008d800000|  0%| F|  |TAMS 0x000000008d700000| PB 0x000000008d700000| Untracked 
|  50|0x000000008d800000, 0x000000008d800000, 0x000000008d900000|  0%| F|  |TAMS 0x000000008d800000| PB 0x000000008d800000| Untracked 
|  51|0x000000008d900000, 0x000000008d900000, 0x000000008da00000|  0%| F|  |TAMS 0x000000008d900000| PB 0x000000008d900000| Untracked 
|  52|0x000000008da00000, 0x000000008da00000, 0x000000008db00000|  0%| F|  |TAMS 0x000000008da00000| PB 0x000000008da00000| Untracked 
|  53|0x000000008db00000, 0x000000008db00000, 0x000000008dc00000|  0%| F|  |TAMS 0x000000008db00000| PB 0x000000008db00000| Untracked 
|  54|0x000000008dc00000, 0x000000008dc00000, 0x000000008dd00000|  0%| F|  |TAMS 0x000000008dc00000| PB 0x000000008dc00000| Untracked 
|  55|0x000000008dd00000, 0x000000008dd00000, 0x000000008de00000|  0%| F|  |TAMS 0x000000008dd00000| PB 0x000000008dd00000| Untracked 
|  56|0x000000008de00000, 0x000000008de00000, 0x000000008df00000|  0%| F|  |TAMS 0x000000008de00000| PB 0x000000008de00000| Untracked 
|  57|0x000000008df00000, 0x000000008df00000, 0x000000008e000000|  0%| F|  |TAMS 0x000000008df00000| PB 0x000000008df00000| Untracked 
|  58|0x000000008e000000, 0x000000008e100000, 0x000000008e100000|100%| E|  |TAMS 0x000000008e000000| PB 0x000000008e000000| Complete 
|  59|0x000000008e100000, 0x000000008e200000, 0x000000008e200000|100%| E|CS|TAMS 0x000000008e100000| PB 0x000000008e100000| Complete 
|  60|0x000000008e200000, 0x000000008e300000, 0x000000008e300000|100%| E|CS|TAMS 0x000000008e200000| PB 0x000000008e200000| Complete 
|  61|0x000000008e300000, 0x000000008e400000, 0x000000008e400000|100%| E|CS|TAMS 0x000000008e300000| PB 0x000000008e300000| Complete 
|  62|0x000000008e400000, 0x000000008e500000, 0x000000008e500000|100%| E|CS|TAMS 0x000000008e400000| PB 0x000000008e400000| Complete 
|  63|0x000000008e500000, 0x000000008e600000, 0x000000008e600000|100%| E|CS|TAMS 0x000000008e500000| PB 0x000000008e500000| Complete 
|  64|0x000000008e600000, 0x000000008e700000, 0x000000008e700000|100%| E|CS|TAMS 0x000000008e600000| PB 0x000000008e600000| Complete 
|  65|0x000000008e700000, 0x000000008e800000, 0x000000008e800000|100%| E|CS|TAMS 0x000000008e700000| PB 0x000000008e700000| Complete 
|  66|0x000000008e800000, 0x000000008e900000, 0x000000008e900000|100%| E|CS|TAMS 0x000000008e800000| PB 0x000000008e800000| Complete 
|  67|0x000000008e900000, 0x000000008ea00000, 0x000000008ea00000|100%| E|CS|TAMS 0x000000008e900000| PB 0x000000008e900000| Complete 
|  68|0x000000008ea00000, 0x000000008eb00000, 0x000000008eb00000|100%| E|CS|TAMS 0x000000008ea00000| PB 0x000000008ea00000| Complete 
|  69|0x000000008eb00000, 0x000000008ec00000, 0x000000008ec00000|100%| E|CS|TAMS 0x000000008eb00000| PB 0x000000008eb00000| Complete 
|  70|0x000000008ec00000, 0x000000008ed00000, 0x000000008ed00000|100%| E|CS|TAMS 0x000000008ec00000| PB 0x000000008ec00000| Complete 
|  71|0x000000008ed00000, 0x000000008ee00000, 0x000000008ee00000|100%| E|CS|TAMS 0x000000008ed00000| PB 0x000000008ed00000| Complete 
|  72|0x000000008ee00000, 0x000000008ef00000, 0x000000008ef00000|100%| E|CS|TAMS 0x000000008ee00000| PB 0x000000008ee00000| Complete 
|  73|0x000000008ef00000, 0x000000008f000000, 0x000000008f000000|100%| E|CS|TAMS 0x000000008ef00000| PB 0x000000008ef00000| Complete 
|  74|0x000000008f000000, 0x000000008f100000, 0x000000008f100000|100%| E|CS|TAMS 0x000000008f000000| PB 0x000000008f000000| Complete 
|  75|0x000000008f100000, 0x000000008f200000, 0x000000008f200000|100%| E|CS|TAMS 0x000000008f100000| PB 0x000000008f100000| Complete 
|  76|0x000000008f200000, 0x000000008f300000, 0x000000008f300000|100%| E|CS|TAMS 0x000000008f200000| PB 0x000000008f200000| Complete 
|  77|0x000000008f300000, 0x000000008f400000, 0x000000008f400000|100%| E|CS|TAMS 0x000000008f300000| PB 0x000000008f300000| Complete 
|  78|0x000000008f400000, 0x000000008f500000, 0x000000008f500000|100%| E|CS|TAMS 0x000000008f400000| PB 0x000000008f400000| Complete 
|  79|0x000000008f500000, 0x000000008f600000, 0x000000008f600000|100%| E|CS|TAMS 0x000000008f500000| PB 0x000000008f500000| Complete 
|  80|0x000000008f600000, 0x000000008f700000, 0x000000008f700000|100%| E|CS|TAMS 0x000000008f600000| PB 0x000000008f600000| Complete 
|  81|0x000000008f700000, 0x000000008f800000, 0x000000008f800000|100%| E|CS|TAMS 0x000000008f700000| PB 0x000000008f700000| Complete 
|  82|0x000000008f800000, 0x000000008f900000, 0x000000008f900000|100%| E|CS|TAMS 0x000000008f800000| PB 0x000000008f800000| Complete 
|  83|0x000000008f900000, 0x000000008fa00000, 0x000000008fa00000|100%| E|CS|TAMS 0x000000008f900000| PB 0x000000008f900000| Complete 
|  84|0x000000008fa00000, 0x000000008fb00000, 0x000000008fb00000|100%| E|CS|TAMS 0x000000008fa00000| PB 0x000000008fa00000| Complete 
|  85|0x000000008fb00000, 0x000000008fc00000, 0x000000008fc00000|100%| E|CS|TAMS 0x000000008fb00000| PB 0x000000008fb00000| Complete 
|  86|0x000000008fc00000, 0x000000008fd00000, 0x000000008fd00000|100%| E|CS|TAMS 0x000000008fc00000| PB 0x000000008fc00000| Complete 
|  87|0x000000008fd00000, 0x000000008fe00000, 0x000000008fe00000|100%| E|CS|TAMS 0x000000008fd00000| PB 0x000000008fd00000| Complete 
|  90|0x0000000090000000, 0x0000000090100000, 0x0000000090100000|100%| E|CS|TAMS 0x0000000090000000| PB 0x0000000090000000| Complete 
|  91|0x0000000090100000, 0x0000000090200000, 0x0000000090200000|100%| E|CS|TAMS 0x0000000090100000| PB 0x0000000090100000| Complete 

Card table byte_map: [0x0000013fbebc0000,0x0000013fbef70000] _byte_map_base: 0x0000013fbe76d000

Marking Bits: (CMBitMap*) 0x0000013fb7bb3fa0
 Bits: [0x0000013fbef70000, 0x0000013fc0cd8000)

Polling page: 0x0000013fb71c0000

Metaspace:

Usage:
  Non-class:     64.76 MB used.
      Class:      9.47 MB used.
       Both:     74.24 MB used.

Virtual space:
  Non-class space:      128.00 MB reserved,      65.12 MB ( 51%) committed,  2 nodes.
      Class space:        1.00 GB reserved,       9.69 MB ( <1%) committed,  1 nodes.
             Both:        1.12 GB reserved,      74.81 MB (  6%) committed. 

Chunk freelists:
   Non-Class:  14.80 MB
       Class:  6.25 MB
        Both:  21.05 MB

MaxMetaspaceSize: unlimited
CompressedClassSpaceSize: 1.00 GB
Initial GC threshold: 21.00 MB
Current GC threshold: 124.31 MB
CDS: on
 - commit_granule_bytes: 65536.
 - commit_granule_words: 8192.
 - virtual_space_node_default_size: 8388608.
 - enlarge_chunks_in_place: 1.
 - use_allocation_guard: 0.


Internal statistics:

num_allocs_failed_limit: 6.
num_arena_births: 1142.
num_arena_deaths: 542.
num_vsnodes_births: 3.
num_vsnodes_deaths: 0.
num_space_committed: 1203.
num_space_uncommitted: 4.
num_chunks_returned_to_freelist: 696.
num_chunks_taken_from_freelist: 4099.
num_chunk_merges: 134.
num_chunk_splits: 2652.
num_chunks_enlarged: 2118.
num_inconsistent_stats: 0.

CodeCache: size=49152Kb used=20508Kb max_used=20767Kb free=28643Kb
 bounds [0x0000013fbb4e0000, 0x0000013fbc930000, 0x0000013fbe4e0000]
 total_blobs=9614 nmethods=8866 adapters=669
 compilation: enabled
              stopped_count=0, restarted_count=0
 full_count=0

Compilation events (20 events):
Event: 3563.036 Thread 0x000001400c1cbf20 14797   !   1       java.util.ArrayList$ListItr::set (45 bytes)
Event: 3563.036 Thread 0x000001400c1cbf20 nmethod 14797 0x0000013fbc895490 code [0x0000013fbc8956a0, 0x0000013fbc895b18]
Event: 3563.037 Thread 0x000001400c1cbf20 14798       1       sun.security.ec.point.ProjectivePoint::asAffine (38 bytes)
Event: 3563.038 Thread 0x000001400c1cbf20 nmethod 14798 0x0000013fbc894c10 code [0x0000013fbc894e00, 0x0000013fbc8951e0]
Event: 3563.045 Thread 0x000001400c1cbf20 14799       1       java.security.SignatureSpi::<init> (10 bytes)
Event: 3563.045 Thread 0x000001400c1cbf20 nmethod 14799 0x0000013fbc894910 code [0x0000013fbc894aa0, 0x0000013fbc894b90]
Event: 3563.048 Thread 0x000001400cdd7810 14800       1       org.springframework.aop.support.DefaultPointcutAdvisor::<init> (9 bytes)
Event: 3563.048 Thread 0x0000013fc39e2570 14801       1       org.springframework.aop.support.DefaultPointcutAdvisor::<init> (22 bytes)
Event: 3563.048 Thread 0x000001400c1cbf20 14802       1       org.springframework.aop.support.AbstractGenericPointcutAdvisor::<init> (12 bytes)
Event: 3563.049 Thread 0x0000013fc39e2570 nmethod 14801 0x0000013fbc894410 code [0x0000013fbc8945c0, 0x0000013fbc894818]
Event: 3563.049 Thread 0x000001400c1cbf20 nmethod 14802 0x0000013fbc894090 code [0x0000013fbc894220, 0x0000013fbc894348]
Event: 3563.049 Thread 0x000001400cdd7810 nmethod 14800 0x0000013fbc893b90 code [0x0000013fbc893d40, 0x0000013fbc893fb0]
Event: 3563.049 Thread 0x0000013fc39e2570 14803       1       org.springframework.aop.framework.AdvisedSupport::addAdvice (17 bytes)
Event: 3563.049 Thread 0x000001400cdd7810 14804       1       org.springframework.aop.framework.AdvisedSupport::addAdvice (64 bytes)
Event: 3563.049 Thread 0x0000013fc39e2570 nmethod 14803 0x0000013fbc893810 code [0x0000013fbc8939c0, 0x0000013fbc893af0]
Event: 3563.049 Thread 0x000001400cdd7810 nmethod 14804 0x0000013fbc892b90 code [0x0000013fbc892de0, 0x0000013fbc893560]
Event: 3563.049 Thread 0x000001400cdd7810 14805       1       sun.security.ssl.SSLConfiguration::getEnabledExtensions (131 bytes)
Event: 3563.050 Thread 0x000001400c1cbf20 14806       1       org.springframework.data.repository.query.parser.Part::shouldIgnoreCase (5 bytes)
Event: 3563.050 Thread 0x000001400c1cbf20 nmethod 14806 0x0000013fbc892890 code [0x0000013fbc892a20, 0x0000013fbc892ae8]
Event: 3563.050 Thread 0x000001400cdd7810 nmethod 14805 0x0000013fbc891a90 code [0x0000013fbc891ce0, 0x0000013fbc8923e8]

GC Heap History (20 events):
Event: 3456.376 GC heap before
{Heap before GC invocations=58 (full 6):
 garbage-first heap   total 79872K, used 65885K [0x000000008a600000, 0x0000000100000000)
  region size 1024K, 40 young (40960K), 4 survivors (4096K)
 Metaspace       used 72969K, committed 73536K, reserved 1114112K
  class space    used 9422K, committed 9664K, reserved 1048576K
}
Event: 3456.402 GC heap after
{Heap after GC invocations=59 (full 6):
 garbage-first heap   total 96256K, used 31428K [0x000000008a600000, 0x0000000100000000)
  region size 1024K, 3 young (3072K), 3 survivors (3072K)
 Metaspace       used 72969K, committed 73536K, reserved 1114112K
  class space    used 9422K, committed 9664K, reserved 1048576K
}
Event: 3501.830 GC heap before
{Heap before GC invocations=59 (full 6):
 garbage-first heap   total 96256K, used 57028K [0x000000008a600000, 0x0000000100000000)
  region size 1024K, 30 young (30720K), 3 survivors (3072K)
 Metaspace       used 73043K, committed 73600K, reserved 1114112K
  class space    used 9427K, committed 9664K, reserved 1048576K
}
Event: 3501.920 GC heap after
{Heap after GC invocations=60 (full 7):
 garbage-first heap   total 96256K, used 25467K [0x000000008a600000, 0x0000000100000000)
  region size 1024K, 0 young (0K), 0 survivors (0K)
 Metaspace       used 73038K, committed 73600K, reserved 1114112K
  class space    used 9427K, committed 9664K, reserved 1048576K
}
Event: 3503.484 GC heap before
{Heap before GC invocations=60 (full 7):
 garbage-first heap   total 96256K, used 79739K [0x000000008a600000, 0x0000000100000000)
  region size 1024K, 54 young (55296K), 0 survivors (0K)
 Metaspace       used 73255K, committed 73856K, reserved 1114112K
  class space    used 9458K, committed 9728K, reserved 1048576K
}
Event: 3503.489 GC heap after
{Heap after GC invocations=61 (full 7):
 garbage-first heap   total 96256K, used 29213K [0x000000008a600000, 0x0000000100000000)
  region size 1024K, 4 young (4096K), 4 survivors (4096K)
 Metaspace       used 73255K, committed 73856K, reserved 1114112K
  class space    used 9458K, committed 9728K, reserved 1048576K
}
Event: 3504.537 GC heap before
{Heap before GC invocations=62 (full 7):
 garbage-first heap   total 96256K, used 81437K [0x000000008a600000, 0x0000000100000000)
  region size 1024K, 55 young (56320K), 4 survivors (4096K)
 Metaspace       used 74642K, committed 75200K, reserved 1114112K
  class space    used 9577K, committed 9792K, reserved 1048576K
}
Event: 3504.541 GC heap after
{Heap after GC invocations=63 (full 7):
 garbage-first heap   total 96256K, used 31285K [0x000000008a600000, 0x0000000100000000)
  region size 1024K, 6 young (6144K), 6 survivors (6144K)
 Metaspace       used 74642K, committed 75200K, reserved 1114112K
  class space    used 9577K, committed 9792K, reserved 1048576K
}
Event: 3505.383 GC heap before
{Heap before GC invocations=63 (full 7):
 garbage-first heap   total 96256K, used 32309K [0x000000008a600000, 0x0000000100000000)
  region size 1024K, 8 young (8192K), 6 survivors (6144K)
 Metaspace       used 74644K, committed 75200K, reserved 1114112K
  class space    used 9578K, committed 9792K, reserved 1048576K
}
Event: 3505.416 GC heap after
{Heap after GC invocations=64 (full 8):
 garbage-first heap   total 96256K, used 25754K [0x000000008a600000, 0x0000000100000000)
  region size 1024K, 0 young (0K), 0 survivors (0K)
 Metaspace       used 74642K, committed 75200K, reserved 1114112K
  class space    used 9577K, committed 9792K, reserved 1048576K
}
Event: 3505.806 GC heap before
{Heap before GC invocations=64 (full 8):
 garbage-first heap   total 96256K, used 81050K [0x000000008a600000, 0x0000000100000000)
  region size 1024K, 55 young (56320K), 0 survivors (0K)
 Metaspace       used 74851K, committed 75456K, reserved 1179648K
  class space    used 9605K, committed 9856K, reserved 1048576K
}
Event: 3505.809 GC heap after
{Heap after GC invocations=65 (full 8):
 garbage-first heap   total 96256K, used 29570K [0x000000008a600000, 0x0000000100000000)
  region size 1024K, 4 young (4096K), 4 survivors (4096K)
 Metaspace       used 74851K, committed 75456K, reserved 1179648K
  class space    used 9605K, committed 9856K, reserved 1048576K
}
Event: 3535.961 GC heap before
{Heap before GC invocations=66 (full 8):
 garbage-first heap   total 96256K, used 77698K [0x000000008a600000, 0x0000000100000000)
  region size 1024K, 52 young (53248K), 4 survivors (4096K)
 Metaspace       used 75111K, committed 75712K, reserved 1179648K
  class space    used 9620K, committed 9856K, reserved 1048576K
}
Event: 3535.993 GC heap after
{Heap after GC invocations=67 (full 9):
 garbage-first heap   total 92160K, used 26085K [0x000000008a600000, 0x0000000100000000)
  region size 1024K, 0 young (0K), 0 survivors (0K)
 Metaspace       used 75109K, committed 75712K, reserved 1179648K
  class space    used 9619K, committed 9856K, reserved 1048576K
}
Event: 3536.374 GC heap before
{Heap before GC invocations=67 (full 9):
 garbage-first heap   total 92160K, used 79333K [0x000000008a600000, 0x0000000100000000)
  region size 1024K, 53 young (54272K), 0 survivors (0K)
 Metaspace       used 75308K, committed 75840K, reserved 1179648K
  class space    used 9645K, committed 9856K, reserved 1048576K
}
Event: 3536.377 GC heap after
{Heap after GC invocations=68 (full 9):
 garbage-first heap   total 92160K, used 29821K [0x000000008a600000, 0x0000000100000000)
  region size 1024K, 4 young (4096K), 4 survivors (4096K)
 Metaspace       used 75308K, committed 75840K, reserved 1179648K
  class space    used 9645K, committed 9856K, reserved 1048576K
}
Event: 3562.486 GC heap before
{Heap before GC invocations=69 (full 9):
 garbage-first heap   total 92160K, used 79997K [0x000000008a600000, 0x0000000100000000)
  region size 1024K, 54 young (55296K), 4 survivors (4096K)
 Metaspace       used 75564K, committed 76160K, reserved 1179648K
  class space    used 9658K, committed 9920K, reserved 1048576K
}
Event: 3562.517 GC heap after
{Heap after GC invocations=70 (full 10):
 garbage-first heap   total 92160K, used 26144K [0x000000008a600000, 0x0000000100000000)
  region size 1024K, 0 young (0K), 0 survivors (0K)
 Metaspace       used 75561K, committed 76160K, reserved 1179648K
  class space    used 9657K, committed 9920K, reserved 1048576K
}
Event: 3562.895 GC heap before
{Heap before GC invocations=70 (full 10):
 garbage-first heap   total 92160K, used 78368K [0x000000008a600000, 0x0000000100000000)
  region size 1024K, 51 young (52224K), 0 survivors (0K)
 Metaspace       used 75755K, committed 76352K, reserved 1179648K
  class space    used 9686K, committed 9920K, reserved 1048576K
}
Event: 3562.898 GC heap after
{Heap after GC invocations=71 (full 10):
 garbage-first heap   total 92160K, used 29966K [0x000000008a600000, 0x0000000100000000)
  region size 1024K, 4 young (4096K), 4 survivors (4096K)
 Metaspace       used 75755K, committed 76352K, reserved 1179648K
  class space    used 9686K, committed 9920K, reserved 1048576K
}

Dll operation events (12 events):
Event: 0.195 Loaded shared library Q:\Project\eclipse\plugins\org.eclipse.justj.openjdk.hotspot.jre.full.win32.x86_64_21.0.6.v20250130-0529\jre\bin\java.dll
Event: 0.257 Loaded shared library Q:\Project\eclipse\plugins\org.eclipse.justj.openjdk.hotspot.jre.full.win32.x86_64_21.0.6.v20250130-0529\jre\bin\zip.dll
Event: 0.418 Loaded shared library Q:\Project\eclipse\plugins\org.eclipse.justj.openjdk.hotspot.jre.full.win32.x86_64_21.0.6.v20250130-0529\jre\bin\instrument.dll
Event: 0.468 Loaded shared library Q:\Project\eclipse\plugins\org.eclipse.justj.openjdk.hotspot.jre.full.win32.x86_64_21.0.6.v20250130-0529\jre\bin\net.dll
Event: 0.500 Loaded shared library Q:\Project\eclipse\plugins\org.eclipse.justj.openjdk.hotspot.jre.full.win32.x86_64_21.0.6.v20250130-0529\jre\bin\nio.dll
Event: 0.503 Loaded shared library Q:\Project\eclipse\plugins\org.eclipse.justj.openjdk.hotspot.jre.full.win32.x86_64_21.0.6.v20250130-0529\jre\bin\zip.dll
Event: 0.658 Loaded shared library Q:\Project\eclipse\plugins\org.eclipse.justj.openjdk.hotspot.jre.full.win32.x86_64_21.0.6.v20250130-0529\jre\bin\jimage.dll
Event: 0.752 Loaded shared library Q:\Project\eclipse\plugins\org.eclipse.justj.openjdk.hotspot.jre.full.win32.x86_64_21.0.6.v20250130-0529\jre\bin\management.dll
Event: 0.789 Loaded shared library Q:\Project\eclipse\plugins\org.eclipse.justj.openjdk.hotspot.jre.full.win32.x86_64_21.0.6.v20250130-0529\jre\bin\management_ext.dll
Event: 1.131 Loaded shared library Q:\Project\eclipse\plugins\org.eclipse.justj.openjdk.hotspot.jre.full.win32.x86_64_21.0.6.v20250130-0529\jre\bin\extnet.dll
Event: 1.183 Loaded shared library Q:\Project\eclipse\plugins\org.eclipse.justj.openjdk.hotspot.jre.full.win32.x86_64_21.0.6.v20250130-0529\jre\bin\verify.dll
Event: 3.090 Loaded shared library Q:\Project\eclipse\plugins\org.eclipse.justj.openjdk.hotspot.jre.full.win32.x86_64_21.0.6.v20250130-0529\jre\bin\sunmscapi.dll

Deoptimization events (20 events):
Event: 3563.039 Thread 0x000001400b24cdc0 DEOPT PACKING pc=0x0000013fbbc81714 sp=0x00000030802fd150
Event: 3563.039 Thread 0x000001400b24cdc0 DEOPT UNPACKING pc=0x0000013fbb534e42 sp=0x00000030802fc710 mode 1
Event: 3563.041 Thread 0x000001400b24cdc0 DEOPT PACKING pc=0x0000013fbc576e04 sp=0x00000030802faf30
Event: 3563.041 Thread 0x000001400b24cdc0 DEOPT UNPACKING pc=0x0000013fbb534e42 sp=0x00000030802fa578 mode 1
Event: 3563.041 Thread 0x000001400b24cdc0 DEOPT PACKING pc=0x0000013fbc5a5914 sp=0x00000030802fb1d0
Event: 3563.041 Thread 0x000001400b24cdc0 DEOPT UNPACKING pc=0x0000013fbb534e42 sp=0x00000030802faa58 mode 1
Event: 3563.041 Thread 0x000001400b24cdc0 DEOPT PACKING pc=0x0000013fbc576e04 sp=0x00000030802fb280
Event: 3563.041 Thread 0x000001400b24cdc0 DEOPT UNPACKING pc=0x0000013fbb534e42 sp=0x00000030802fa918 mode 1
Event: 3563.041 Thread 0x000001400b24cdc0 DEOPT PACKING pc=0x0000013fbc576e04 sp=0x00000030802fb280
Event: 3563.041 Thread 0x000001400b24cdc0 DEOPT UNPACKING pc=0x0000013fbb534e42 sp=0x00000030802fa918 mode 1
Event: 3563.041 Thread 0x000001400b24cdc0 DEOPT PACKING pc=0x0000013fbc576e04 sp=0x00000030802fb280
Event: 3563.041 Thread 0x000001400b24cdc0 DEOPT UNPACKING pc=0x0000013fbb534e42 sp=0x00000030802fa918 mode 1
Event: 3563.049 Thread 0x000001400b24cdc0 DEOPT PACKING pc=0x0000013fbc72edcc sp=0x00000030802fb030
Event: 3563.049 Thread 0x000001400b24cdc0 DEOPT UNPACKING pc=0x0000013fbb534e42 sp=0x00000030802fa4d8 mode 1
Event: 3563.049 Thread 0x000001400b24cdc0 DEOPT PACKING pc=0x0000013fbbedbb34 sp=0x00000030802fb0b0
Event: 3563.049 Thread 0x000001400b24cdc0 DEOPT UNPACKING pc=0x0000013fbb534e42 sp=0x00000030802fa5b0 mode 1
Event: 3563.049 Thread 0x000001400b24cdc0 DEOPT PACKING pc=0x0000013fbc72d42c sp=0x00000030802fb250
Event: 3563.049 Thread 0x000001400b24cdc0 DEOPT UNPACKING pc=0x0000013fbb534e42 sp=0x00000030802fa720 mode 1
Event: 3567.536 Thread 0x000001400b24cdc0 DEOPT PACKING pc=0x0000013fbb90eeb4 sp=0x00000030802fde90
Event: 3567.536 Thread 0x000001400b24cdc0 DEOPT UNPACKING pc=0x0000013fbb534e42 sp=0x00000030802fd348 mode 0

Classes loaded (20 events):
Event: 3562.981 Loading class java/lang/ObjectCustomizer
Event: 3562.981 Loading class java/lang/ObjectCustomizer done
Event: 3562.981 Loading class java/lang/ObjectCustomizer
Event: 3562.981 Loading class java/lang/ObjectCustomizer done
Event: 3562.988 Loading class java/lang/ObjectCustomizer
Event: 3562.988 Loading class java/lang/ObjectCustomizer done
Event: 3562.988 Loading class java/lang/ObjectCustomizer
Event: 3562.988 Loading class java/lang/ObjectCustomizer done
Event: 3563.005 Loading class java/lang/ObjectCustomizer
Event: 3563.005 Loading class java/lang/ObjectCustomizer done
Event: 3563.005 Loading class java/lang/ObjectCustomizer
Event: 3563.005 Loading class java/lang/ObjectCustomizer done
Event: 3563.007 Loading class java/lang/ObjectCustomizer
Event: 3563.007 Loading class java/lang/ObjectCustomizer done
Event: 3563.007 Loading class java/lang/ObjectCustomizer
Event: 3563.007 Loading class java/lang/ObjectCustomizer done
Event: 3563.009 Loading class java/lang/ObjectCustomizer
Event: 3563.009 Loading class java/lang/ObjectCustomizer done
Event: 3563.009 Loading class java/lang/ObjectCustomizer
Event: 3563.009 Loading class java/lang/ObjectCustomizer done

Classes unloaded (20 events):
Event: 3456.075 Thread 0x0000013fc39ad3a0 Unloading class 0x0000013fc536a800 'java/lang/invoke/LambdaForm$MH+0x0000013fc536a800'
Event: 3456.075 Thread 0x0000013fc39ad3a0 Unloading class 0x0000013fc53d0000 'java/lang/invoke/LambdaForm$BMH+0x0000013fc53d0000'
Event: 3456.075 Thread 0x0000013fc39ad3a0 Unloading class 0x0000013fc5918400 'java/lang/invoke/LambdaForm$MH+0x0000013fc5918400'
Event: 3456.075 Thread 0x0000013fc39ad3a0 Unloading class 0x0000013fc5918800 'java/lang/invoke/LambdaForm$MH+0x0000013fc5918800'
Event: 3456.075 Thread 0x0000013fc39ad3a0 Unloading class 0x0000013fc5919800 'java/lang/invoke/LambdaForm$MH+0x0000013fc5919800'
Event: 3456.075 Thread 0x0000013fc39ad3a0 Unloading class 0x0000013fc57e4000 'java/lang/invoke/LambdaForm$MH+0x0000013fc57e4000'
Event: 3501.852 Thread 0x0000013fc39ad3a0 Unloading class 0x0000013fc5388c00 'org/apache/catalina/loader/JdbcLeakPrevention'
Event: 3501.852 Thread 0x0000013fc39ad3a0 Unloading class 0x0000013fc540a000 'java/lang/invoke/LambdaForm$MH+0x0000013fc540a000'
Event: 3505.391 Thread 0x0000013fc39ad3a0 Unloading class 0x0000013fc5962800 'org/apache/catalina/loader/JdbcLeakPrevention'
Event: 3535.968 Thread 0x0000013fc39ad3a0 Unloading class 0x0000013fc599c000 'org/apache/catalina/loader/JdbcLeakPrevention'
Event: 3536.390 Thread 0x0000013fc39ad3a0 Unloading class 0x0000013fc536a800 'java/lang/invoke/LambdaForm$MH+0x0000013fc536a800'
Event: 3536.390 Thread 0x0000013fc39ad3a0 Unloading class 0x0000013fc5407c00 'java/lang/invoke/LambdaForm$MH+0x0000013fc5407c00'
Event: 3536.390 Thread 0x0000013fc39ad3a0 Unloading class 0x0000013fc57e5800 'java/lang/invoke/LambdaForm$MH+0x0000013fc57e5800'
Event: 3536.390 Thread 0x0000013fc39ad3a0 Unloading class 0x0000013fc5958400 'java/lang/invoke/LambdaForm$MH+0x0000013fc5958400'
Event: 3536.390 Thread 0x0000013fc39ad3a0 Unloading class 0x0000013fc5958800 'java/lang/invoke/LambdaForm$MH+0x0000013fc5958800'
Event: 3536.390 Thread 0x0000013fc39ad3a0 Unloading class 0x0000013fc595e400 'java/lang/invoke/LambdaForm$MH+0x0000013fc595e400'
Event: 3536.390 Thread 0x0000013fc39ad3a0 Unloading class 0x0000013fc5960800 'java/lang/invoke/LambdaForm$MH+0x0000013fc5960800'
Event: 3536.390 Thread 0x0000013fc39ad3a0 Unloading class 0x0000013fc5961400 'java/lang/invoke/LambdaForm$MH+0x0000013fc5961400'
Event: 3536.390 Thread 0x0000013fc39ad3a0 Unloading class 0x0000013fc5963c00 'java/lang/invoke/LambdaForm$MH+0x0000013fc5963c00'
Event: 3562.494 Thread 0x0000013fc39ad3a0 Unloading class 0x0000013fc59a0800 'org/apache/catalina/loader/JdbcLeakPrevention'

Classes redefined (20 events):
Event: 3503.798 Thread 0x0000013fc39ad3a0 redefined class name=com.nt.dao.BlogRepository, count=1
Event: 3503.798 Thread 0x0000013fc39ad3a0 redefined class name=com.nt.dao.CategoryRepository, count=1
Event: 3503.798 Thread 0x0000013fc39ad3a0 redefined class name=com.nt.dao.CategoryRepository, count=1
Event: 3503.798 Thread 0x0000013fc39ad3a0 redefined class name=com.nt.dao.ProductsRepository, count=1
Event: 3503.798 Thread 0x0000013fc39ad3a0 redefined class name=com.nt.dao.ProductsRepository, count=1
Event: 3503.798 Thread 0x0000013fc39ad3a0 redefined class name=com.nt.dao.ProductsRepository, count=1
Event: 3503.798 Thread 0x0000013fc39ad3a0 redefined class name=com.nt.dao.UsersRepository, count=1
Event: 3503.798 Thread 0x0000013fc39ad3a0 redefined class name=com.nt.dao.UsersRepository, count=1
Event: 3503.798 Thread 0x0000013fc39ad3a0 redefined class name=com.nt.entity.Blog, count=1
Event: 3503.798 Thread 0x0000013fc39ad3a0 redefined class name=com.nt.entity.Blog, count=1
Event: 3503.798 Thread 0x0000013fc39ad3a0 redefined class name=com.nt.entity.Blog, count=1
Event: 3503.798 Thread 0x0000013fc39ad3a0 redefined class name=com.nt.entity.Category, count=1
Event: 3503.798 Thread 0x0000013fc39ad3a0 redefined class name=com.nt.entity.Category, count=1
Event: 3503.798 Thread 0x0000013fc39ad3a0 redefined class name=com.nt.entity.Category, count=1
Event: 3503.798 Thread 0x0000013fc39ad3a0 redefined class name=com.nt.entity.Order, count=1
Event: 3503.798 Thread 0x0000013fc39ad3a0 redefined class name=com.nt.entity.Order, count=1
Event: 3503.798 Thread 0x0000013fc39ad3a0 redefined class name=com.nt.entity.Order, count=1
Event: 3503.798 Thread 0x0000013fc39ad3a0 redefined class name=com.nt.entity.Product, count=1
Event: 3503.798 Thread 0x0000013fc39ad3a0 redefined class name=com.nt.entity.Product, count=1
Event: 3567.556 Thread 0x0000013fc39ad3a0 redefined class name=com.nt.controller.payments.RazorpayController, count=1

Internal exceptions (20 events):
Event: 3562.984 Thread 0x000001400b24cdc0 Exception <a 'java/lang/ClassNotFoundException'{0x000000008f657b78}: org/springframework/data/repository/core/support/RepositoryFactoryInformationCustomizer> (0x000000008f657b78) 
thrown [s\src\hotspot\share\classfile\systemDictionary.cpp, line 312]
Event: 3562.985 Thread 0x000001400b24cdc0 Exception <a 'java/lang/ClassNotFoundException'{0x000000008f663500}: org/springframework/beans/factory/FactoryBeanCustomizer> (0x000000008f663500) 
thrown [s\src\hotspot\share\classfile\systemDictionary.cpp, line 312]
Event: 3562.985 Thread 0x000001400b24cdc0 Exception <a 'java/lang/ClassNotFoundException'{0x000000008f66c2e8}: org/springframework/beans/factory/BeanClassLoaderAwareCustomizer> (0x000000008f66c2e8) 
thrown [s\src\hotspot\share\classfile\systemDictionary.cpp, line 312]
Event: 3562.985 Thread 0x000001400b24cdc0 Exception <a 'java/lang/ClassNotFoundException'{0x000000008f672690}: org/springframework/beans/factory/AwareCustomizer> (0x000000008f672690) 
thrown [s\src\hotspot\share\classfile\systemDictionary.cpp, line 312]
Event: 3562.986 Thread 0x000001400b24cdc0 Exception <a 'java/lang/ClassNotFoundException'{0x000000008f677b00}: org/springframework/beans/factory/BeanFactoryAwareCustomizer> (0x000000008f677b00) 
thrown [s\src\hotspot\share\classfile\systemDictionary.cpp, line 312]
Event: 3562.986 Thread 0x000001400b24cdc0 Exception <a 'java/lang/ClassNotFoundException'{0x000000008f67e548}: org/springframework/beans/factory/AwareCustomizer> (0x000000008f67e548) 
thrown [s\src\hotspot\share\classfile\systemDictionary.cpp, line 312]
Event: 3562.986 Thread 0x000001400b24cdc0 Exception <a 'java/lang/ClassNotFoundException'{0x000000008f6b3ae0}: org/springframework/context/ApplicationEventPublisherAwareCustomizer> (0x000000008f6b3ae0) 
thrown [s\src\hotspot\share\classfile\systemDictionary.cpp, line 312]
Event: 3562.987 Thread 0x000001400b24cdc0 Exception <a 'java/lang/ClassNotFoundException'{0x000000008f6ba1e0}: org/springframework/beans/factory/AwareCustomizer> (0x000000008f6ba1e0) 
thrown [s\src\hotspot\share\classfile\systemDictionary.cpp, line 312]
Event: 3562.988 Thread 0x000001400b24cdc0 Exception <a 'java/lang/ClassNotFoundException'{0x000000008f6dbf80}: java/lang/ObjectCustomizer> (0x000000008f6dbf80) 
thrown [s\src\hotspot\share\classfile\systemDictionary.cpp, line 312]
Event: 3562.989 Thread 0x000001400b24cdc0 Exception <a 'java/lang/ClassNotFoundException'{0x000000008f6e4900}: org/springframework/core/io/support/PropertiesLoaderSupportCustomizer> (0x000000008f6e4900) 
thrown [s\src\hotspot\share\classfile\systemDictionary.cpp, line 312]
Event: 3562.989 Thread 0x000001400b24cdc0 Exception <a 'java/lang/ClassNotFoundException'{0x000000008f6f2928}: org/springframework/beans/factory/config/PropertiesFactoryBeanCustomizer> (0x000000008f6f2928) 
thrown [s\src\hotspot\share\classfile\systemDictionary.cpp, line 312]
Event: 3562.990 Thread 0x000001400b24cdc0 Exception <a 'java/lang/ClassNotFoundException'{0x000000008f526c58}: org/springframework/beans/factory/FactoryBeanCustomizer> (0x000000008f526c58) 
thrown [s\src\hotspot\share\classfile\systemDictionary.cpp, line 312]
Event: 3562.990 Thread 0x000001400b24cdc0 Exception <a 'java/lang/ClassNotFoundException'{0x000000008f52f7a0}: org/springframework/beans/factory/InitializingBeanCustomizer> (0x000000008f52f7a0) 
thrown [s\src\hotspot\share\classfile\systemDictionary.cpp, line 312]
Event: 3563.005 Thread 0x000001400b24cdc0 Exception <a 'java/lang/ClassNotFoundException'{0x000000008f206870}: java/lang/ObjectCustomizer> (0x000000008f206870) 
thrown [s\src\hotspot\share\classfile\systemDictionary.cpp, line 312]
Event: 3563.006 Thread 0x000001400b24cdc0 Exception <a 'java/lang/ClassNotFoundException'{0x000000008f20f578}: com/nt/entity/CategoryCustomizer> (0x000000008f20f578) 
thrown [s\src\hotspot\share\classfile\systemDictionary.cpp, line 312]
Event: 3563.007 Thread 0x000001400b24cdc0 Exception <a 'java/lang/ClassNotFoundException'{0x000000008f25ad18}: java/lang/ObjectCustomizer> (0x000000008f25ad18) 
thrown [s\src\hotspot\share\classfile\systemDictionary.cpp, line 312]
Event: 3563.008 Thread 0x000001400b24cdc0 Exception <a 'java/lang/ClassNotFoundException'{0x000000008f263a20}: com/nt/entity/ProductCustomizer> (0x000000008f263a20) 
thrown [s\src\hotspot\share\classfile\systemDictionary.cpp, line 312]
Event: 3563.009 Thread 0x000001400b24cdc0 Exception <a 'java/lang/ClassNotFoundException'{0x000000008f12cfb8}: java/lang/ObjectCustomizer> (0x000000008f12cfb8) 
thrown [s\src\hotspot\share\classfile\systemDictionary.cpp, line 312]
Event: 3563.010 Thread 0x000001400b24cdc0 Exception <a 'java/lang/ClassNotFoundException'{0x000000008f135bd0}: com/nt/entity/UsersCustomizer> (0x000000008f135bd0) 
thrown [s\src\hotspot\share\classfile\systemDictionary.cpp, line 312]
Event: 3563.022 Thread 0x000001400b24cdc0 Exception <a 'java/lang/ClassNotFoundException'{0x000000008ece32b0}: antlr/collections/ListCustomizer> (0x000000008ece32b0) 
thrown [s\src\hotspot\share\classfile\systemDictionary.cpp, line 312]

ZGC Phase Switch (0 events):
No events

VM Operations (20 events):
Event: 3565.298 Executing VM operation: get/set locals
Event: 3565.298 Executing VM operation: get/set locals done
Event: 3565.298 Executing VM operation: get/set locals
Event: 3565.298 Executing VM operation: get/set locals done
Event: 3565.299 Executing VM operation: get/set locals
Event: 3565.299 Executing VM operation: get/set locals done
Event: 3565.300 Executing VM operation: get/set locals
Event: 3565.300 Executing VM operation: get/set locals done
Event: 3565.301 Executing VM operation: get/set locals
Event: 3565.301 Executing VM operation: get/set locals done
Event: 3565.301 Executing VM operation: get/set locals
Event: 3565.301 Executing VM operation: get/set locals done
Event: 3567.536 Executing VM operation: ChangeSingleStep
Event: 3567.536 Executing VM operation: ChangeSingleStep done
Event: 3567.537 Executing VM operation: ChangeSingleStep
Event: 3567.537 Executing VM operation: ChangeSingleStep done
Event: 3567.547 Executing VM operation: RedefineClasses
Event: 3567.573 Executing VM operation: RedefineClasses done
Event: 3567.575 Executing VM operation: ChangeSingleStep
Event: 3567.576 Executing VM operation: ChangeSingleStep done

Memory protections (0 events):
No events

Nmethod flushes (20 events):
Event: 3562.502 Thread 0x0000013fc39ad3a0 flushing  nmethod 0x0000013fbc280e90
Event: 3562.502 Thread 0x0000013fc39ad3a0 flushing  nmethod 0x0000013fbc283490
Event: 3562.502 Thread 0x0000013fc39ad3a0 flushing  nmethod 0x0000013fbc283990
Event: 3562.502 Thread 0x0000013fc39ad3a0 flushing  nmethod 0x0000013fbc2de710
Event: 3562.502 Thread 0x0000013fc39ad3a0 flushing  nmethod 0x0000013fbc56c110
Event: 3562.502 Thread 0x0000013fc39ad3a0 flushing  nmethod 0x0000013fbb7cac90
Event: 3562.502 Thread 0x0000013fc39ad3a0 flushing  nmethod 0x0000013fbbc6ba90
Event: 3562.502 Thread 0x0000013fc39ad3a0 flushing  nmethod 0x0000013fbbea5f10
Event: 3562.502 Thread 0x0000013fc39ad3a0 flushing  nmethod 0x0000013fbbfa5f10
Event: 3562.502 Thread 0x0000013fc39ad3a0 flushing  nmethod 0x0000013fbbfc6310
Event: 3562.502 Thread 0x0000013fc39ad3a0 flushing  nmethod 0x0000013fbbfc6910
Event: 3562.502 Thread 0x0000013fc39ad3a0 flushing  nmethod 0x0000013fbbfed490
Event: 3562.502 Thread 0x0000013fc39ad3a0 flushing  nmethod 0x0000013fbc0eaf10
Event: 3562.502 Thread 0x0000013fc39ad3a0 flushing  nmethod 0x0000013fbc124190
Event: 3562.502 Thread 0x0000013fc39ad3a0 flushing  nmethod 0x0000013fbc483410
Event: 3562.502 Thread 0x0000013fc39ad3a0 flushing  nmethod 0x0000013fbc4dec90
Event: 3562.502 Thread 0x0000013fc39ad3a0 flushing  nmethod 0x0000013fbc58b810
Event: 3562.502 Thread 0x0000013fc39ad3a0 flushing  nmethod 0x0000013fbc58db10
Event: 3562.502 Thread 0x0000013fc39ad3a0 flushing  nmethod 0x0000013fbc81c010
Event: 3562.502 Thread 0x0000013fc39ad3a0 flushing  nmethod 0x0000013fbc81f410

Events (20 events):
Event: 3562.481 Thread 0x000001400a92e690 Thread exited: 0x000001400a92e690
Event: 3562.481 Thread 0x000001400a92c5c0 Thread exited: 0x000001400a92c5c0
Event: 3562.481 Thread 0x000001400a927070 Thread exited: 0x000001400a927070
Event: 3562.481 Thread 0x000001400a929e60 Thread exited: 0x000001400a929e60
Event: 3562.481 Thread 0x000001400a928420 Thread exited: 0x000001400a928420
Event: 3562.483 Thread 0x000001400b24ba10 Thread added: 0x000001400b24c0a0
Event: 3562.483 Thread 0x000001400a92b210 Thread exited: 0x000001400a92b210
Event: 3562.485 Thread 0x000001400b24c0a0 Thread exited: 0x000001400b24c0a0
Event: 3562.518 Thread 0x000001400b24ba10 Thread added: 0x000001400b24b380
Event: 3562.518 Thread 0x000001400b24b380 Thread exited: 0x000001400b24b380
Event: 3562.518 Thread 0x000001400b24ba10 Thread added: 0x000001400b24cdc0
Event: 3562.573 Thread 0x0000013fc39e2570 Thread added: 0x000001400cdd7810
Event: 3562.573 Thread 0x0000013fc39e2570 Thread added: 0x000001400c1cbf20
Event: 3562.580 Thread 0x000001400b24cdc0 Thread added: 0x000001400b24c0a0
Event: 3562.603 Thread 0x000001400b24c0a0 Thread exited: 0x000001400b24c0a0
Event: 3562.847 Thread 0x000001400b24cdc0 Thread added: 0x000001400b24d450
Event: 3562.847 Thread 0x000001400b24cdc0 Thread added: 0x000001400b24dae0
Event: 3562.847 Thread 0x000001400b24cdc0 Thread added: 0x000001400b24c0a0
Event: 3562.875 Thread 0x000001400b24cdc0 Thread added: 0x000001400b24acf0
Event: 3562.986 Thread 0x000001400b24acf0 Thread added: 0x000001400b24c730


Dynamic libraries:
0x00007ff7c4370000 - 0x00007ff7c437e000 	Q:\Project\eclipse\plugins\org.eclipse.justj.openjdk.hotspot.jre.full.win32.x86_64_21.0.6.v20250130-0529\jre\bin\javaw.exe
0x00007fffaea40000 - 0x00007fffaeca5000 	C:\WINDOWS\SYSTEM32\ntdll.dll
0x00007fffad770000 - 0x00007fffad839000 	C:\WINDOWS\System32\KERNEL32.DLL
0x00007fffabf20000 - 0x00007fffac308000 	C:\WINDOWS\System32\KERNELBASE.dll
0x00007fffac310000 - 0x00007fffac45b000 	C:\WINDOWS\System32\ucrtbase.dll
0x00007fff999f0000 - 0x00007fff99a08000 	Q:\Project\eclipse\plugins\org.eclipse.justj.openjdk.hotspot.jre.full.win32.x86_64_21.0.6.v20250130-0529\jre\bin\jli.dll
0x00007fff90970000 - 0x00007fff9098e000 	Q:\Project\eclipse\plugins\org.eclipse.justj.openjdk.hotspot.jre.full.win32.x86_64_21.0.6.v20250130-0529\jre\bin\VCRUNTIME140.dll
0x00007fffaca60000 - 0x00007fffacc2a000 	C:\WINDOWS\System32\USER32.dll
0x00007fffabef0000 - 0x00007fffabf17000 	C:\WINDOWS\System32\win32u.dll
0x00007fffae120000 - 0x00007fffae14b000 	C:\WINDOWS\System32\GDI32.dll
0x00007fff99d60000 - 0x00007fff99ffa000 	C:\WINDOWS\WinSxS\amd64_microsoft.windows.common-controls_6595b64144ccf1df_6.0.26100.4202_none_3e0698d4e335f517\COMCTL32.dll
0x00007fffabd10000 - 0x00007fffabe47000 	C:\WINDOWS\System32\gdi32full.dll
0x00007fffac5b0000 - 0x00007fffac653000 	C:\WINDOWS\System32\msvcp_win.dll
0x00007fffae6e0000 - 0x00007fffae789000 	C:\WINDOWS\System32\msvcrt.dll
0x00007fffae9c0000 - 0x00007fffae9f0000 	C:\WINDOWS\System32\IMM32.DLL
0x00007fff99a70000 - 0x00007fff99a7c000 	Q:\Project\eclipse\plugins\org.eclipse.justj.openjdk.hotspot.jre.full.win32.x86_64_21.0.6.v20250130-0529\jre\bin\vcruntime140_1.dll
0x00007fff78db0000 - 0x00007fff78e3d000 	Q:\Project\eclipse\plugins\org.eclipse.justj.openjdk.hotspot.jre.full.win32.x86_64_21.0.6.v20250130-0529\jre\bin\msvcp140.dll
0x00007fff27460000 - 0x00007fff281f0000 	Q:\Project\eclipse\plugins\org.eclipse.justj.openjdk.hotspot.jre.full.win32.x86_64_21.0.6.v20250130-0529\jre\bin\server\jvm.dll
0x00007fffae900000 - 0x00007fffae9b3000 	C:\WINDOWS\System32\ADVAPI32.dll
0x00007fffae630000 - 0x00007fffae6d6000 	C:\WINDOWS\System32\sechost.dll
0x00007fffac830000 - 0x00007fffac945000 	C:\WINDOWS\System32\RPCRT4.dll
0x00007fffadf20000 - 0x00007fffadf94000 	C:\WINDOWS\System32\WS2_32.dll
0x00007fffaba00000 - 0x00007fffaba5e000 	C:\WINDOWS\SYSTEM32\POWRPROF.dll
0x00007fffa4f90000 - 0x00007fffa4fc5000 	C:\WINDOWS\SYSTEM32\WINMM.dll
0x00007fffa4fd0000 - 0x00007fffa4fdb000 	C:\WINDOWS\SYSTEM32\VERSION.dll
0x00007fffab9e0000 - 0x00007fffab9f4000 	C:\WINDOWS\SYSTEM32\UMPDC.dll
0x00007fffaa950000 - 0x00007fffaa96b000 	C:\WINDOWS\SYSTEM32\kernel.appcore.dll
0x00007fff9d490000 - 0x00007fff9d49a000 	Q:\Project\eclipse\plugins\org.eclipse.justj.openjdk.hotspot.jre.full.win32.x86_64_21.0.6.v20250130-0529\jre\bin\jimage.dll
0x00007fffa0270000 - 0x00007fffa04b1000 	C:\WINDOWS\SYSTEM32\DBGHELP.DLL
0x00007fffae220000 - 0x00007fffae5a5000 	C:\WINDOWS\System32\combase.dll
0x00007fffad680000 - 0x00007fffad761000 	C:\WINDOWS\System32\OLEAUT32.dll
0x00007fff8d380000 - 0x00007fff8d3b9000 	C:\WINDOWS\SYSTEM32\dbgcore.DLL
0x00007fffabe50000 - 0x00007fffabee9000 	C:\WINDOWS\System32\bcryptPrimitives.dll
0x00007fff7f280000 - 0x00007fff7f2bc000 	Q:\Project\eclipse\plugins\org.eclipse.justj.openjdk.hotspot.jre.full.win32.x86_64_21.0.6.v20250130-0529\jre\bin\jdwp.dll
0x00007fff9d480000 - 0x00007fff9d48f000 	Q:\Project\eclipse\plugins\org.eclipse.justj.openjdk.hotspot.jre.full.win32.x86_64_21.0.6.v20250130-0529\jre\bin\instrument.dll
0x00007fff9d430000 - 0x00007fff9d44f000 	Q:\Project\eclipse\plugins\org.eclipse.justj.openjdk.hotspot.jre.full.win32.x86_64_21.0.6.v20250130-0529\jre\bin\java.dll
0x00007fffacd50000 - 0x00007fffad492000 	C:\WINDOWS\System32\SHELL32.dll
0x00007fffac660000 - 0x00007fffac7d4000 	C:\WINDOWS\System32\wintypes.dll
0x00007fffa97e0000 - 0x00007fffaa038000 	C:\WINDOWS\SYSTEM32\windows.storage.dll
0x00007fffac950000 - 0x00007fffaca41000 	C:\WINDOWS\System32\SHCORE.dll
0x00007fffacc30000 - 0x00007fffacc9a000 	C:\WINDOWS\System32\shlwapi.dll
0x00007fffabaa0000 - 0x00007fffabacf000 	C:\WINDOWS\SYSTEM32\profapi.dll
0x00007fffa2880000 - 0x00007fffa2898000 	Q:\Project\eclipse\plugins\org.eclipse.justj.openjdk.hotspot.jre.full.win32.x86_64_21.0.6.v20250130-0529\jre\bin\zip.dll
0x00007fff9a540000 - 0x00007fff9a54b000 	Q:\Project\eclipse\plugins\org.eclipse.justj.openjdk.hotspot.jre.full.win32.x86_64_21.0.6.v20250130-0529\jre\bin\dt_socket.dll
0x00007fffaa330000 - 0x00007fffaa363000 	C:\WINDOWS\SYSTEM32\IPHLPAPI.DLL
0x00007fffaaec0000 - 0x00007fffaaf2a000 	C:\WINDOWS\system32\mswsock.dll
0x00007fffaa3c0000 - 0x00007fffaa4e7000 	C:\WINDOWS\SYSTEM32\DNSAPI.dll
0x00007fffaca50000 - 0x00007fffaca5a000 	C:\WINDOWS\System32\NSI.dll
0x00007fff8f5f0000 - 0x00007fff8f5fb000 	C:\Windows\System32\rasadhlp.dll
0x00007fffa1ea0000 - 0x00007fffa1f26000 	C:\WINDOWS\System32\fwpuclnt.dll
0x00007fffa2870000 - 0x00007fffa2880000 	Q:\Project\eclipse\plugins\org.eclipse.justj.openjdk.hotspot.jre.full.win32.x86_64_21.0.6.v20250130-0529\jre\bin\net.dll
0x00007fffa2410000 - 0x00007fffa252e000 	C:\WINDOWS\SYSTEM32\WINHTTP.dll
0x00007fffa2850000 - 0x00007fffa2866000 	Q:\Project\eclipse\plugins\org.eclipse.justj.openjdk.hotspot.jre.full.win32.x86_64_21.0.6.v20250130-0529\jre\bin\nio.dll
0x00007fff92570000 - 0x00007fff9257a000 	Q:\Project\eclipse\plugins\org.eclipse.justj.openjdk.hotspot.jre.full.win32.x86_64_21.0.6.v20250130-0529\jre\bin\management.dll
0x00007fff91c20000 - 0x00007fff91c2b000 	Q:\Project\eclipse\plugins\org.eclipse.justj.openjdk.hotspot.jre.full.win32.x86_64_21.0.6.v20250130-0529\jre\bin\management_ext.dll
0x00007fffae620000 - 0x00007fffae628000 	C:\WINDOWS\System32\PSAPI.DLL
0x00007fff88be0000 - 0x00007fff88bf8000 	C:\WINDOWS\system32\napinsp.dll
0x00007fff88b70000 - 0x00007fff88b82000 	C:\WINDOWS\System32\winrnr.dll
0x00007fff88b30000 - 0x00007fff88b60000 	C:\WINDOWS\system32\nlansp_c.dll
0x00007fff88b00000 - 0x00007fff88b20000 	C:\WINDOWS\system32\wshbth.dll
0x00007fffab170000 - 0x00007fffab18b000 	C:\WINDOWS\SYSTEM32\CRYPTSP.dll
0x00007fffaa8b0000 - 0x00007fffaa8ea000 	C:\WINDOWS\system32\rsaenh.dll
0x00007fffaaf60000 - 0x00007fffaaf8b000 	C:\WINDOWS\SYSTEM32\USERENV.dll
0x00007fffaba70000 - 0x00007fffaba96000 	C:\WINDOWS\SYSTEM32\bcrypt.dll
0x00007fffab190000 - 0x00007fffab19c000 	C:\WINDOWS\SYSTEM32\CRYPTBASE.dll
0x00007fff8f860000 - 0x00007fff8f869000 	Q:\Project\eclipse\plugins\org.eclipse.justj.openjdk.hotspot.jre.full.win32.x86_64_21.0.6.v20250130-0529\jre\bin\extnet.dll
0x00007fff9d420000 - 0x00007fff9d430000 	Q:\Project\eclipse\plugins\org.eclipse.justj.openjdk.hotspot.jre.full.win32.x86_64_21.0.6.v20250130-0529\jre\bin\verify.dll
0x00007fff9a4d0000 - 0x00007fff9a4de000 	Q:\Project\eclipse\plugins\org.eclipse.justj.openjdk.hotspot.jre.full.win32.x86_64_21.0.6.v20250130-0529\jre\bin\sunmscapi.dll
0x00007fffabb90000 - 0x00007fffabd07000 	C:\WINDOWS\System32\CRYPT32.dll
0x00007fffab390000 - 0x00007fffab3c0000 	C:\WINDOWS\SYSTEM32\ncrypt.dll
0x00007fffab340000 - 0x00007fffab37f000 	C:\WINDOWS\SYSTEM32\NTASN1.dll
0x00007fff3b9f0000 - 0x00007fff3b9f8000 	C:\WINDOWS\system32\wshunix.dll

dbghelp: loaded successfully - version: 4.0.5 - missing functions: none
symbol engine: initialized successfully - sym options: 0x614 - pdb path: .;Q:\Project\eclipse\plugins\org.eclipse.justj.openjdk.hotspot.jre.full.win32.x86_64_21.0.6.v20250130-0529\jre\bin;C:\WINDOWS\SYSTEM32;C:\WINDOWS\WinSxS\amd64_microsoft.windows.common-controls_6595b64144ccf1df_6.0.26100.4202_none_3e0698d4e335f517;Q:\Project\eclipse\plugins\org.eclipse.justj.openjdk.hotspot.jre.full.win32.x86_64_21.0.6.v20250130-0529\jre\bin\server

VM Arguments:
jvm_args: -XX:+ShowCodeDetailsInExceptionMessages -agentlib:jdwp=transport=dt_socket,suspend=y,address=localhost:58365 -Dcom.sun.management.jmxremote -Dcom.sun.management.jmxremote.port=58364 -Dcom.sun.management.jmxremote.authenticate=false -Dcom.sun.management.jmxremote.ssl=false -Djava.rmi.server.hostname=localhost -Dspring.jmx.enabled=true -Dmanagement.endpoints.jmx.exposure.include=* -Dspring.application.admin.enabled=true -Dspring.output.ansi.enabled=always -XX:TieredStopAtLevel=1 -Dspring.boot.project.name=e-Grocery -javaagent:Q:\Project\eclipse\configuration\org.eclipse.osgi\446\0\.cp\lib\javaagent-shaded.jar -Dfile.encoding=UTF-8 -Dstdout.encoding=UTF-8 -Dstderr.encoding=UTF-8 
java_command: com.nt.EGroceryApplication
java_class_path (initial): Q:\SPRING\Spring WebApplication\e-Grocery\target\classes;C:\Users\pravi\.m2\repository\org\springframework\boot\spring-boot-starter-web\2.7.18\spring-boot-starter-web-2.7.18.jar;C:\Users\pravi\.m2\repository\org\springframework\boot\spring-boot-starter\2.7.18\spring-boot-starter-2.7.18.jar;C:\Users\pravi\.m2\repository\org\springframework\boot\spring-boot-starter-logging\2.7.18\spring-boot-starter-logging-2.7.18.jar;C:\Users\pravi\.m2\repository\ch\qos\logback\logback-classic\1.2.12\logback-classic-1.2.12.jar;C:\Users\pravi\.m2\repository\ch\qos\logback\logback-core\1.2.12\logback-core-1.2.12.jar;C:\Users\pravi\.m2\repository\org\apache\logging\log4j\log4j-to-slf4j\2.17.2\log4j-to-slf4j-2.17.2.jar;C:\Users\pravi\.m2\repository\org\apache\logging\log4j\log4j-api\2.17.2\log4j-api-2.17.2.jar;C:\Users\pravi\.m2\repository\org\slf4j\jul-to-slf4j\1.7.36\jul-to-slf4j-1.7.36.jar;C:\Users\pravi\.m2\repository\jakarta\annotation\jakarta.annotation-api\1.3.5\jakarta.annotation-api-1.3.5.jar;C:\Users\pravi\.m2\repository\org\yaml\snakeyaml\1.30\snakeyaml-1.30.jar;C:\Users\pravi\.m2\repository\org\springframework\boot\spring-boot-starter-json\2.7.18\spring-boot-starter-json-2.7.18.jar;C:\Users\pravi\.m2\repository\com\fasterxml\jackson\core\jackson-databind\2.13.5\jackson-databind-2.13.5.jar;C:\Users\pravi\.m2\repository\com\fasterxml\jackson\core\jackson-annotations\2.13.5\jackson-annotations-2.13.5.jar;C:\Users\pravi\.m2\repository\com\fasterxml\jackson\core\jackson-core\2.13.5\jackson-core-2.13.5.jar;C:\Users\pravi\.m2\repository\com\fasterxml\jackson\datatype\jackson-datatype-jdk8\2.13.5\jackson-datatype-jdk8-2.13.5.jar;C:\Users\pravi\.m2\repository\com\fasterxml\jackson\datatype\jackson-datatype-jsr310\2.13.5\jackson-datatype-jsr310-2.13.5.jar;C:\Users\pravi\.m2\repository\com\fasterxml\jackson\module\jackson-module-parameter-names\2.13.5\jackson-module-parameter-names-2.13.5.jar;C:\Users\pravi\.m2\repository\org\springframework\boot\spring-boot-starter-tomcat\2.7.18\spring-boot-starter-tomcat-2.7.18.jar;C:\Users\pravi\.m2\repository\org\apache\tomcat\embed\tomcat-embed-websocket\9.0.83\tomcat-embed-websocket-9.0.83.jar;C:\Users\pravi\.m2\repository\org\springframework\spring-web\5.3.31\spring-web-5.3.31.jar;C:\Users\pravi\.m2\repository\org\springframework\spring-beans\5.3.31\spring-beans-5.3.31.jar;C:\Users\pravi\.m2\repository\org\springframework\spring-webmvc\5.3.31\spring-webmvc-5.3.31.jar;C:\Users\pravi\.m2\repository\org\springframework\spring-aop\5.3.31\spring-aop-5.3.31.jar;C:\Users\pravi\.m2\repository\org\springframework\spring-context\5.3.31\spring-context-5.3.31.jar;C:\Users\pravi\.m2\repository\org\springframework\spring-expression\5.3.31\spring-expression-5.3.31.jar;C:\Users\pravi\.m2\repository\org\springframework\boot\spring-boot-starter-data-jpa\2.7.18\spring-boot-starter-data-jpa-2.7.18.jar;C:\Users\pravi\.m2\repository\org\springframework\boot\spring-boot-starter-aop\2.7.18\spring-boot-starter-aop-2.7.18.jar;C:\Users\pravi\.m2\repository\org\aspectj\aspectjweaver\1.9.7\aspectjweaver-1.9.7.jar;C:\Users\pravi\.m2\repository\org\springframework\boot\spring-boot-starter-jdbc\2.7.18\spring-boot-starter-jdbc-2.7.18.jar;C:\Users\pravi\.m2\repository\com\zaxxer\HikariCP\4.0.3\HikariCP-4.0.3.jar;C:\Users\pravi\.m2\repository\org\springframework\spring-jdbc\5.3.31\spring-jdbc-5.3.31.jar;C:\Users\pravi\.m2\repository\jakarta\transaction\jakarta.transaction-api\1.3.3\jakarta.transaction-api-1.3.3.jar;C:\Users\pravi\.m2\repository\jakarta\persistence\jakarta.persistence-api\2.2.3\jakarta.persistence-api-2.2.3.jar;C:\Users\pravi\.m2\repository\org\hibernate\hibernate-core\5.6.15.Final\hibernate-core-5.6.15.Final.jar;C:\Users\pravi\.m2\repository\org\jboss\logging\jboss-logging\3.4.3.Final\jboss-logging-3.4.3.Final.jar;C:\Users\pravi\.m2\repository\net\bytebuddy\byte-buddy\1.12.23\byte-buddy-1.12.23.jar;C:\Users\pravi\.m2\repository\antlr\antlr\2.7.7\antlr-2.7.7.jar;C:\Users\pravi\.m2\repository\org\jboss\jandex\2.4.2.Final\jandex-2.4.2.Final.jar;C:\Users\pravi\.m2\repository\com\fasterxml\classmate\1.5.1\classmate-1.5.1.jar;C:\Users\pravi\.m2\repository\org\hibernate\common\hibernate-commons-annotations\5.1.2.Final\hibernate-commons-annotations-5.1.2.Final.jar;C:\Users\pravi\.m2\repository\org\glassfish\jaxb\jaxb-runtime\2.3.9\jaxb-runtime-2.3.9.jar;C:\Users\pravi\.m2\repository\org\glassfish\jaxb\txw2\2.3.9\txw2-2.3.9.jar;C:\Users\pravi\.m2\repository\com\sun\istack\istack-commons-runtime\3.0.12\istack-commons-runtime-3.0.12.jar;C:\Users\pravi\.m2\repository\com\sun\activation\jakarta.activation\1.2.2\jakarta.activation-1.2.2.jar;C:\Users\pravi\.m2\repository\org\springframework\data\spring-data-jpa\2.7.18\spring-data-jpa-2.7.18.jar;C:\Users\pravi\.m2\repository\org\springframework\data\spring-data-commons\2.7.18\spring-data-commons-2.7.18.jar;C:\Users\pravi\.m2\repository\org\springframework\spring-orm\5.3.31\spring-orm-5.3.31.jar;C:\Users\pravi\.m2\repository\org\springframework\spring-tx\5.3.31\spring-tx-5.3.31.jar;C:\Users\pravi\.m2\repository\org\slf4j\slf4j-api\1.7.36\slf4j-api-1.7.36.jar;C:\Users\pravi\.m2\repository\org\springframework\spring-aspects\5.3.31\spring-aspects-5.3.31.jar;C:\Users\pravi\.m2\repository\com\mysql\mysql-connector-j\8.0.33\mysql-connector-j-8.0.33.jar;C:\Users\pravi\.m2\repository\org\apache\tomcat\embed\tomcat-embed-jasper\9.0.83\tomcat-embed-jasper-9.0.83.jar;C:\Users\pravi\.m2\repository\org\apache\tomcat\embed\tomcat-embed-core\9.0.83\tomcat-embed-core-9.0.83.jar;C:\Users\pravi\.m2\repository\org\apache\tomcat\tomcat-annotations-api\9.0.83\tomcat-annotations-api-9.0.83.jar;C:\Users\pravi\.m2\repository\org\apache\tomcat\embed\tomcat-embed-el\9.0.83\tomcat-embed-el-9.0.83.jar;C:\Users\pravi\.m2\repository\org\eclipse\jdt\ecj\3.26.0\ecj-3.26.0.jar;C:\Users\pravi\.m2\repository\javax\servlet\jstl\1.2\jstl-1.2.jar;C:\Users\pravi\.m2\repository\org\springframework\boot\spring-boot-devtools\2.7.18\spring-boot-devtools-2.7.18.jar;C:\Users\pravi\.m2\repository\org\springframework\boot\spring-boot\2.7.18\spring-boot-2.7.18.jar;C:\Users\pravi\.m2\repository\org\springframework\boot\spring-boot-autoconfigure\2.7.18\spring-boot-autoconfigure-2.7.18.jar;C:\Users\pravi\.m2\repository\jakarta\xml\bind\jakarta.xml.bind-api\2.3.3\jakarta.xml.bind-api-2.3.3.jar;C:\Users\pravi\.m2\repository\jakarta\activation\jakarta.activation-api\1.2.2\jakarta.activation-api-1.2.2.jar;C:\Users\pravi\.m2\repository\org\springframework\spring-core\5.3.31\spring-core-5.3.31.jar;C:\Users\pravi\.m2\repository\org\springframework\spring-jcl\5.3.31\spring-jcl-5.3.31.jar;C:\Users\pravi\.m2\repository\org\projectlombok\lombok\1.18.30\lombok-1.18.30.jar
Launcher Type: SUN_STANDARD

[Global flags]
     intx CICompilerCount                          = 4                                         {product} {ergonomic}
     uint ConcGCThreads                            = 3                                         {product} {ergonomic}
     uint G1ConcRefinementThreads                  = 10                                        {product} {ergonomic}
   size_t G1HeapRegionSize                         = 1048576                                   {product} {ergonomic}
    uintx GCDrainStackTargetSize                   = 64                                        {product} {ergonomic}
   size_t InitialHeapSize                          = 123731968                                 {product} {ergonomic}
     bool ManagementServer                         = true                                      {product} {command line}
   size_t MarkStackSize                            = 4194304                                   {product} {ergonomic}
   size_t MaxHeapSize                              = 1973420032                                {product} {ergonomic}
   size_t MaxNewSize                               = 1183842304                                {product} {ergonomic}
   size_t MinHeapDeltaBytes                        = 1048576                                   {product} {ergonomic}
   size_t MinHeapSize                              = 8388608                                   {product} {ergonomic}
    uintx NonNMethodCodeHeapSize                   = 4096                                   {pd product} {ergonomic}
    uintx NonProfiledCodeHeapSize                  = 0                                      {pd product} {ergonomic}
     bool ProfileInterpreter                       = false                                  {pd product} {command line}
    uintx ProfiledCodeHeapSize                     = 0                                      {pd product} {ergonomic}
     bool ShowCodeDetailsInExceptionMessages       = true                                   {manageable} {command line}
   size_t SoftMaxHeapSize                          = 1973420032                             {manageable} {ergonomic}
     intx TieredStopAtLevel                        = 1                                         {product} {command line}
     bool UseCompressedOops                        = true                           {product lp64_product} {ergonomic}
     bool UseG1GC                                  = true                                      {product} {ergonomic}
     bool UseLargePagesIndividualAllocation        = false                                  {pd product} {ergonomic}

Logging:
Log output configuration:
 #0: stdout all=warning uptime,level,tags foldmultilines=false
 #1: stderr all=off uptime,level,tags foldmultilines=false

Environment Variables:
PATH=Q:\Project\eclipse\plugins\org.eclipse.justj.openjdk.hotspot.jre.full.win32.x86_64_21.0.6.v20250130-0529\jre\bin;Q:/Project/eclipse//plugins/org.eclipse.justj.openjdk.hotspot.jre.full.win32.x86_64_21.0.6.v20250130-0529/jre/bin/server;Q:/Project/eclipse//plugins/org.eclipse.justj.openjdk.hotspot.jre.full.win32.x86_64_21.0.6.v20250130-0529/jre/bin;C:\Program Files (x86)\Common Files\Oracle\Java\javapath;C:\WINDOWS\system32;C:\WINDOWS;C:\WINDOWS\System32\Wbem;C:\WINDOWS\System32\WindowsPowerShell\v1.0\;C:\WINDOWS\System32\OpenSSH\;C:\Program Files\Git\cmd;C:\Program Files\nodejs\;C:\Program Files\MySQL\MySQL Shell 8.0\bin\;C:\Users\pravi\AppData\Local\Microsoft\WindowsApps;C:\Users\pravi\AppData\Local\Programs\Microsoft VS Code\bin;C:\Users\pravi\AppData\Roaming\npm;Q:\Project\eclipse;
USERNAME=pravin
OS=Windows_NT
PROCESSOR_IDENTIFIER=AMD64 Family 25 Model 80 Stepping 0, AuthenticAMD
TMP=C:\Users\pravi\AppData\Local\Temp
TEMP=C:\Users\pravi\AppData\Local\Temp




Periodic native trim disabled

---------------  S Y S T E M  ---------------

OS:
 Windows 11 , 64 bit Build 26100 (10.0.26100.4202)
OS uptime: 2 days 16:03 hours
Hyper-V role detected

CPU: total 12 (initial active 12) (12 cores per cpu, 2 threads per core) family 25 model 80 stepping 0 microcode 0xa500011, cx8, cmov, fxsr, ht, mmx, 3dnowpref, sse, sse2, sse3, ssse3, sse4a, sse4.1, sse4.2, popcnt, lzcnt, tsc, tscinvbit, avx, avx2, aes, erms, clmul, bmi1, bmi2, adx, sha, fma, vzeroupper, clflush, clflushopt, hv, rdtscp, rdpid, fsrm, f16c, cet_ss
Processor Information for processor 0
  Max Mhz: 3301, Current Mhz: 2011, Mhz Limit: 3301
Processor Information for processor 1
  Max Mhz: 3301, Current Mhz: 3301, Mhz Limit: 3301
Processor Information for processor 2
  Max Mhz: 3301, Current Mhz: 3301, Mhz Limit: 3301
Processor Information for processor 3
  Max Mhz: 3301, Current Mhz: 2011, Mhz Limit: 3301
Processor Information for processor 4
  Max Mhz: 3301, Current Mhz: 2011, Mhz Limit: 3301
Processor Information for processor 5
  Max Mhz: 3301, Current Mhz: 3301, Mhz Limit: 3301
Processor Information for processor 6
  Max Mhz: 3301, Current Mhz: 3301, Mhz Limit: 3301
Processor Information for processor 7
  Max Mhz: 3301, Current Mhz: 3301, Mhz Limit: 3301
Processor Information for processor 8
  Max Mhz: 3301, Current Mhz: 2011, Mhz Limit: 3301
Processor Information for processor 9
  Max Mhz: 3301, Current Mhz: 2011, Mhz Limit: 3301
Processor Information for processor 10
  Max Mhz: 3301, Current Mhz: 2011, Mhz Limit: 3301
Processor Information for processor 11
  Max Mhz: 3301, Current Mhz: 3301, Mhz Limit: 3301

Memory: 4k page, system-wide physical 7521M (1201M free)
TotalPageFile size 19809M (AvailPageFile size 6674M)
current process WorkingSet (physical memory assigned to process): 247M, peak: 251M
current process commit charge ("private bytes"): 316M, peak: 336M

vm_info: OpenJDK 64-Bit Server VM (21.0.6+7-LTS) for windows-amd64 JRE (21.0.6+7-LTS), built on 2025-01-21T00:00:00Z by "admin" with MS VC++ 17.7 (VS2022)

END.
