#
# A fatal error has been detected by the Java Runtime Environment:
#
#  EXCEPTION_ACCESS_VIOLATION (0xc0000005) at pc=0x00007ff866797e98, pid=22552, tid=23772
#
# JRE version: OpenJDK Runtime Environment Temurin-21.0.6+7 (21.0.6+7) (build 21.0.6+7-LTS)
# Java VM: OpenJDK 64-Bit Server VM Temurin-21.0.6+7 (21.0.6+7-LTS, mixed mode, emulated-client, sharing, tiered, compressed oops, compressed class ptrs, g1 gc, windows-amd64)
# Problematic frame:
# V  [jvm.dll+0x357e98]
#
# No core dump will be written. Minidumps are not enabled by default on client versions of Windows
#
# If you would like to submit a bug report, please visit:
#   https://github.com/adoptium/adoptium-support/issues
#

---------------  S U M M A R Y ------------

Command Line: -XX:+ShowCodeDetailsInExceptionMessages -agentlib:jdwp=transport=dt_socket,suspend=y,address=localhost:59649 -Dcom.sun.management.jmxremote -Dcom.sun.management.jmxremote.port=59648 -Dcom.sun.management.jmxremote.authenticate=false -Dcom.sun.management.jmxremote.ssl=false -Djava.rmi.server.hostname=localhost -Dspring.jmx.enabled=true -Dmanagement.endpoints.jmx.exposure.include=* -Dspring.application.admin.enabled=true -Dspring.output.ansi.enabled=always -XX:TieredStopAtLevel=1 -Dspring.boot.project.name=e-Grocery -javaagent:Q:\Project\eclipse\configuration\org.eclipse.osgi\446\0\.cp\lib\javaagent-shaded.jar -Dfile.encoding=UTF-8 -Dstdout.encoding=UTF-8 -Dstderr.encoding=UTF-8 com.nt.EGroceryApplication

Host: AMD Ryzen 5 5600H with Radeon Graphics         , 12 cores, 7G,  Windows 11 , 64 bit Build 26100 (10.0.26100.4202)
Time: Wed Jun 18 19:55:06 2025 India Standard Time elapsed time: 657.006268 seconds (0d 0h 10m 57s)

---------------  T H R E A D  ---------------

Current thread (0x0000023d77b40540):  WorkerThread "GC Thread#3"    [id=23772, stack(0x000000d06a800000,0x000000d06a900000) (1024K)]

Stack: [0x000000d06a800000,0x000000d06a900000],  sp=0x000000d06a8fe1d0,  free space=1016k
Native frames: (J=compiled Java code, j=interpreted, Vv=VM code, C=native code)
V  [jvm.dll+0x357e98]
V  [jvm.dll+0x3663a4]
V  [jvm.dll+0x314c1b]
V  [jvm.dll+0x31466d]
V  [jvm.dll+0x3eedf5]
V  [jvm.dll+0x8522d6]
V  [jvm.dll+0x85c131]
V  [jvm.dll+0x366a9a]
V  [jvm.dll+0x36692a]
V  [jvm.dll+0x36e1e4]
V  [jvm.dll+0x36e35b]
V  [jvm.dll+0x8d62a7]
V  [jvm.dll+0x851f8b]
V  [jvm.dll+0x6cc5ed]
C  [ucrtbase.dll+0x37b0]
C  [KERNEL32.DLL+0x2e8d7]
C  [ntdll.dll+0x3c34c]

JavaThread 0x0000023d7e0f7140 (nid = 8864) was being processed
Java frames: (J=compiled Java code, j=interpreted, Vv=VM code)
j  java.lang.invoke.DirectMethodHandle$Holder.newInvokeSpecial(Ljava/lang/Object;)Ljava/lang/Object;+15 java.base@21.0.6
J 887 c1 jdk.internal.reflect.DirectConstructorHandleAccessor.newInstance([Ljava/lang/Object;)Ljava/lang/Object; java.base@21.0.6 (130 bytes) @ 0x0000023d6eefc934 [0x0000023d6eefc760+0x00000000000001d4]
J 886 c1 java.lang.reflect.Constructor.newInstanceWithCaller([Ljava/lang/Object;ZLjava/lang/Class;)Ljava/lang/Object; java.base@21.0.6 (51 bytes) @ 0x0000023d6eef8bbc [0x0000023d6eef8ae0+0x00000000000000dc]
J 3180 c1 org.springframework.beans.BeanUtils.instantiateClass(Ljava/lang/reflect/Constructor;[Ljava/lang/Object;)Ljava/lang/Object; (187 bytes) @ 0x0000023d6f3a2bc4 [0x0000023d6f3a27c0+0x0000000000000404]
J 9799 c1 org.springframework.beans.factory.support.SimpleInstantiationStrategy.instantiate(Lorg/springframework/beans/factory/support/RootBeanDefinition;Ljava/lang/String;Lorg/springframework/beans/factory/BeanFactory;)Ljava/lang/Object; (152 bytes) @ 0x0000023d6fd35a44 [0x0000023d6fd355a0+0x00000000000004a4]
J 9798 c1 org.springframework.beans.factory.support.AbstractAutowireCapableBeanFactory.instantiateBean(Ljava/lang/String;Lorg/springframework/beans/factory/support/RootBeanDefinition;)Lorg/springframework/beans/BeanWrapper; (75 bytes) @ 0x0000023d6fd34a6c [0x0000023d6fd349c0+0x00000000000000ac]
J 8369 c1 org.springframework.beans.factory.support.AbstractAutowireCapableBeanFactory.createBeanInstance(Ljava/lang/String;Lorg/springframework/beans/factory/support/RootBeanDefinition;[Ljava/lang/Object;)Lorg/springframework/beans/BeanWrapper; (254 bytes) @ 0x0000023d6f7aa31c [0x0000023d6f7a9cc0+0x000000000000065c]
J 7829 c1 org.springframework.beans.factory.support.AbstractAutowireCapableBeanFactory.doCreateBean(Ljava/lang/String;Lorg/springframework/beans/factory/support/RootBeanDefinition;[Ljava/lang/Object;)Ljava/lang/Object; (507 bytes) @ 0x0000023d6eda2924 [0x0000023d6eda2780+0x00000000000001a4]
J 7828 c1 org.springframework.beans.factory.support.AbstractAutowireCapableBeanFactory.createBean(Ljava/lang/String;Lorg/springframework/beans/factory/support/RootBeanDefinition;[Ljava/lang/Object;)Ljava/lang/Object; (247 bytes) @ 0x0000023d6eda5c54 [0x0000023d6eda5640+0x0000000000000614]
J 7858 c1 org.springframework.beans.factory.support.AbstractBeanFactory$$Lambda+0x0000023d01266b48.getObject()Ljava/lang/Object; (20 bytes) @ 0x0000023d6ed90c2c [0x0000023d6ed90ba0+0x000000000000008c]
J 7855 c1 org.springframework.beans.factory.support.DefaultSingletonBeanRegistry.getSingleton(Ljava/lang/String;Lorg/springframework/beans/factory/ObjectFactory;)Ljava/lang/Object; (297 bytes) @ 0x0000023d6ed92114 [0x0000023d6ed91ca0+0x0000000000000474]
J 3509 c1 org.springframework.beans.factory.support.AbstractBeanFactory.doGetBean(Ljava/lang/String;Ljava/lang/Class;[Ljava/lang/Object;Z)Ljava/lang/Object; (832 bytes) @ 0x0000023d6f42bea4 [0x0000023d6f42b860+0x0000000000000644]
J 6300 c1 org.springframework.beans.factory.support.AbstractBeanFactory.getBean(Ljava/lang/String;)Ljava/lang/Object; (9 bytes) @ 0x0000023d6f8b8034 [0x0000023d6f8b7fc0+0x0000000000000074]
j  org.springframework.beans.factory.support.DefaultListableBeanFactory.preInstantiateSingletons()V+248
j  org.springframework.context.support.AbstractApplicationContext.finishBeanFactoryInitialization(Lorg/springframework/beans/factory/config/ConfigurableListableBeanFactory;)V+124
j  org.springframework.context.support.AbstractApplicationContext.refresh()V+86
j  org.springframework.boot.web.servlet.context.ServletWebServerApplicationContext.refresh()V+1
j  org.springframework.boot.SpringApplication.refresh(Lorg/springframework/context/ConfigurableApplicationContext;)V+1
j  org.springframework.boot.SpringApplication.refreshContext(Lorg/springframework/context/ConfigurableApplicationContext;)V+16
j  org.springframework.boot.SpringApplication.run([Ljava/lang/String;)Lorg/springframework/context/ConfigurableApplicationContext;+107
j  org.springframework.boot.SpringApplication.run([Ljava/lang/Class;[Ljava/lang/String;)Lorg/springframework/context/ConfigurableApplicationContext;+9
j  org.springframework.boot.SpringApplication.run(Ljava/lang/Class;[Ljava/lang/String;)Lorg/springframework/context/ConfigurableApplicationContext;+9
j  com.nt.EGroceryApplication.main([Ljava/lang/String;)V+3
j  java.lang.invoke.LambdaForm$DMH+0x0000023d01004c00.invokeStatic(Ljava/lang/Object;Ljava/lang/Object;)V+10 java.base@21.0.6
j  java.lang.invoke.LambdaForm$MH+0x0000023d01914800.invoke(Ljava/lang/Object;Ljava/lang/Object;Ljava/lang/Object;)Ljava/lang/Object;+33 java.base@21.0.6
J 4154 c1 jdk.internal.reflect.DirectMethodHandleAccessor.invoke(Ljava/lang/Object;[Ljava/lang/Object;)Ljava/lang/Object; java.base@21.0.6 (92 bytes) @ 0x0000023d6f55a934 [0x0000023d6f55a620+0x0000000000000314]
J 4158 c1 java.lang.reflect.Method.invoke(Ljava/lang/Object;[Ljava/lang/Object;)Ljava/lang/Object; java.base@21.0.6 (108 bytes) @ 0x0000023d6f558af4 [0x0000023d6f558900+0x00000000000001f4]
j  org.springframework.boot.devtools.restart.RestartLauncher.run()V+47
v  ~StubRoutines::call_stub 0x0000023d6eb6100d

siginfo: EXCEPTION_ACCESS_VIOLATION (0xc0000005), reading address 0xffffffffffffffff


Registers:
RAX=0x2ef4d23bfa3e86fe, RBX=0x0000000000000001, RCX=0x00000000000cfde7, RDX=0x00000000000cfde7
RSP=0x000000d06a8fe1d0, RBP=0x0000000000000000, RSI=0x000000d06a8fe570, RDI=0x000000d068dfdaf0
R8 =0x0000023d6b1e9090, R9 =0x000000000e56af00, R10=0x0000023d6eb60000, R11=0x000000d06a8fe418
R12=0x000000000e56af00, R13=0x000000d068dfdaf0, R14=0x0000023d7c829790, R15=0x0000023d0072b567
RIP=0x00007ff866797e98, EFLAGS=0x0000000000010217

XMM[0]=0x3b3b3b3b3b3b3b3b 0x3b3b3b3b3b3b3b3b
XMM[1]=0x0000000000000000 0x00000000000000ff
XMM[2]=0x0000000000000000 0x0000000000000000
XMM[3]=0x0000000000000000 0x0000000000000000
XMM[4]=0x0000000000000000 0x0000000000000000
XMM[5]=0x0000000000000000 0x0000000000000000
XMM[6]=0x0000000000000000 0x0000000000000000
XMM[7]=0x0000000000000000 0x0000000000000000
XMM[8]=0x0000000000000000 0x0000000000000000
XMM[9]=0x0000000000000000 0x0000000000000000
XMM[10]=0x0000000000000000 0x0000000000000000
XMM[11]=0x0000000000000000 0x0000000000000000
XMM[12]=0x0000000000000000 0x0000000000000000
XMM[13]=0x0000000000000000 0x0000000000000000
XMM[14]=0x0000000000000000 0x0000000000000000
XMM[15]=0x0000000000000000 0x0000000000000000
  MXCSR=0x00001fa0


Register to memory mapping:

RAX=0x2ef4d23bfa3e86fe is an unknown value
RBX=0x0000000000000001 is an unknown value
RCX=0x00000000000cfde7 is an unknown value
RDX=0x00000000000cfde7 is an unknown value
RSP=0x000000d06a8fe1d0 points into unknown readable memory: 0x0000000000000000 | 00 00 00 00 00 00 00 00
RBP=0x0 is null
RSI=0x000000d06a8fe570 points into unknown readable memory: 0x000000d068dfdae8 | e8 da df 68 d0 00 00 00
RDI=0x000000d068dfdaf0 is pointing into the stack for thread: 0x0000023d7e0f7140
R8 =0x0000023d6b1e9090 points into unknown readable memory: 0x00007ff866e648e0 | e0 48 e6 66 f8 7f 00 00
R9 =0x000000000e56af00 is an unknown value
R10=0x0000023d6eb60000 points into unknown readable memory: 0x0000000000000006 | 06 00 00 00 00 00 00 00
R11=0x000000d06a8fe418 points into unknown readable memory: 0x00007ff86675466d | 6d 46 75 66 f8 7f 00 00
R12=0x000000000e56af00 is an unknown value
R13=0x000000d068dfdaf0 is pointing into the stack for thread: 0x0000023d7e0f7140
R14=0x0000023d7c829790 points into unknown readable memory: 0x00007ff866e6bc18 | 18 bc e6 66 f8 7f 00 00
R15=0x0000023d0072b567 is pointing into metadata

Top of Stack: (sp=0x000000d06a8fe1d0)
0x000000d06a8fe1d0:   0000000000000000 0000000000000000
0x000000d06a8fe1e0:   0000000000000000 0000000000000000
0x000000d06a8fe1f0:   0000000000000000 0000000000000000
0x000000d06a8fe200:   000000d068dfdaf0 2ef4d23bfa3e86fe
0x000000d06a8fe210:   0000000000000000 0000000000000000
0x000000d06a8fe220:   0000000000000000 0000000000000000
0x000000d06a8fe230:   0000023d77aa1750 0000023d77154320
0x000000d06a8fe240:   0000023d005427e8 000000d068dfdaf0
0x000000d06a8fe250:   000000d06a8fe570 000000d06a8fe3a0
0x000000d06a8fe260:   0000023d7cf87e38 00007ff8667a63a4
0x000000d06a8fe270:   000000d06a8f0065 000000d06a8f0100
0x000000d06a8fe280:   0000023d00480090 0000000000000000
0x000000d06a8fe290:   0000023d7cf87e38 00007ff866754c1b
0x000000d06a8fe2a0:   0000000000000001 0000023d000b5bd0
0x000000d06a8fe2b0:   0000023d7cf87e38 0000000000000000
0x000000d06a8fe2c0:   0000000f00000001 0000023d000b5bd0
0x000000d06a8fe2d0:   0000023d77b40540 0000023d00000003
0x000000d06a8fe2e0:   00000000000003d8 0000023d77154330
0x000000d06a8fe2f0:   0000023d77154708 0000023d0072b567
0x000000d06a8fe300:   00000000000000b8 0000023d000b5bd0
0x000000d06a8fe310:   0000000000000000 0000000000000000
0x000000d06a8fe320:   0000000000000000 0000000000000000
0x000000d06a8fe330:   0000023d005427e8 0000001300000001
0x000000d06a8fe340:   0000000000000032 000000010000000c
0x000000d06a8fe350:   0000023d00480090 0000000000000000
0x000000d06a8fe360:   0000000000000000 0000000000000000
0x000000d06a8fe370:   0000000000000000 0000000000000000
0x000000d06a8fe380:   0000000000000000 0000000000000000
0x000000d06a8fe390:   0000000000000000 0000000000000000
0x000000d06a8fe3a0:   0000000000000000 0000000000000000
0x000000d06a8fe3b0:   0000000000000000 0000000000000000
0x000000d06a8fe3c0:   0000000000000000 0000000000000000 

Instructions: (pc=0x00007ff866797e98)
0x00007ff866797d98:   55 41 56 41 57 48 83 ec 58 80 3d 72 28 8d 00 00
0x00007ff866797da8:   49 8b f9 4d 8b e8 0f b7 da 4c 8b f1 74 16 45 8b
0x00007ff866797db8:   78 08 8b 0d f8 11 8d 00 49 d3 e7 4c 03 3d e6 11
0x00007ff866797dc8:   8d 00 eb 04 4d 8b 78 08 49 8b d7 49 8b cd e8 15
0x00007ff866797dd8:   47 cb ff 4c 8b e0 48 89 7c 24 30 33 c0 8b e8 0f
0x00007ff866797de8:   b7 c3 66 c1 e8 08 66 89 84 24 a0 00 00 00 84 c0
0x00007ff866797df8:   75 52 48 8b cf 83 e1 03 83 3d 51 2e 8d 00 02 75
0x00007ff866797e08:   09 48 83 f9 02 0f 94 c1 eb 05 f6 d1 80 e1 01 84
0x00007ff866797e18:   c9 75 05 48 8b ef eb 12 48 8d 54 24 40 48 8d 4c
0x00007ff866797e28:   24 30 e8 c1 d8 2f 00 48 8b 28 48 c1 ed 03 83 e5
0x00007ff866797e38:   0f 41 3b ae 80 01 00 00 73 0a 66 89 9c 24 a8 00
0x00007ff866797e48:   00 00 eb 12 66 c7 84 24 a8 00 00 00 00 01 0f b7
0x00007ff866797e58:   9c 24 a8 00 00 00 4d 8b 46 08 49 8b d5 66 c1 eb
0x00007ff866797e68:   08 41 8b 88 18 02 00 00 49 8b 80 10 02 00 00 48
0x00007ff866797e78:   d3 e0 8b 0d d0 e4 93 00 48 2b d0 49 8b 80 f8 01
0x00007ff866797e88:   00 00 48 d3 ea 8b ca 48 8b 04 c8 48 89 44 24 38
0x00007ff866797e98:   44 8b 80 8c 00 00 00 48 0f be c3 48 6b c8 38 49
0x00007ff866797ea8:   8b 46 70 44 89 84 24 b0 00 00 00 48 8b 54 01 10
0x00007ff866797eb8:   84 db 75 04 4a 8d 14 c2 48 8b 0a 48 8b 71 30 48
0x00007ff866797ec8:   8b 41 38 48 2b c6 48 c1 e8 03 49 3b c4 72 74 4a
0x00007ff866797ed8:   8d 1c e5 00 00 00 00 48 89 9c 24 b8 00 00 00 48
0x00007ff866797ee8:   8d 04 33 48 89 41 30 48 85 f6 74 67 4d 8b c4 48
0x00007ff866797ef8:   8b d6 49 8b cd e8 de 30 cb ff 48 8b ce 48 8b c7
0x00007ff866797f08:   48 83 c9 03 f0 49 0f b1 4d 00 48 8b d8 0f 84 81
0x00007ff866797f18:   00 00 00 48 83 e3 fc 74 7b 8b 84 24 b0 00 00 00
0x00007ff866797f28:   4d 8b cc 0f b7 94 24 a8 00 00 00 4c 8b c6 49 8b
0x00007ff866797f38:   4e 70 89 44 24 20 e8 8d 36 fc ff 48 8b c3 e9 34
0x00007ff866797f48:   03 00 00 4a 8d 04 e5 00 00 00 00 48 89 84 24 b8
0x00007ff866797f58:   00 00 00 44 89 44 24 28 48 8d 94 24 a8 00 00 00
0x00007ff866797f68:   4d 8b c5 89 6c 24 20 4d 8b cc 49 8b ce e8 c6 fb
0x00007ff866797f78:   ff ff 48 8b f0 48 85 c0 0f 85 6e ff ff ff 4d 8b
0x00007ff866797f88:   cc 4c 8b c7 49 8b d5 49 8b ce e8 b9 06 00 00 e9 


Stack slot to memory mapping:

stack at sp + 0 slots: 0x0 is null
stack at sp + 1 slots: 0x0 is null
stack at sp + 2 slots: 0x0 is null
stack at sp + 3 slots: 0x0 is null
stack at sp + 4 slots: 0x0 is null
stack at sp + 5 slots: 0x0 is null
stack at sp + 6 slots: 0x000000d068dfdaf0 is pointing into the stack for thread: 0x0000023d7e0f7140
stack at sp + 7 slots: 0x2ef4d23bfa3e86fe is an unknown value


---------------  P R O C E S S  ---------------

Threads class SMR info:
_java_thread_list=0x0000023d7e65c4e0, length=28, elements={
0x0000023d770362d0, 0x0000023d77038fe0, 0x0000023d7703e000, 0x0000023d7703ea50,
0x0000023d770404b0, 0x0000023d77049440, 0x0000023d770510f0, 0x0000023d7713b6e0,
0x0000023d771be990, 0x0000023d771e5b50, 0x0000023d771f0590, 0x0000023d77917820,
0x0000023d77afac70, 0x0000023d77b0e6b0, 0x0000023d77b79f30, 0x0000023d7c2c5f20,
0x0000023d7c3524f0, 0x0000023d7c350ab0, 0x0000023d7c352b80, 0x0000023d7e0f8b80,
0x0000023d7e0f9210, 0x0000023d7e0f7e60, 0x0000023d7e0f6ab0, 0x0000023d7e0f7140,
0x0000023d7e0f84f0, 0x0000023d7e0f77d0, 0x0000023d7e0f6420, 0x0000023d7e0f5700
}

Java Threads: ( => current thread )
  0x0000023d770362d0 JavaThread "Reference Handler"          daemon [_thread_blocked, id=22004, stack(0x000000d069600000,0x000000d069700000) (1024K)]
  0x0000023d77038fe0 JavaThread "Finalizer"                  daemon [_thread_blocked, id=9736, stack(0x000000d069700000,0x000000d069800000) (1024K)]
  0x0000023d7703e000 JavaThread "Signal Dispatcher"          daemon [_thread_blocked, id=12956, stack(0x000000d069800000,0x000000d069900000) (1024K)]
  0x0000023d7703ea50 JavaThread "Attach Listener"            daemon [_thread_blocked, id=13492, stack(0x000000d069900000,0x000000d069a00000) (1024K)]
  0x0000023d770404b0 JavaThread "Service Thread"             daemon [_thread_blocked, id=19320, stack(0x000000d069a00000,0x000000d069b00000) (1024K)]
  0x0000023d77049440 JavaThread "Monitor Deflation Thread"   daemon [_thread_blocked, id=19588, stack(0x000000d069b00000,0x000000d069c00000) (1024K)]
  0x0000023d770510f0 JavaThread "C1 CompilerThread0"         daemon [_thread_blocked, id=5140, stack(0x000000d069c00000,0x000000d069d00000) (1024K)]
  0x0000023d7713b6e0 JavaThread "Common-Cleaner"             daemon [_thread_blocked, id=9460, stack(0x000000d069d00000,0x000000d069e00000) (1024K)]
  0x0000023d771be990 JavaThread "JDWP Transport Listener: dt_socket" daemon [_thread_blocked, id=2216, stack(0x000000d06a000000,0x000000d06a100000) (1024K)]
  0x0000023d771e5b50 JavaThread "JDWP Event Helper Thread"   daemon [_thread_blocked, id=15452, stack(0x000000d06a100000,0x000000d06a200000) (1024K)]
  0x0000023d771f0590 JavaThread "JDWP Command Reader"        daemon [_thread_in_native, id=11220, stack(0x000000d06a200000,0x000000d06a300000) (1024K)]
  0x0000023d77917820 JavaThread "Notification Thread"        daemon [_thread_blocked, id=13948, stack(0x000000d06a300000,0x000000d06a400000) (1024K)]
  0x0000023d77afac70 JavaThread "RMI TCP Accept-0"           daemon [_thread_in_native, id=21976, stack(0x000000d06a400000,0x000000d06a500000) (1024K)]
  0x0000023d77b0e6b0 JavaThread "RMI TCP Accept-59648"       daemon [_thread_in_native, id=12980, stack(0x000000d06a500000,0x000000d06a600000) (1024K)]
  0x0000023d77b79f30 JavaThread "RMI TCP Accept-0"           daemon [_thread_in_native, id=24016, stack(0x000000d06af00000,0x000000d06b000000) (1024K)]
  0x0000023d7c2c5f20 JavaThread "RMI Scheduler(0)"           daemon [_thread_blocked, id=24032, stack(0x000000d06b400000,0x000000d06b500000) (1024K)]
  0x0000023d7c3524f0 JavaThread "RMI TCP Connection(idle)"   daemon [_thread_blocked, id=24524, stack(0x000000d06b600000,0x000000d06b700000) (1024K)]
  0x0000023d7c350ab0 JavaThread "JMX server connection timeout 44" daemon [_thread_blocked, id=6924, stack(0x000000d06b700000,0x000000d06b800000) (1024K)]
  0x0000023d7c352b80 JavaThread "mysql-cj-abandoned-connection-cleanup" daemon [_thread_blocked, id=14968, stack(0x000000d06bc00000,0x000000d06bd00000) (1024K)]
  0x0000023d7e0f8b80 JavaThread "Live Reload Server"         daemon [_thread_in_native, id=24332, stack(0x000000d06c200000,0x000000d06c300000) (1024K)]
  0x0000023d7e0f9210 JavaThread "DestroyJavaVM"                     [_thread_blocked, id=14152, stack(0x000000d068e00000,0x000000d068f00000) (1024K)]
  0x0000023d7e0f7e60 JavaThread "File Watcher"               daemon [_thread_blocked, id=11096, stack(0x000000d068c00000,0x000000d068d00000) (1024K)]
  0x0000023d7e0f6ab0 JavaThread "Thread-14"                         [_thread_blocked, id=20168, stack(0x000000d068b00000,0x000000d068c00000) (1024K)]
  0x0000023d7e0f7140 JavaThread "restartedMain"                     [_thread_blocked, id=8864, stack(0x000000d068d00000,0x000000d068e00000) (1024K)]
  0x0000023d7e0f84f0 JavaThread "Catalina-utility-1"                [_thread_blocked, id=9524, stack(0x000000d069f00000,0x000000d06a000000) (1024K)]
  0x0000023d7e0f77d0 JavaThread "Catalina-utility-2"                [_thread_blocked, id=968, stack(0x000000d06b000000,0x000000d06b100000) (1024K)]
  0x0000023d7e0f6420 JavaThread "container-1"                       [_thread_blocked, id=10328, stack(0x000000d06b100000,0x000000d06b200000) (1024K)]
  0x0000023d7e0f5700 JavaThread "HikariPool-4 housekeeper"   daemon [_thread_blocked, id=4232, stack(0x000000d06b200000,0x000000d06b300000) (1024K)]
Total: 28

Other Threads:
  0x0000023d7701c660 VMThread "VM Thread"                           [id=12664, stack(0x000000d069500000,0x000000d069600000) (1024K)]
  0x0000023d7700c360 WatcherThread "VM Periodic Task Thread"        [id=22872, stack(0x000000d069400000,0x000000d069500000) (1024K)]
  0x0000023d6b22c530 WorkerThread "GC Thread#0"                     [id=12852, stack(0x000000d068f00000,0x000000d069000000) (1024K)]
  0x0000023d779230c0 WorkerThread "GC Thread#1"                     [id=3992, stack(0x000000d06a600000,0x000000d06a700000) (1024K)]
  0x0000023d77b65920 WorkerThread "GC Thread#2"                     [id=17488, stack(0x000000d06a700000,0x000000d06a800000) (1024K)]
=>0x0000023d77b40540 WorkerThread "GC Thread#3"                     [id=23772, stack(0x000000d06a800000,0x000000d06a900000) (1024K)]
  0x0000023d77b408e0 WorkerThread "GC Thread#4"                     [id=15844, stack(0x000000d06a900000,0x000000d06aa00000) (1024K)]
  0x0000023d77b420a0 WorkerThread "GC Thread#5"                     [id=13136, stack(0x000000d06aa00000,0x000000d06ab00000) (1024K)]
  0x0000023d77b42440 WorkerThread "GC Thread#6"                     [id=14520, stack(0x000000d06ab00000,0x000000d06ac00000) (1024K)]
  0x0000023d77b427e0 WorkerThread "GC Thread#7"                     [id=7260, stack(0x000000d06ac00000,0x000000d06ad00000) (1024K)]
  0x0000023d77b42b80 WorkerThread "GC Thread#8"                     [id=6272, stack(0x000000d06ad00000,0x000000d06ae00000) (1024K)]
  0x0000023d77b47e00 WorkerThread "GC Thread#9"                     [id=16720, stack(0x000000d06ae00000,0x000000d06af00000) (1024K)]
  0x0000023d6b23be60 ConcurrentGCThread "G1 Main Marker"            [id=20708, stack(0x000000d069000000,0x000000d069100000) (1024K)]
  0x0000023d6b23f450 WorkerThread "G1 Conc#0"                       [id=13320, stack(0x000000d069100000,0x000000d069200000) (1024K)]
  0x0000023d77b476c0 WorkerThread "G1 Conc#1"                       [id=18104, stack(0x000000d06b800000,0x000000d06b900000) (1024K)]
  0x0000023d77b488e0 WorkerThread "G1 Conc#2"                       [id=9532, stack(0x000000d06b900000,0x000000d06ba00000) (1024K)]
  0x0000023d76ed91d0 ConcurrentGCThread "G1 Refine#0"               [id=17952, stack(0x000000d069200000,0x000000d069300000) (1024K)]
  0x0000023d76ed99f0 ConcurrentGCThread "G1 Service"                [id=12184, stack(0x000000d069300000,0x000000d069400000) (1024K)]
Total: 18

Threads with active compile tasks:
Total: 0

VM state: at safepoint (normal execution)

VM Mutex/Monitor currently owned by a thread:  ([mutex/lock_event])
[0x00007ff8670ee380] Threads_lock - owner thread: 0x0000023d7701c660
[0x00007ff8670ee480] Heap_lock - owner thread: 0x0000023d7e0f7e60

Heap address: 0x000000008a600000, size: 1882 MB, Compressed Oops mode: 32-bit

CDS archive(s) mapped at: [0x0000023d00000000-0x0000023d00c80000-0x0000023d00c80000), size 13107200, SharedBaseAddress: 0x0000023d00000000, ArchiveRelocationMode: 1.
Compressed class space mapped at: 0x0000023d01000000-0x0000023d41000000, reserved size: 1073741824
Narrow klass base: 0x0000023d00000000, Narrow klass shift: 0, Narrow klass range: 0x100000000

GC Precious Log:
 CardTable entry size: 512
 Card Set container configuration: InlinePtr #cards 5 size 8 Array Of Cards #cards 12 size 40 Howl #buckets 4 coarsen threshold 1843 Howl Bitmap #cards 512 size 80 coarsen threshold 460 Card regions per heap region 1 cards per card region 2048
 CPUs: 12 total, 12 available
 Memory: 7521M
 Large Page Support: Disabled
 NUMA Support: Disabled
 Compressed Oops: Enabled (32-bit)
 Heap Region Size: 1M
 Heap Min Capacity: 8M
 Heap Initial Capacity: 118M
 Heap Max Capacity: 1882M
 Pre-touch: Disabled
 Parallel Workers: 10
 Concurrent Workers: 3
 Concurrent Refinement Workers: 10
 Periodic GC: Disabled

Heap:
 garbage-first heap   total 92160K, used 79569K [0x000000008a600000, 0x0000000100000000)
  region size 1024K, 54 young (55296K), 5 survivors (5120K)
 Metaspace       used 72666K, committed 73280K, reserved 1114112K
  class space    used 9391K, committed 9664K, reserved 1048576K

Heap Regions: E=young(eden), S=young(survivor), O=old, HS=humongous(starts), HC=humongous(continues), CS=collection set, F=free, TAMS=top-at-mark-start, PB=parsable bottom
|   0|0x000000008a600000, 0x000000008a700000, 0x000000008a700000|100%|HS|  |TAMS 0x000000008a600000| PB 0x000000008a600000| Complete 
|   1|0x000000008a700000, 0x000000008a7fffc0, 0x000000008a800000| 99%| O|  |TAMS 0x000000008a700000| PB 0x000000008a700000| Untracked 
|   2|0x000000008a800000, 0x000000008a900000, 0x000000008a900000|100%| O|  |TAMS 0x000000008a800000| PB 0x000000008a800000| Untracked 
|   3|0x000000008a900000, 0x000000008a9fffe0, 0x000000008aa00000| 99%| O|  |TAMS 0x000000008a900000| PB 0x000000008a900000| Untracked 
|   4|0x000000008aa00000, 0x000000008aafffe0, 0x000000008ab00000| 99%| O|  |TAMS 0x000000008aa00000| PB 0x000000008aa00000| Untracked 
|   5|0x000000008ab00000, 0x000000008ac00000, 0x000000008ac00000|100%| O|  |TAMS 0x000000008ab00000| PB 0x000000008ab00000| Untracked 
|   6|0x000000008ac00000, 0x000000008acffff8, 0x000000008ad00000| 99%| O|  |TAMS 0x000000008ac00000| PB 0x000000008ac00000| Untracked 
|   7|0x000000008ad00000, 0x000000008ae00000, 0x000000008ae00000|100%| O|  |TAMS 0x000000008ad00000| PB 0x000000008ad00000| Untracked 
|   8|0x000000008ae00000, 0x000000008aeffef8, 0x000000008af00000| 99%| O|  |TAMS 0x000000008ae00000| PB 0x000000008ae00000| Untracked 
|   9|0x000000008af00000, 0x000000008afffff0, 0x000000008b000000| 99%| O|  |TAMS 0x000000008af00000| PB 0x000000008af00000| Untracked 
|  10|0x000000008b000000, 0x000000008b0fe168, 0x000000008b100000| 99%| O|  |TAMS 0x000000008b000000| PB 0x000000008b000000| Untracked 
|  11|0x000000008b100000, 0x000000008b1ffff0, 0x000000008b200000| 99%| O|  |TAMS 0x000000008b100000| PB 0x000000008b100000| Untracked 
|  12|0x000000008b200000, 0x000000008b2ffff0, 0x000000008b300000| 99%| O|  |TAMS 0x000000008b200000| PB 0x000000008b200000| Untracked 
|  13|0x000000008b300000, 0x000000008b400000, 0x000000008b400000|100%| O|  |TAMS 0x000000008b300000| PB 0x000000008b300000| Untracked 
|  14|0x000000008b400000, 0x000000008b4ffff0, 0x000000008b500000| 99%| O|  |TAMS 0x000000008b400000| PB 0x000000008b400000| Untracked 
|  15|0x000000008b500000, 0x000000008b5fffe0, 0x000000008b600000| 99%| O|  |TAMS 0x000000008b500000| PB 0x000000008b500000| Untracked 
|  16|0x000000008b600000, 0x000000008b6ff838, 0x000000008b700000| 99%| O|  |TAMS 0x000000008b600000| PB 0x000000008b600000| Untracked 
|  17|0x000000008b700000, 0x000000008b7fffc8, 0x000000008b800000| 99%| O|  |TAMS 0x000000008b700000| PB 0x000000008b700000| Untracked 
|  18|0x000000008b800000, 0x000000008b8fffe8, 0x000000008b900000| 99%| O|  |TAMS 0x000000008b800000| PB 0x000000008b800000| Untracked 
|  19|0x000000008b900000, 0x000000008b9f63e8, 0x000000008ba00000| 96%| O|  |TAMS 0x000000008b900000| PB 0x000000008b900000| Untracked 
|  20|0x000000008ba00000, 0x000000008bb00000, 0x000000008bb00000|100%| O|  |TAMS 0x000000008ba00000| PB 0x000000008ba00000| Untracked 
|  21|0x000000008bb00000, 0x000000008bbd3560, 0x000000008bc00000| 82%| O|  |TAMS 0x000000008bb00000| PB 0x000000008bb00000| Untracked 
|  22|0x000000008bc00000, 0x000000008bcffff8, 0x000000008bd00000| 99%| O|  |TAMS 0x000000008bc00000| PB 0x000000008bc00000| Untracked 
|  23|0x000000008bd00000, 0x000000008bdfff88, 0x000000008be00000| 99%| O|  |TAMS 0x000000008bd00000| PB 0x000000008bd00000| Untracked 
|  24|0x000000008be00000, 0x000000008be78cb0, 0x000000008bf00000| 47%| O|  |TAMS 0x000000008be00000| PB 0x000000008be00000| Untracked 
|  25|0x000000008bf00000, 0x000000008bf00000, 0x000000008c000000|  0%| F|  |TAMS 0x000000008bf00000| PB 0x000000008bf00000| Untracked 
|  26|0x000000008c000000, 0x000000008c0256c0, 0x000000008c100000| 14%| O|Cm|TAMS 0x000000008c000000| PB 0x000000008c000000| Complete 
|  27|0x000000008c100000, 0x000000008c100000, 0x000000008c200000|  0%| F|  |TAMS 0x000000008c100000| PB 0x000000008c100000| Untracked 
|  28|0x000000008c200000, 0x000000008c2628d0, 0x000000008c300000| 38%| O|  |TAMS 0x000000008c200000| PB 0x000000008c200000| Untracked 
|  29|0x000000008c300000, 0x000000008c35ff78, 0x000000008c400000| 37%| O|  |TAMS 0x000000008c300000| PB 0x000000008c300000| Untracked 
|  30|0x000000008c400000, 0x000000008c400000, 0x000000008c500000|  0%| F|  |TAMS 0x000000008c400000| PB 0x000000008c400000| Untracked 
|  31|0x000000008c500000, 0x000000008c500000, 0x000000008c600000|  0%| F|  |TAMS 0x000000008c500000| PB 0x000000008c500000| Untracked 
|  32|0x000000008c600000, 0x000000008c700000, 0x000000008c700000|100%| S|  |TAMS 0x000000008c600000| PB 0x000000008c600000| Complete 
|  33|0x000000008c700000, 0x000000008c800000, 0x000000008c800000|100%| S|  |TAMS 0x000000008c700000| PB 0x000000008c700000| Complete 
|  34|0x000000008c800000, 0x000000008c88cad8, 0x000000008c900000| 54%| E|CS|TAMS 0x000000008c800000| PB 0x000000008c800000| Complete 
|  35|0x000000008c900000, 0x000000008ca00000, 0x000000008ca00000|100%| E|CS|TAMS 0x000000008c900000| PB 0x000000008c900000| Complete 
|  36|0x000000008ca00000, 0x000000008cb00000, 0x000000008cb00000|100%| E|CS|TAMS 0x000000008ca00000| PB 0x000000008ca00000| Complete 
|  37|0x000000008cb00000, 0x000000008cc00000, 0x000000008cc00000|100%| E|CS|TAMS 0x000000008cb00000| PB 0x000000008cb00000| Complete 
|  38|0x000000008cc00000, 0x000000008cd00000, 0x000000008cd00000|100%| S|  |TAMS 0x000000008cc00000| PB 0x000000008cc00000| Complete 
|  39|0x000000008cd00000, 0x000000008ce00000, 0x000000008ce00000|100%| S|  |TAMS 0x000000008cd00000| PB 0x000000008cd00000| Complete 
|  40|0x000000008ce00000, 0x000000008cf00000, 0x000000008cf00000|100%| S|  |TAMS 0x000000008ce00000| PB 0x000000008ce00000| Complete 
|  41|0x000000008cf00000, 0x000000008d000000, 0x000000008d000000|100%| E|CS|TAMS 0x000000008cf00000| PB 0x000000008cf00000| Complete 
|  42|0x000000008d000000, 0x000000008d100000, 0x000000008d100000|100%| E|CS|TAMS 0x000000008d000000| PB 0x000000008d000000| Complete 
|  43|0x000000008d100000, 0x000000008d200000, 0x000000008d200000|100%| E|CS|TAMS 0x000000008d100000| PB 0x000000008d100000| Complete 
|  44|0x000000008d200000, 0x000000008d300000, 0x000000008d300000|100%| E|CS|TAMS 0x000000008d200000| PB 0x000000008d200000| Complete 
|  45|0x000000008d300000, 0x000000008d400000, 0x000000008d400000|100%| E|CS|TAMS 0x000000008d300000| PB 0x000000008d300000| Complete 
|  46|0x000000008d400000, 0x000000008d500000, 0x000000008d500000|100%| E|CS|TAMS 0x000000008d400000| PB 0x000000008d400000| Complete 
|  47|0x000000008d500000, 0x000000008d600000, 0x000000008d600000|100%| E|CS|TAMS 0x000000008d500000| PB 0x000000008d500000| Complete 
|  48|0x000000008d600000, 0x000000008d700000, 0x000000008d700000|100%| E|CS|TAMS 0x000000008d600000| PB 0x000000008d600000| Complete 
|  49|0x000000008d700000, 0x000000008d800000, 0x000000008d800000|100%| E|CS|TAMS 0x000000008d700000| PB 0x000000008d700000| Complete 
|  50|0x000000008d800000, 0x000000008d900000, 0x000000008d900000|100%| E|CS|TAMS 0x000000008d800000| PB 0x000000008d800000| Complete 
|  51|0x000000008d900000, 0x000000008da00000, 0x000000008da00000|100%| E|CS|TAMS 0x000000008d900000| PB 0x000000008d900000| Complete 
|  52|0x000000008da00000, 0x000000008db00000, 0x000000008db00000|100%| E|CS|TAMS 0x000000008da00000| PB 0x000000008da00000| Complete 
|  53|0x000000008db00000, 0x000000008dc00000, 0x000000008dc00000|100%| E|CS|TAMS 0x000000008db00000| PB 0x000000008db00000| Complete 
|  54|0x000000008dc00000, 0x000000008dd00000, 0x000000008dd00000|100%| E|CS|TAMS 0x000000008dc00000| PB 0x000000008dc00000| Complete 
|  55|0x000000008dd00000, 0x000000008de00000, 0x000000008de00000|100%| E|CS|TAMS 0x000000008dd00000| PB 0x000000008dd00000| Complete 
|  56|0x000000008de00000, 0x000000008df00000, 0x000000008df00000|100%| E|CS|TAMS 0x000000008de00000| PB 0x000000008de00000| Complete 
|  57|0x000000008df00000, 0x000000008e000000, 0x000000008e000000|100%| E|CS|TAMS 0x000000008df00000| PB 0x000000008df00000| Complete 
|  58|0x000000008e000000, 0x000000008e100000, 0x000000008e100000|100%| E|CS|TAMS 0x000000008e000000| PB 0x000000008e000000| Complete 
|  59|0x000000008e100000, 0x000000008e200000, 0x000000008e200000|100%| E|CS|TAMS 0x000000008e100000| PB 0x000000008e100000| Complete 
|  60|0x000000008e200000, 0x000000008e300000, 0x000000008e300000|100%| E|CS|TAMS 0x000000008e200000| PB 0x000000008e200000| Complete 
|  61|0x000000008e300000, 0x000000008e400000, 0x000000008e400000|100%| E|CS|TAMS 0x000000008e300000| PB 0x000000008e300000| Complete 
|  62|0x000000008e400000, 0x000000008e500000, 0x000000008e500000|100%| E|CS|TAMS 0x000000008e400000| PB 0x000000008e400000| Complete 
|  63|0x000000008e500000, 0x000000008e600000, 0x000000008e600000|100%| E|CS|TAMS 0x000000008e500000| PB 0x000000008e500000| Complete 
|  64|0x000000008e600000, 0x000000008e700000, 0x000000008e700000|100%| E|CS|TAMS 0x000000008e600000| PB 0x000000008e600000| Complete 
|  65|0x000000008e700000, 0x000000008e800000, 0x000000008e800000|100%| E|CS|TAMS 0x000000008e700000| PB 0x000000008e700000| Complete 
|  66|0x000000008e800000, 0x000000008e900000, 0x000000008e900000|100%| E|CS|TAMS 0x000000008e800000| PB 0x000000008e800000| Complete 
|  67|0x000000008e900000, 0x000000008ea00000, 0x000000008ea00000|100%| E|CS|TAMS 0x000000008e900000| PB 0x000000008e900000| Complete 
|  68|0x000000008ea00000, 0x000000008eb00000, 0x000000008eb00000|100%| E|CS|TAMS 0x000000008ea00000| PB 0x000000008ea00000| Complete 
|  69|0x000000008eb00000, 0x000000008ec00000, 0x000000008ec00000|100%| E|CS|TAMS 0x000000008eb00000| PB 0x000000008eb00000| Complete 
|  70|0x000000008ec00000, 0x000000008ed00000, 0x000000008ed00000|100%| E|CS|TAMS 0x000000008ec00000| PB 0x000000008ec00000| Complete 
|  71|0x000000008ed00000, 0x000000008ee00000, 0x000000008ee00000|100%| E|CS|TAMS 0x000000008ed00000| PB 0x000000008ed00000| Complete 
|  72|0x000000008ee00000, 0x000000008ef00000, 0x000000008ef00000|100%| E|CS|TAMS 0x000000008ee00000| PB 0x000000008ee00000| Complete 
|  73|0x000000008ef00000, 0x000000008f000000, 0x000000008f000000|100%| E|CS|TAMS 0x000000008ef00000| PB 0x000000008ef00000| Complete 
|  74|0x000000008f000000, 0x000000008f100000, 0x000000008f100000|100%| E|CS|TAMS 0x000000008f000000| PB 0x000000008f000000| Complete 
|  75|0x000000008f100000, 0x000000008f200000, 0x000000008f200000|100%| E|CS|TAMS 0x000000008f100000| PB 0x000000008f100000| Complete 
|  76|0x000000008f200000, 0x000000008f300000, 0x000000008f300000|100%| E|CS|TAMS 0x000000008f200000| PB 0x000000008f200000| Complete 
|  77|0x000000008f300000, 0x000000008f400000, 0x000000008f400000|100%| E|CS|TAMS 0x000000008f300000| PB 0x000000008f300000| Complete 
|  78|0x000000008f400000, 0x000000008f500000, 0x000000008f500000|100%| E|CS|TAMS 0x000000008f400000| PB 0x000000008f400000| Complete 
|  79|0x000000008f500000, 0x000000008f600000, 0x000000008f600000|100%| E|CS|TAMS 0x000000008f500000| PB 0x000000008f500000| Complete 
|  80|0x000000008f600000, 0x000000008f700000, 0x000000008f700000|100%| E|CS|TAMS 0x000000008f600000| PB 0x000000008f600000| Complete 
|  81|0x000000008f700000, 0x000000008f800000, 0x000000008f800000|100%| E|CS|TAMS 0x000000008f700000| PB 0x000000008f700000| Complete 
|  82|0x000000008f800000, 0x000000008f900000, 0x000000008f900000|100%| E|CS|TAMS 0x000000008f800000| PB 0x000000008f800000| Complete 
|  83|0x000000008f900000, 0x000000008fa00000, 0x000000008fa00000|100%| E|CS|TAMS 0x000000008f900000| PB 0x000000008f900000| Complete 
|  84|0x000000008fa00000, 0x000000008fb00000, 0x000000008fb00000|100%| E|CS|TAMS 0x000000008fa00000| PB 0x000000008fa00000| Complete 
|  85|0x000000008fb00000, 0x000000008fc00000, 0x000000008fc00000|100%| E|CS|TAMS 0x000000008fb00000| PB 0x000000008fb00000| Complete 
|  86|0x000000008fc00000, 0x000000008fd00000, 0x000000008fd00000|100%| E|CS|TAMS 0x000000008fc00000| PB 0x000000008fc00000| Complete 
|  87|0x000000008fd00000, 0x000000008fe00000, 0x000000008fe00000|100%| E|CS|TAMS 0x000000008fd00000| PB 0x000000008fd00000| Complete 
|  88|0x000000008fe00000, 0x000000008ff00000, 0x000000008ff00000|100%| E|CS|TAMS 0x000000008fe00000| PB 0x000000008fe00000| Complete 
|  89|0x000000008ff00000, 0x0000000090000000, 0x0000000090000000|100%| E|CS|TAMS 0x000000008ff00000| PB 0x000000008ff00000| Complete 

Card table byte_map: [0x0000023d72240000,0x0000023d725f0000] _byte_map_base: 0x0000023d71ded000

Marking Bits: (CMBitMap*) 0x0000023d6b22ca40
 Bits: [0x0000023d725f0000, 0x0000023d74358000)

Polling page: 0x0000023d691a0000

Metaspace:

Usage:
  Non-class:     61.79 MB used.
      Class:      9.17 MB used.
       Both:     70.96 MB used.

Virtual space:
  Non-class space:       64.00 MB reserved,      62.12 MB ( 97%) committed,  1 nodes.
      Class space:        1.00 GB reserved,       9.44 MB ( <1%) committed,  1 nodes.
             Both:        1.06 GB reserved,      71.56 MB (  7%) committed. 

Chunk freelists:
   Non-Class:  1.67 MB
       Class:  6.39 MB
        Both:  8.06 MB

MaxMetaspaceSize: unlimited
CompressedClassSpaceSize: 1.00 GB
Initial GC threshold: 21.00 MB
Current GC threshold: 118.69 MB
CDS: on
 - commit_granule_bytes: 65536.
 - commit_granule_words: 8192.
 - virtual_space_node_default_size: 8388608.
 - enlarge_chunks_in_place: 1.
 - use_allocation_guard: 0.


Internal statistics:

num_allocs_failed_limit: 6.
num_arena_births: 1034.
num_arena_deaths: 378.
num_vsnodes_births: 2.
num_vsnodes_deaths: 0.
num_space_committed: 1145.
num_space_uncommitted: 0.
num_chunks_returned_to_freelist: 428.
num_chunks_taken_from_freelist: 3638.
num_chunk_merges: 103.
num_chunk_splits: 2472.
num_chunks_enlarged: 1932.
num_inconsistent_stats: 0.

CodeCache: size=49152Kb used=16298Kb max_used=18869Kb free=32853Kb
 bounds [0x0000023d6eb60000, 0x0000023d6fdd0000, 0x0000023d71b60000]
 total_blobs=8646 nmethods=7903 adapters=665
 compilation: enabled
              stopped_count=0, restarted_count=0
 full_count=0

Compilation events (20 events):
Event: 458.821 Thread 0x0000023d770510f0 11031       1       org.apache.catalina.core.StandardPipeline::getFirst (17 bytes)
Event: 458.821 Thread 0x0000023d770510f0 nmethod 11031 0x0000023d6f225490 code [0x0000023d6f225620, 0x0000023d6f225720]
Event: 478.832 Thread 0x0000023d770510f0 11032       1       org.apache.catalina.core.StandardContext::getInstanceManager (5 bytes)
Event: 478.832 Thread 0x0000023d770510f0 nmethod 11032 0x0000023d6f225190 code [0x0000023d6f225320, 0x0000023d6f2253f0]
Event: 481.315 Thread 0x0000023d770510f0 11033       1       java.util.concurrent.ThreadPoolExecutor::isRunning (10 bytes)
Event: 481.315 Thread 0x0000023d770510f0 nmethod 11033 0x0000023d6f224e90 code [0x0000023d6f225020, 0x0000023d6f2250d8]
Event: 548.889 Thread 0x0000023d770510f0 11035   !   1       org.apache.catalina.core.ContainerBase::backgroundProcess (172 bytes)
Event: 548.890 Thread 0x0000023d770510f0 nmethod 11035 0x0000023d6f223b90 code [0x0000023d6f223e20, 0x0000023d6f224810]
Event: 548.890 Thread 0x0000023d770510f0 11034   !   1       org.apache.catalina.core.ContainerBase$ContainerBackgroundProcessor::processChildren (202 bytes)
Event: 548.891 Thread 0x0000023d770510f0 nmethod 11034 0x0000023d6fa42110 code [0x0000023d6fa42460, 0x0000023d6fa436c0]
Event: 598.940 Thread 0x0000023d770510f0 11036   !   1       org.apache.catalina.core.StandardContext::getLoader (38 bytes)
Event: 598.941 Thread 0x0000023d770510f0 nmethod 11036 0x0000023d6f223390 code [0x0000023d6f223580, 0x0000023d6f2238b8]
Event: 601.262 Thread 0x0000023d770510f0 11037       1       java.lang.invoke.DirectMethodHandle$Holder::invokeStatic (14 bytes)
Event: 601.262 Thread 0x0000023d770510f0 nmethod 11037 0x0000023d6f222f90 code [0x0000023d6f223140, 0x0000023d6f223278]
Event: 601.262 Thread 0x0000023d770510f0 11038       1       java.io.FilterOutputStream::<init> (21 bytes)
Event: 601.262 Thread 0x0000023d770510f0 nmethod 11038 0x0000023d6f222b10 code [0x0000023d6f222cc0, 0x0000023d6f222e78]
Event: 608.956 Thread 0x0000023d770510f0 11039   !   1       org.apache.catalina.core.StandardContext::getResources (38 bytes)
Event: 608.956 Thread 0x0000023d770510f0 nmethod 11039 0x0000023d6fa41910 code [0x0000023d6fa41b00, 0x0000023d6fa41e38]
Event: 608.956 Thread 0x0000023d770510f0 11040       1       org.apache.catalina.core.StandardWrapper::getServlet (5 bytes)
Event: 608.956 Thread 0x0000023d770510f0 nmethod 11040 0x0000023d6fa41610 code [0x0000023d6fa417a0, 0x0000023d6fa41870]

GC Heap History (20 events):
Event: 30.770 GC heap after
{Heap after GC invocations=27 (full 0):
 garbage-first heap   total 79872K, used 31506K [0x000000008a600000, 0x0000000100000000)
  region size 1024K, 3 young (3072K), 3 survivors (3072K)
 Metaspace       used 65227K, committed 65856K, reserved 1114112K
  class space    used 8552K, committed 8832K, reserved 1048576K
}
Event: 49.359 GC heap before
{Heap before GC invocations=28 (full 0):
 garbage-first heap   total 79872K, used 69394K [0x000000008a600000, 0x0000000100000000)
  region size 1024K, 41 young (41984K), 3 survivors (3072K)
 Metaspace       used 68739K, committed 69312K, reserved 1114112K
  class space    used 8932K, committed 9216K, reserved 1048576K
}
Event: 49.361 GC heap after
{Heap after GC invocations=29 (full 0):
 garbage-first heap   total 79872K, used 32307K [0x000000008a600000, 0x0000000100000000)
  region size 1024K, 3 young (3072K), 3 survivors (3072K)
 Metaspace       used 68739K, committed 69312K, reserved 1114112K
  class space    used 8932K, committed 9216K, reserved 1048576K
}
Event: 109.491 GC heap before
{Heap before GC invocations=29 (full 0):
 garbage-first heap   total 79872K, used 70195K [0x000000008a600000, 0x0000000100000000)
  region size 1024K, 41 young (41984K), 3 survivors (3072K)
 Metaspace       used 70878K, committed 71488K, reserved 1114112K
  class space    used 9197K, committed 9472K, reserved 1048576K
}
Event: 109.500 GC heap after
{Heap after GC invocations=30 (full 0):
 garbage-first heap   total 79872K, used 32289K [0x000000008a600000, 0x0000000100000000)
  region size 1024K, 4 young (4096K), 4 survivors (4096K)
 Metaspace       used 70878K, committed 71488K, reserved 1114112K
  class space    used 9197K, committed 9472K, reserved 1048576K
}
Event: 109.510 GC heap before
{Heap before GC invocations=30 (full 0):
 garbage-first heap   total 79872K, used 32289K [0x000000008a600000, 0x0000000100000000)
  region size 1024K, 5 young (5120K), 4 survivors (4096K)
 Metaspace       used 70881K, committed 71488K, reserved 1114112K
  class space    used 9198K, committed 9472K, reserved 1048576K
}
Event: 109.615 GC heap after
{Heap after GC invocations=31 (full 1):
 garbage-first heap   total 79872K, used 23177K [0x000000008a600000, 0x0000000100000000)
  region size 1024K, 0 young (0K), 0 survivors (0K)
 Metaspace       used 70535K, committed 71488K, reserved 1114112K
  class space    used 9119K, committed 9472K, reserved 1048576K
}
Event: 113.212 GC heap before
{Heap before GC invocations=31 (full 1):
 garbage-first heap   total 79872K, used 69257K [0x000000008a600000, 0x0000000100000000)
  region size 1024K, 46 young (47104K), 0 survivors (0K)
 Metaspace       used 70804K, committed 71488K, reserved 1114112K
  class space    used 9175K, committed 9472K, reserved 1048576K
}
Event: 113.219 GC heap after
{Heap after GC invocations=32 (full 1):
 garbage-first heap   total 79872K, used 26835K [0x000000008a600000, 0x0000000100000000)
  region size 1024K, 4 young (4096K), 4 survivors (4096K)
 Metaspace       used 70804K, committed 71488K, reserved 1114112K
  class space    used 9175K, committed 9472K, reserved 1048576K
}
Event: 116.191 GC heap before
{Heap before GC invocations=33 (full 1):
 garbage-first heap   total 79872K, used 67795K [0x000000008a600000, 0x0000000100000000)
  region size 1024K, 44 young (45056K), 4 survivors (4096K)
 Metaspace       used 71120K, committed 71616K, reserved 1114112K
  class space    used 9235K, committed 9472K, reserved 1048576K
}
Event: 116.195 GC heap after
{Heap after GC invocations=34 (full 1):
 garbage-first heap   total 218112K, used 27534K [0x000000008a600000, 0x0000000100000000)
  region size 1024K, 3 young (3072K), 3 survivors (3072K)
 Metaspace       used 71120K, committed 71616K, reserved 1114112K
  class space    used 9235K, committed 9472K, reserved 1048576K
}
Event: 128.411 GC heap before
{Heap before GC invocations=34 (full 1):
 garbage-first heap   total 218112K, used 91022K [0x000000008a600000, 0x0000000100000000)
  region size 1024K, 67 young (68608K), 3 survivors (3072K)
 Metaspace       used 71507K, committed 72064K, reserved 1114112K
  class space    used 9279K, committed 9536K, reserved 1048576K
}
Event: 128.475 GC heap after
{Heap after GC invocations=35 (full 2):
 garbage-first heap   total 92160K, used 25491K [0x000000008a600000, 0x0000000100000000)
  region size 1024K, 0 young (0K), 0 survivors (0K)
 Metaspace       used 71507K, committed 72064K, reserved 1114112K
  class space    used 9279K, committed 9536K, reserved 1048576K
}
Event: 129.046 GC heap before
{Heap before GC invocations=35 (full 2):
 garbage-first heap   total 92160K, used 79763K [0x000000008a600000, 0x0000000100000000)
  region size 1024K, 53 young (54272K), 0 survivors (0K)
 Metaspace       used 72060K, committed 72704K, reserved 1114112K
  class space    used 9344K, committed 9664K, reserved 1048576K
}
Event: 129.050 GC heap after
{Heap after GC invocations=36 (full 2):
 garbage-first heap   total 92160K, used 29074K [0x000000008a600000, 0x0000000100000000)
  region size 1024K, 4 young (4096K), 4 survivors (4096K)
 Metaspace       used 72060K, committed 72704K, reserved 1114112K
  class space    used 9344K, committed 9664K, reserved 1048576K
}
Event: 158.184 GC heap before
{Heap before GC invocations=37 (full 2):
 garbage-first heap   total 92160K, used 73106K [0x000000008a600000, 0x0000000100000000)
  region size 1024K, 48 young (49152K), 4 survivors (4096K)
 Metaspace       used 72237K, committed 72896K, reserved 1114112K
  class space    used 9344K, committed 9664K, reserved 1048576K
}
Event: 158.216 GC heap after
{Heap after GC invocations=38 (full 3):
 garbage-first heap   total 92160K, used 25758K [0x000000008a600000, 0x0000000100000000)
  region size 1024K, 0 young (0K), 0 survivors (0K)
 Metaspace       used 72234K, committed 72896K, reserved 1114112K
  class space    used 9344K, committed 9664K, reserved 1048576K
}
Event: 158.605 GC heap before
{Heap before GC invocations=38 (full 3):
 garbage-first heap   total 92160K, used 79006K [0x000000008a600000, 0x0000000100000000)
  region size 1024K, 52 young (53248K), 0 survivors (0K)
 Metaspace       used 72406K, committed 73024K, reserved 1114112K
  class space    used 9373K, committed 9664K, reserved 1048576K
}
Event: 158.608 GC heap after
{Heap after GC invocations=39 (full 3):
 garbage-first heap   total 92160K, used 29393K [0x000000008a600000, 0x0000000100000000)
  region size 1024K, 4 young (4096K), 4 survivors (4096K)
 Metaspace       used 72406K, committed 73024K, reserved 1114112K
  class space    used 9373K, committed 9664K, reserved 1048576K
}
Event: 656.985 GC heap before
{Heap before GC invocations=40 (full 3):
 garbage-first heap   total 92160K, used 79569K [0x000000008a600000, 0x0000000100000000)
  region size 1024K, 53 young (54272K), 4 survivors (4096K)
 Metaspace       used 72666K, committed 73280K, reserved 1114112K
  class space    used 9391K, committed 9664K, reserved 1048576K
}

Dll operation events (12 events):
Event: 0.112 Loaded shared library Q:\Project\eclipse\plugins\org.eclipse.justj.openjdk.hotspot.jre.full.win32.x86_64_21.0.6.v20250130-0529\jre\bin\java.dll
Event: 0.136 Loaded shared library Q:\Project\eclipse\plugins\org.eclipse.justj.openjdk.hotspot.jre.full.win32.x86_64_21.0.6.v20250130-0529\jre\bin\zip.dll
Event: 0.361 Loaded shared library Q:\Project\eclipse\plugins\org.eclipse.justj.openjdk.hotspot.jre.full.win32.x86_64_21.0.6.v20250130-0529\jre\bin\instrument.dll
Event: 0.365 Loaded shared library Q:\Project\eclipse\plugins\org.eclipse.justj.openjdk.hotspot.jre.full.win32.x86_64_21.0.6.v20250130-0529\jre\bin\net.dll
Event: 0.366 Loaded shared library Q:\Project\eclipse\plugins\org.eclipse.justj.openjdk.hotspot.jre.full.win32.x86_64_21.0.6.v20250130-0529\jre\bin\nio.dll
Event: 0.368 Loaded shared library Q:\Project\eclipse\plugins\org.eclipse.justj.openjdk.hotspot.jre.full.win32.x86_64_21.0.6.v20250130-0529\jre\bin\zip.dll
Event: 0.459 Loaded shared library Q:\Project\eclipse\plugins\org.eclipse.justj.openjdk.hotspot.jre.full.win32.x86_64_21.0.6.v20250130-0529\jre\bin\jimage.dll
Event: 0.505 Loaded shared library Q:\Project\eclipse\plugins\org.eclipse.justj.openjdk.hotspot.jre.full.win32.x86_64_21.0.6.v20250130-0529\jre\bin\management.dll
Event: 0.513 Loaded shared library Q:\Project\eclipse\plugins\org.eclipse.justj.openjdk.hotspot.jre.full.win32.x86_64_21.0.6.v20250130-0529\jre\bin\management_ext.dll
Event: 0.667 Loaded shared library Q:\Project\eclipse\plugins\org.eclipse.justj.openjdk.hotspot.jre.full.win32.x86_64_21.0.6.v20250130-0529\jre\bin\extnet.dll
Event: 0.685 Loaded shared library Q:\Project\eclipse\plugins\org.eclipse.justj.openjdk.hotspot.jre.full.win32.x86_64_21.0.6.v20250130-0529\jre\bin\verify.dll
Event: 2.427 Loaded shared library Q:\Project\eclipse\plugins\org.eclipse.justj.openjdk.hotspot.jre.full.win32.x86_64_21.0.6.v20250130-0529\jre\bin\sunmscapi.dll

Deoptimization events (20 events):
Event: 199.079 Thread 0x0000023d7c3524f0 DEOPT PACKING pc=0x0000023d6fb62664 sp=0x000000d06b6fdd80
Event: 199.079 Thread 0x0000023d7c3524f0 DEOPT UNPACKING pc=0x0000023d6ebb4e42 sp=0x000000d06b6fd2e8 mode 1
Event: 301.261 Thread 0x0000023d7c3524f0 DEOPT PACKING pc=0x0000023d6f389bac sp=0x000000d06b6fdd10
Event: 301.261 Thread 0x0000023d7c3524f0 DEOPT UNPACKING pc=0x0000023d6ebb4e42 sp=0x000000d06b6fd278 mode 1
Event: 301.262 Thread 0x0000023d7c3524f0 DEOPT PACKING pc=0x0000023d6fb62664 sp=0x000000d06b6fdd80
Event: 301.262 Thread 0x0000023d7c3524f0 DEOPT UNPACKING pc=0x0000023d6ebb4e42 sp=0x000000d06b6fd2e8 mode 1
Event: 301.262 Thread 0x0000023d7c3524f0 DEOPT PACKING pc=0x0000023d6fb62664 sp=0x000000d06b6fdd80
Event: 301.262 Thread 0x0000023d7c3524f0 DEOPT UNPACKING pc=0x0000023d6ebb4e42 sp=0x000000d06b6fd2e8 mode 1
Event: 301.262 Thread 0x0000023d7c3524f0 DEOPT PACKING pc=0x0000023d6fb62664 sp=0x000000d06b6fdd80
Event: 301.262 Thread 0x0000023d7c3524f0 DEOPT UNPACKING pc=0x0000023d6ebb4e42 sp=0x000000d06b6fd2e8 mode 1
Event: 301.262 Thread 0x0000023d7c3524f0 DEOPT PACKING pc=0x0000023d6fb62664 sp=0x000000d06b6fdd80
Event: 301.262 Thread 0x0000023d7c3524f0 DEOPT UNPACKING pc=0x0000023d6ebb4e42 sp=0x000000d06b6fd2e8 mode 1
Event: 301.262 Thread 0x0000023d7c3524f0 DEOPT PACKING pc=0x0000023d6fb62664 sp=0x000000d06b6fdd80
Event: 301.262 Thread 0x0000023d7c3524f0 DEOPT UNPACKING pc=0x0000023d6ebb4e42 sp=0x000000d06b6fd2e8 mode 1
Event: 301.262 Thread 0x0000023d7c3524f0 DEOPT PACKING pc=0x0000023d6fb62664 sp=0x000000d06b6fdd80
Event: 301.262 Thread 0x0000023d7c3524f0 DEOPT UNPACKING pc=0x0000023d6ebb4e42 sp=0x000000d06b6fd2e8 mode 1
Event: 301.262 Thread 0x0000023d7c3524f0 DEOPT PACKING pc=0x0000023d6fb62664 sp=0x000000d06b6fdd80
Event: 301.262 Thread 0x0000023d7c3524f0 DEOPT UNPACKING pc=0x0000023d6ebb4e42 sp=0x000000d06b6fd2e8 mode 1
Event: 431.489 Thread 0x0000023d7e0f7140 DEOPT PACKING pc=0x0000023d6ef126b4 sp=0x000000d068dfdaf0
Event: 431.489 Thread 0x0000023d7e0f7140 DEOPT UNPACKING pc=0x0000023d6ebb4e42 sp=0x000000d068dfcfa8 mode 0

Classes loaded (20 events):
Event: 158.647 Loading class java/lang/ObjectCustomizer
Event: 158.647 Loading class java/lang/ObjectCustomizer done
Event: 158.647 Loading class java/lang/ObjectCustomizer
Event: 158.647 Loading class java/lang/ObjectCustomizer done
Event: 158.656 Loading class java/lang/ObjectCustomizer
Event: 158.656 Loading class java/lang/ObjectCustomizer done
Event: 158.656 Loading class java/lang/ObjectCustomizer
Event: 158.656 Loading class java/lang/ObjectCustomizer done
Event: 158.673 Loading class java/lang/ObjectCustomizer
Event: 158.673 Loading class java/lang/ObjectCustomizer done
Event: 158.673 Loading class java/lang/ObjectCustomizer
Event: 158.673 Loading class java/lang/ObjectCustomizer done
Event: 158.695 Loading class java/lang/ObjectCustomizer
Event: 158.695 Loading class java/lang/ObjectCustomizer done
Event: 158.695 Loading class java/lang/ObjectCustomizer
Event: 158.695 Loading class java/lang/ObjectCustomizer done
Event: 158.711 Loading class java/lang/ObjectCustomizer
Event: 158.711 Loading class java/lang/ObjectCustomizer done
Event: 158.711 Loading class java/lang/ObjectCustomizer
Event: 158.711 Loading class java/lang/ObjectCustomizer done

Classes unloaded (20 events):
Event: 129.062 Thread 0x0000023d7701c660 Unloading class 0x0000023d01799800 'java/lang/invoke/LambdaForm$MH+0x0000023d01799800'
Event: 129.062 Thread 0x0000023d7701c660 Unloading class 0x0000023d01799400 'java/lang/invoke/LambdaForm$MH+0x0000023d01799400'
Event: 129.062 Thread 0x0000023d7701c660 Unloading class 0x0000023d01798400 'java/lang/invoke/LambdaForm$MH+0x0000023d01798400'
Event: 129.062 Thread 0x0000023d7701c660 Unloading class 0x0000023d0143c400 'java/lang/invoke/LambdaForm$MH+0x0000023d0143c400'
Event: 129.062 Thread 0x0000023d7701c660 Unloading class 0x0000023d01420400 'java/lang/invoke/LambdaForm$MH+0x0000023d01420400'
Event: 129.062 Thread 0x0000023d7701c660 Unloading class 0x0000023d01420000 'java/lang/invoke/LambdaForm$MH+0x0000023d01420000'
Event: 129.062 Thread 0x0000023d7701c660 Unloading class 0x0000023d0141c800 'java/lang/invoke/LambdaForm$MH+0x0000023d0141c800'
Event: 129.062 Thread 0x0000023d7701c660 Unloading class 0x0000023d01964c00 'org/apache/catalina/loader/JdbcLeakPrevention'
Event: 129.062 Thread 0x0000023d7701c660 Unloading class 0x0000023d013b9000 'java/lang/invoke/LambdaForm$MH+0x0000023d013b9000'
Event: 129.062 Thread 0x0000023d7701c660 Unloading class 0x0000023d013b8c00 'java/lang/invoke/LambdaForm$MH+0x0000023d013b8c00'
Event: 129.062 Thread 0x0000023d7701c660 Unloading class 0x0000023d0139bc00 'java/lang/invoke/LambdaForm$MH+0x0000023d0139bc00'
Event: 129.062 Thread 0x0000023d7701c660 Unloading class 0x0000023d0139b000 'java/lang/invoke/LambdaForm$MH+0x0000023d0139b000'
Event: 129.062 Thread 0x0000023d7701c660 Unloading class 0x0000023d01384c00 'java/lang/invoke/LambdaForm$MH+0x0000023d01384c00'
Event: 129.062 Thread 0x0000023d7701c660 Unloading class 0x0000023d01370c00 'java/lang/invoke/LambdaForm$MH+0x0000023d01370c00'
Event: 129.062 Thread 0x0000023d7701c660 Unloading class 0x0000023d01370400 'java/lang/invoke/LambdaForm$MH+0x0000023d01370400'
Event: 129.062 Thread 0x0000023d7701c660 Unloading class 0x0000023d01365400 'java/lang/invoke/LambdaForm$MH+0x0000023d01365400'
Event: 129.062 Thread 0x0000023d7701c660 Unloading class 0x0000023d01215800 'java/lang/invoke/LambdaForm$MH+0x0000023d01215800'
Event: 129.062 Thread 0x0000023d7701c660 Unloading class 0x0000023d01215400 'java/lang/invoke/LambdaForm$MH+0x0000023d01215400'
Event: 129.062 Thread 0x0000023d7701c660 Unloading class 0x0000023d010c3c00 'java/lang/invoke/LambdaForm$MH+0x0000023d010c3c00'
Event: 158.193 Thread 0x0000023d7701c660 Unloading class 0x0000023d0197ac00 'org/apache/catalina/loader/JdbcLeakPrevention'

Classes redefined (20 events):
Event: 128.535 Thread 0x0000023d7701c660 redefined class name=com.nt.filter.FilterConfig, count=1
Event: 128.535 Thread 0x0000023d7701c660 redefined class name=com.nt.filter.FilterConfig, count=1
Event: 128.536 Thread 0x0000023d7701c660 redefined class name=com.nt.filter.SessionFilter, count=1
Event: 128.536 Thread 0x0000023d7701c660 redefined class name=com.nt.filter.SessionFilter, count=1
Event: 128.536 Thread 0x0000023d7701c660 redefined class name=com.nt.filter.SessionFilter, count=1
Event: 128.536 Thread 0x0000023d7701c660 redefined class name=com.nt.service.CategoryService, count=1
Event: 128.536 Thread 0x0000023d7701c660 redefined class name=com.nt.service.CategoryService, count=1
Event: 128.536 Thread 0x0000023d7701c660 redefined class name=com.nt.service.ProductsService, count=1
Event: 128.536 Thread 0x0000023d7701c660 redefined class name=com.nt.service.ProductsService, count=1
Event: 128.536 Thread 0x0000023d7701c660 redefined class name=com.nt.service.UserLoginService, count=1
Event: 128.536 Thread 0x0000023d7701c660 redefined class name=com.nt.service.UserLoginService, count=1
Event: 128.536 Thread 0x0000023d7701c660 redefined class name=com.nt.service.UserRegisterService, count=1
Event: 128.536 Thread 0x0000023d7701c660 redefined class name=com.nt.service.UserRegisterService, count=1
Event: 156.457 Thread 0x0000023d7701c660 redefined class name=com.nt.controller.userShow.BlogShowCase, count=2
Event: 156.457 Thread 0x0000023d7701c660 redefined class name=com.nt.controller.userShow.BlogShowCase, count=1
Event: 156.457 Thread 0x0000023d7701c660 redefined class name=com.nt.controller.userShow.BlogShowCase, count=2
Event: 506.629 Thread 0x0000023d7701c660 redefined class name=com.nt.controller.Farmars.CategoryCntrl, count=1
Event: 506.629 Thread 0x0000023d7701c660 redefined class name=com.nt.controller.Farmars.CategoryCntrl, count=2
Event: 506.629 Thread 0x0000023d7701c660 redefined class name=com.nt.controller.Farmars.CategoryCntrl, count=2
Event: 506.629 Thread 0x0000023d7701c660 redefined class name=com.nt.controller.Farmars.CategoryCntrl, count=1

Internal exceptions (20 events):
Event: 158.652 Thread 0x0000023d7e0f7140 Exception <a 'java/lang/ClassNotFoundException'{0x000000008fb2a020}: org/springframework/beans/factory/FactoryBeanCustomizer> (0x000000008fb2a020) 
thrown [s\src\hotspot\share\classfile\systemDictionary.cpp, line 312]
Event: 158.653 Thread 0x0000023d7e0f7140 Exception <a 'java/lang/ClassNotFoundException'{0x000000008fb32e08}: org/springframework/beans/factory/BeanClassLoaderAwareCustomizer> (0x000000008fb32e08) 
thrown [s\src\hotspot\share\classfile\systemDictionary.cpp, line 312]
Event: 158.653 Thread 0x0000023d7e0f7140 Exception <a 'java/lang/ClassNotFoundException'{0x000000008fb391b0}: org/springframework/beans/factory/AwareCustomizer> (0x000000008fb391b0) 
thrown [s\src\hotspot\share\classfile\systemDictionary.cpp, line 312]
Event: 158.654 Thread 0x0000023d7e0f7140 Exception <a 'java/lang/ClassNotFoundException'{0x000000008fb3e620}: org/springframework/beans/factory/BeanFactoryAwareCustomizer> (0x000000008fb3e620) 
thrown [s\src\hotspot\share\classfile\systemDictionary.cpp, line 312]
Event: 158.654 Thread 0x0000023d7e0f7140 Exception <a 'java/lang/ClassNotFoundException'{0x000000008fb45068}: org/springframework/beans/factory/AwareCustomizer> (0x000000008fb45068) 
thrown [s\src\hotspot\share\classfile\systemDictionary.cpp, line 312]
Event: 158.654 Thread 0x0000023d7e0f7140 Exception <a 'java/lang/ClassNotFoundException'{0x000000008fb4a708}: org/springframework/context/ApplicationEventPublisherAwareCustomizer> (0x000000008fb4a708) 
thrown [s\src\hotspot\share\classfile\systemDictionary.cpp, line 312]
Event: 158.655 Thread 0x0000023d7e0f7140 Exception <a 'java/lang/ClassNotFoundException'{0x000000008fb50e08}: org/springframework/beans/factory/AwareCustomizer> (0x000000008fb50e08) 
thrown [s\src\hotspot\share\classfile\systemDictionary.cpp, line 312]
Event: 158.656 Thread 0x0000023d7e0f7140 Exception <a 'java/lang/ClassNotFoundException'{0x000000008fb72768}: java/lang/ObjectCustomizer> (0x000000008fb72768) 
thrown [s\src\hotspot\share\classfile\systemDictionary.cpp, line 312]
Event: 158.657 Thread 0x0000023d7e0f7140 Exception <a 'java/lang/ClassNotFoundException'{0x000000008fb7b0e8}: org/springframework/core/io/support/PropertiesLoaderSupportCustomizer> (0x000000008fb7b0e8) 
thrown [s\src\hotspot\share\classfile\systemDictionary.cpp, line 312]
Event: 158.657 Thread 0x0000023d7e0f7140 Exception <a 'java/lang/ClassNotFoundException'{0x000000008fb89950}: org/springframework/beans/factory/config/PropertiesFactoryBeanCustomizer> (0x000000008fb89950) 
thrown [s\src\hotspot\share\classfile\systemDictionary.cpp, line 312]
Event: 158.658 Thread 0x0000023d7e0f7140 Exception <a 'java/lang/ClassNotFoundException'{0x000000008fb9f348}: org/springframework/beans/factory/FactoryBeanCustomizer> (0x000000008fb9f348) 
thrown [s\src\hotspot\share\classfile\systemDictionary.cpp, line 312]
Event: 158.658 Thread 0x0000023d7e0f7140 Exception <a 'java/lang/ClassNotFoundException'{0x000000008fba7e90}: org/springframework/beans/factory/InitializingBeanCustomizer> (0x000000008fba7e90) 
thrown [s\src\hotspot\share\classfile\systemDictionary.cpp, line 312]
Event: 158.673 Thread 0x0000023d7e0f7140 Exception <a 'java/lang/ClassNotFoundException'{0x000000008f9f1868}: java/lang/ObjectCustomizer> (0x000000008f9f1868) 
thrown [s\src\hotspot\share\classfile\systemDictionary.cpp, line 312]
Event: 158.674 Thread 0x0000023d7e0f7140 Exception <a 'java/lang/ClassNotFoundException'{0x000000008f9fa570}: com/nt/entity/CategoryCustomizer> (0x000000008f9fa570) 
thrown [s\src\hotspot\share\classfile\systemDictionary.cpp, line 312]
Event: 158.687 Thread 0x0000023d7e0f7140 Exception <a 'java/lang/ClassNotFoundException'{0x000000008f359448}: antlr/collections/ListCustomizer> (0x000000008f359448) 
thrown [s\src\hotspot\share\classfile\systemDictionary.cpp, line 312]
Event: 158.695 Thread 0x0000023d7e0f7140 Exception <a 'java/lang/ClassNotFoundException'{0x000000008f2718f0}: java/lang/ObjectCustomizer> (0x000000008f2718f0) 
thrown [s\src\hotspot\share\classfile\systemDictionary.cpp, line 312]
Event: 158.695 Thread 0x0000023d7e0f7140 Exception <a 'java/lang/ClassNotFoundException'{0x000000008f27a5f8}: com/nt/entity/ProductCustomizer> (0x000000008f27a5f8) 
thrown [s\src\hotspot\share\classfile\systemDictionary.cpp, line 312]
Event: 158.711 Thread 0x0000023d7e0f7140 Exception <a 'java/lang/ClassNotFoundException'{0x000000008edf8af8}: java/lang/ObjectCustomizer> (0x000000008edf8af8) 
thrown [s\src\hotspot\share\classfile\systemDictionary.cpp, line 312]
Event: 158.712 Thread 0x0000023d7e0f7140 Exception <a 'java/lang/ClassNotFoundException'{0x000000008ec3d470}: com/nt/entity/UsersCustomizer> (0x000000008ec3d470) 
thrown [s\src\hotspot\share\classfile\systemDictionary.cpp, line 312]
Event: 301.263 Thread 0x0000023d7c3524f0 Exception <a 'java/lang/NoSuchMethodError'{0x000000008dffab18}: static [B.<clinit>()V> (0x000000008dffab18) 
thrown [s\src\hotspot\share\prims\jni.cpp, line 1111]

ZGC Phase Switch (0 events):
No events

VM Operations (20 events):
Event: 301.685 Executing VM operation: Cleanup done
Event: 338.976 Executing VM operation: Cleanup
Event: 338.976 Executing VM operation: Cleanup done
Event: 349.049 Executing VM operation: Cleanup
Event: 349.049 Executing VM operation: Cleanup done
Event: 359.110 Executing VM operation: Cleanup
Event: 359.110 Executing VM operation: Cleanup done
Event: 399.518 Executing VM operation: Cleanup
Event: 399.518 Executing VM operation: Cleanup done
Event: 408.578 Executing VM operation: Cleanup
Event: 408.578 Executing VM operation: Cleanup done
Event: 431.488 Executing VM operation: ChangeSingleStep
Event: 431.488 Executing VM operation: ChangeSingleStep done
Event: 431.489 Executing VM operation: ChangeSingleStep
Event: 431.489 Executing VM operation: ChangeSingleStep done
Event: 506.622 Executing VM operation: RedefineClasses
Event: 506.645 Executing VM operation: RedefineClasses done
Event: 559.175 Executing VM operation: Cleanup
Event: 559.175 Executing VM operation: Cleanup done
Event: 656.985 Executing VM operation: G1CollectForAllocation (G1 Evacuation Pause)

Memory protections (0 events):
No events

Nmethod flushes (20 events):
Event: 129.069 Thread 0x0000023d7701c660 flushing  nmethod 0x0000023d6fa59210
Event: 129.069 Thread 0x0000023d7701c660 flushing  nmethod 0x0000023d6fa5ab90
Event: 129.069 Thread 0x0000023d7701c660 flushing  nmethod 0x0000023d6fa5bc90
Event: 129.069 Thread 0x0000023d7701c660 flushing  nmethod 0x0000023d6fa5cf90
Event: 129.069 Thread 0x0000023d7701c660 flushing  nmethod 0x0000023d6fa8de90
Event: 129.069 Thread 0x0000023d7701c660 flushing  nmethod 0x0000023d6fa8e690
Event: 129.069 Thread 0x0000023d7701c660 flushing  nmethod 0x0000023d6fa8eb90
Event: 129.069 Thread 0x0000023d7701c660 flushing  nmethod 0x0000023d6fa8f790
Event: 129.069 Thread 0x0000023d7701c660 flushing  nmethod 0x0000023d6fa91d10
Event: 129.069 Thread 0x0000023d7701c660 flushing  nmethod 0x0000023d6fa92090
Event: 129.069 Thread 0x0000023d7701c660 flushing  nmethod 0x0000023d6fa92490
Event: 129.069 Thread 0x0000023d7701c660 flushing  nmethod 0x0000023d6fa92890
Event: 129.069 Thread 0x0000023d7701c660 flushing  nmethod 0x0000023d6fa92d90
Event: 129.069 Thread 0x0000023d7701c660 flushing  nmethod 0x0000023d6faae710
Event: 129.069 Thread 0x0000023d7701c660 flushing  nmethod 0x0000023d6faaf910
Event: 129.069 Thread 0x0000023d7701c660 flushing  nmethod 0x0000023d6faafd90
Event: 129.069 Thread 0x0000023d7701c660 flushing  nmethod 0x0000023d6fab0190
Event: 129.069 Thread 0x0000023d7701c660 flushing  nmethod 0x0000023d6fab0490
Event: 129.069 Thread 0x0000023d7701c660 flushing  nmethod 0x0000023d6fab1710
Event: 129.069 Thread 0x0000023d7701c660 flushing  nmethod 0x0000023d6fab1e10

Events (20 events):
Event: 158.181 Thread 0x0000023d7e0f6ab0 Thread added: 0x0000023d7e0f5700
Event: 158.181 Thread 0x0000023d7e657770 Thread exited: 0x0000023d7e657770
Event: 158.184 Thread 0x0000023d7e0f5700 Thread exited: 0x0000023d7e0f5700
Event: 158.216 Thread 0x0000023d7e0f6ab0 Thread added: 0x0000023d7e0f6420
Event: 158.216 Thread 0x0000023d7e0f6420 Thread exited: 0x0000023d7e0f6420
Event: 158.217 Thread 0x0000023d7e0f6ab0 Thread added: 0x0000023d7e0f7140
Event: 158.271 Thread 0x0000023d7e0f7140 Thread added: 0x0000023d7e0f6420
Event: 158.295 Thread 0x0000023d7e0f6420 Thread exited: 0x0000023d7e0f6420
Event: 158.530 Thread 0x0000023d770510f0 Thread added: 0x0000023d7df284a0
Event: 158.546 Thread 0x0000023d7e0f7140 Thread added: 0x0000023d7e0f84f0
Event: 158.547 Thread 0x0000023d7e0f7140 Thread added: 0x0000023d7e0f77d0
Event: 158.547 Thread 0x0000023d7e0f7140 Thread added: 0x0000023d7e0f6420
Event: 158.576 Thread 0x0000023d7e0f7140 Thread added: 0x0000023d7e0f5700
Event: 158.583 Thread 0x0000023d7df284a0 Thread added: 0x0000023d7df29240
Event: 158.583 Thread 0x0000023d7df284a0 Thread added: 0x0000023d7df27030
Event: 158.678 Thread 0x0000023d7e0f5700 Thread added: 0x0000023d7e0f9f30
Event: 163.769 Thread 0x0000023d7df27030 Thread exited: 0x0000023d7df27030
Event: 163.769 Thread 0x0000023d7e0f9f30 Thread exited: 0x0000023d7e0f9f30
Event: 168.780 Thread 0x0000023d7df29240 Thread exited: 0x0000023d7df29240
Event: 168.780 Thread 0x0000023d7df284a0 Thread exited: 0x0000023d7df284a0


Dynamic libraries:
0x00007ff7e9440000 - 0x00007ff7e944e000 	Q:\Project\eclipse\plugins\org.eclipse.justj.openjdk.hotspot.jre.full.win32.x86_64_21.0.6.v20250130-0529\jre\bin\javaw.exe
0x00007ff8d88c0000 - 0x00007ff8d8b25000 	C:\WINDOWS\SYSTEM32\ntdll.dll
0x00007ff8d74e0000 - 0x00007ff8d75a9000 	C:\WINDOWS\System32\KERNEL32.DLL
0x00007ff8d61c0000 - 0x00007ff8d65a8000 	C:\WINDOWS\System32\KERNELBASE.dll
0x00007ff8d5b90000 - 0x00007ff8d5cdb000 	C:\WINDOWS\System32\ucrtbase.dll
0x00007ff8c7500000 - 0x00007ff8c751e000 	Q:\Project\eclipse\plugins\org.eclipse.justj.openjdk.hotspot.jre.full.win32.x86_64_21.0.6.v20250130-0529\jre\bin\VCRUNTIME140.dll
0x00007ff8cf050000 - 0x00007ff8cf068000 	Q:\Project\eclipse\plugins\org.eclipse.justj.openjdk.hotspot.jre.full.win32.x86_64_21.0.6.v20250130-0529\jre\bin\jli.dll
0x00007ff8d6860000 - 0x00007ff8d6a2a000 	C:\WINDOWS\System32\USER32.dll
0x00007ff8d60d0000 - 0x00007ff8d60f7000 	C:\WINDOWS\System32\win32u.dll
0x00007ff8c36f0000 - 0x00007ff8c398a000 	C:\WINDOWS\WinSxS\amd64_microsoft.windows.common-controls_6595b64144ccf1df_6.0.26100.4202_none_3e0698d4e335f517\COMCTL32.dll
0x00007ff8d73e0000 - 0x00007ff8d740b000 	C:\WINDOWS\System32\GDI32.dll
0x00007ff8d79a0000 - 0x00007ff8d7a49000 	C:\WINDOWS\System32\msvcrt.dll
0x00007ff8d5f90000 - 0x00007ff8d60c7000 	C:\WINDOWS\System32\gdi32full.dll
0x00007ff8d65b0000 - 0x00007ff8d6653000 	C:\WINDOWS\System32\msvcp_win.dll
0x00007ff8d7b70000 - 0x00007ff8d7ba0000 	C:\WINDOWS\System32\IMM32.DLL
0x00007ff8c74c0000 - 0x00007ff8c74cc000 	Q:\Project\eclipse\plugins\org.eclipse.justj.openjdk.hotspot.jre.full.win32.x86_64_21.0.6.v20250130-0529\jre\bin\vcruntime140_1.dll
0x00007ff8c39d0000 - 0x00007ff8c3a5d000 	Q:\Project\eclipse\plugins\org.eclipse.justj.openjdk.hotspot.jre.full.win32.x86_64_21.0.6.v20250130-0529\jre\bin\msvcp140.dll
0x00007ff866440000 - 0x00007ff8671d0000 	Q:\Project\eclipse\plugins\org.eclipse.justj.openjdk.hotspot.jre.full.win32.x86_64_21.0.6.v20250130-0529\jre\bin\server\jvm.dll
0x00007ff8d6ba0000 - 0x00007ff8d6c53000 	C:\WINDOWS\System32\ADVAPI32.dll
0x00007ff8d7420000 - 0x00007ff8d74c6000 	C:\WINDOWS\System32\sechost.dll
0x00007ff8d7a50000 - 0x00007ff8d7b65000 	C:\WINDOWS\System32\RPCRT4.dll
0x00007ff8d6b20000 - 0x00007ff8d6b94000 	C:\WINDOWS\System32\WS2_32.dll
0x00007ff8d5880000 - 0x00007ff8d58de000 	C:\WINDOWS\SYSTEM32\POWRPROF.dll
0x00007ff8cf390000 - 0x00007ff8cf3c5000 	C:\WINDOWS\SYSTEM32\WINMM.dll
0x00007ff8cf3d0000 - 0x00007ff8cf3db000 	C:\WINDOWS\SYSTEM32\VERSION.dll
0x00007ff8d5860000 - 0x00007ff8d5874000 	C:\WINDOWS\SYSTEM32\UMPDC.dll
0x00007ff8d47d0000 - 0x00007ff8d47eb000 	C:\WINDOWS\SYSTEM32\kernel.appcore.dll
0x00007ff8d08e0000 - 0x00007ff8d08ea000 	Q:\Project\eclipse\plugins\org.eclipse.justj.openjdk.hotspot.jre.full.win32.x86_64_21.0.6.v20250130-0529\jre\bin\jimage.dll
0x00007ff8ca010000 - 0x00007ff8ca251000 	C:\WINDOWS\SYSTEM32\DBGHELP.DLL
0x00007ff8d83a0000 - 0x00007ff8d8725000 	C:\WINDOWS\System32\combase.dll
0x00007ff8d6a30000 - 0x00007ff8d6b11000 	C:\WINDOWS\System32\OLEAUT32.dll
0x00007ff8b5e30000 - 0x00007ff8b5e69000 	C:\WINDOWS\SYSTEM32\dbgcore.DLL
0x00007ff8d5e60000 - 0x00007ff8d5ef9000 	C:\WINDOWS\System32\bcryptPrimitives.dll
0x00007ff8b7b90000 - 0x00007ff8b7bcc000 	Q:\Project\eclipse\plugins\org.eclipse.justj.openjdk.hotspot.jre.full.win32.x86_64_21.0.6.v20250130-0529\jre\bin\jdwp.dll
0x00007ff8cfb00000 - 0x00007ff8cfb0f000 	Q:\Project\eclipse\plugins\org.eclipse.justj.openjdk.hotspot.jre.full.win32.x86_64_21.0.6.v20250130-0529\jre\bin\instrument.dll
0x00007ff8cf070000 - 0x00007ff8cf08f000 	Q:\Project\eclipse\plugins\org.eclipse.justj.openjdk.hotspot.jre.full.win32.x86_64_21.0.6.v20250130-0529\jre\bin\java.dll
0x00007ff8d7c50000 - 0x00007ff8d8392000 	C:\WINDOWS\System32\SHELL32.dll
0x00007ff8d5a10000 - 0x00007ff8d5b84000 	C:\WINDOWS\System32\wintypes.dll
0x00007ff8d3660000 - 0x00007ff8d3eb8000 	C:\WINDOWS\SYSTEM32\windows.storage.dll
0x00007ff8d75b0000 - 0x00007ff8d76a1000 	C:\WINDOWS\System32\SHCORE.dll
0x00007ff8d7bb0000 - 0x00007ff8d7c1a000 	C:\WINDOWS\System32\shlwapi.dll
0x00007ff8d5920000 - 0x00007ff8d594f000 	C:\WINDOWS\SYSTEM32\profapi.dll
0x00007ff8cf030000 - 0x00007ff8cf048000 	Q:\Project\eclipse\plugins\org.eclipse.justj.openjdk.hotspot.jre.full.win32.x86_64_21.0.6.v20250130-0529\jre\bin\zip.dll
0x00007ff8c1620000 - 0x00007ff8c162b000 	Q:\Project\eclipse\plugins\org.eclipse.justj.openjdk.hotspot.jre.full.win32.x86_64_21.0.6.v20250130-0529\jre\bin\dt_socket.dll
0x00007ff8d41b0000 - 0x00007ff8d41e3000 	C:\WINDOWS\SYSTEM32\IPHLPAPI.DLL
0x00007ff8d4d40000 - 0x00007ff8d4daa000 	C:\WINDOWS\system32\mswsock.dll
0x00007ff8d4240000 - 0x00007ff8d4367000 	C:\WINDOWS\SYSTEM32\DNSAPI.dll
0x00007ff8d7410000 - 0x00007ff8d741a000 	C:\WINDOWS\System32\NSI.dll
0x00007ff8b9250000 - 0x00007ff8b925b000 	C:\Windows\System32\rasadhlp.dll
0x00007ff8cbee0000 - 0x00007ff8cbf66000 	C:\WINDOWS\System32\fwpuclnt.dll
0x00007ff8cfaf0000 - 0x00007ff8cfb00000 	Q:\Project\eclipse\plugins\org.eclipse.justj.openjdk.hotspot.jre.full.win32.x86_64_21.0.6.v20250130-0529\jre\bin\net.dll
0x00007ff8cc250000 - 0x00007ff8cc36e000 	C:\WINDOWS\SYSTEM32\WINHTTP.dll
0x00007ff8cb7f0000 - 0x00007ff8cb806000 	Q:\Project\eclipse\plugins\org.eclipse.justj.openjdk.hotspot.jre.full.win32.x86_64_21.0.6.v20250130-0529\jre\bin\nio.dll
0x00007ff8c7530000 - 0x00007ff8c753a000 	Q:\Project\eclipse\plugins\org.eclipse.justj.openjdk.hotspot.jre.full.win32.x86_64_21.0.6.v20250130-0529\jre\bin\management.dll
0x00007ff8c7520000 - 0x00007ff8c752b000 	Q:\Project\eclipse\plugins\org.eclipse.justj.openjdk.hotspot.jre.full.win32.x86_64_21.0.6.v20250130-0529\jre\bin\management_ext.dll
0x00007ff8d6850000 - 0x00007ff8d6858000 	C:\WINDOWS\System32\PSAPI.DLL
0x00007ff8b3d70000 - 0x00007ff8b3d88000 	C:\WINDOWS\system32\napinsp.dll
0x00007ff8b37d0000 - 0x00007ff8b37e2000 	C:\WINDOWS\System32\winrnr.dll
0x00007ff8b3790000 - 0x00007ff8b37c0000 	C:\WINDOWS\system32\nlansp_c.dll
0x00007ff8b36f0000 - 0x00007ff8b3710000 	C:\WINDOWS\system32\wshbth.dll
0x00007ff8d4ff0000 - 0x00007ff8d500b000 	C:\WINDOWS\SYSTEM32\CRYPTSP.dll
0x00007ff8d4730000 - 0x00007ff8d476a000 	C:\WINDOWS\system32\rsaenh.dll
0x00007ff8d4de0000 - 0x00007ff8d4e0b000 	C:\WINDOWS\SYSTEM32\USERENV.dll
0x00007ff8d58f0000 - 0x00007ff8d5916000 	C:\WINDOWS\SYSTEM32\bcrypt.dll
0x00007ff8d5010000 - 0x00007ff8d501c000 	C:\WINDOWS\SYSTEM32\CRYPTBASE.dll
0x00007ff8c6210000 - 0x00007ff8c6219000 	Q:\Project\eclipse\plugins\org.eclipse.justj.openjdk.hotspot.jre.full.win32.x86_64_21.0.6.v20250130-0529\jre\bin\extnet.dll
0x00007ff8cb7e0000 - 0x00007ff8cb7f0000 	Q:\Project\eclipse\plugins\org.eclipse.justj.openjdk.hotspot.jre.full.win32.x86_64_21.0.6.v20250130-0529\jre\bin\verify.dll
0x00007ff8cad90000 - 0x00007ff8cad9e000 	Q:\Project\eclipse\plugins\org.eclipse.justj.openjdk.hotspot.jre.full.win32.x86_64_21.0.6.v20250130-0529\jre\bin\sunmscapi.dll
0x00007ff8d5ce0000 - 0x00007ff8d5e57000 	C:\WINDOWS\System32\CRYPT32.dll
0x00007ff8d5210000 - 0x00007ff8d5240000 	C:\WINDOWS\SYSTEM32\ncrypt.dll
0x00007ff8d51c0000 - 0x00007ff8d51ff000 	C:\WINDOWS\SYSTEM32\NTASN1.dll
0x00007ff869130000 - 0x00007ff869138000 	C:\WINDOWS\system32\wshunix.dll

dbghelp: loaded successfully - version: 4.0.5 - missing functions: none
symbol engine: initialized successfully - sym options: 0x614 - pdb path: .;Q:\Project\eclipse\plugins\org.eclipse.justj.openjdk.hotspot.jre.full.win32.x86_64_21.0.6.v20250130-0529\jre\bin;C:\WINDOWS\SYSTEM32;C:\WINDOWS\WinSxS\amd64_microsoft.windows.common-controls_6595b64144ccf1df_6.0.26100.4202_none_3e0698d4e335f517;Q:\Project\eclipse\plugins\org.eclipse.justj.openjdk.hotspot.jre.full.win32.x86_64_21.0.6.v20250130-0529\jre\bin\server

VM Arguments:
jvm_args: -XX:+ShowCodeDetailsInExceptionMessages -agentlib:jdwp=transport=dt_socket,suspend=y,address=localhost:59649 -Dcom.sun.management.jmxremote -Dcom.sun.management.jmxremote.port=59648 -Dcom.sun.management.jmxremote.authenticate=false -Dcom.sun.management.jmxremote.ssl=false -Djava.rmi.server.hostname=localhost -Dspring.jmx.enabled=true -Dmanagement.endpoints.jmx.exposure.include=* -Dspring.application.admin.enabled=true -Dspring.output.ansi.enabled=always -XX:TieredStopAtLevel=1 -Dspring.boot.project.name=e-Grocery -javaagent:Q:\Project\eclipse\configuration\org.eclipse.osgi\446\0\.cp\lib\javaagent-shaded.jar -Dfile.encoding=UTF-8 -Dstdout.encoding=UTF-8 -Dstderr.encoding=UTF-8 
java_command: com.nt.EGroceryApplication
java_class_path (initial): Q:\SPRING\Spring WebApplication\e-Grocery\target\classes;C:\Users\pravi\.m2\repository\org\springframework\boot\spring-boot-starter-web\2.7.18\spring-boot-starter-web-2.7.18.jar;C:\Users\pravi\.m2\repository\org\springframework\boot\spring-boot-starter\2.7.18\spring-boot-starter-2.7.18.jar;C:\Users\pravi\.m2\repository\org\springframework\boot\spring-boot-starter-logging\2.7.18\spring-boot-starter-logging-2.7.18.jar;C:\Users\pravi\.m2\repository\ch\qos\logback\logback-classic\1.2.12\logback-classic-1.2.12.jar;C:\Users\pravi\.m2\repository\ch\qos\logback\logback-core\1.2.12\logback-core-1.2.12.jar;C:\Users\pravi\.m2\repository\org\apache\logging\log4j\log4j-to-slf4j\2.17.2\log4j-to-slf4j-2.17.2.jar;C:\Users\pravi\.m2\repository\org\apache\logging\log4j\log4j-api\2.17.2\log4j-api-2.17.2.jar;C:\Users\pravi\.m2\repository\org\slf4j\jul-to-slf4j\1.7.36\jul-to-slf4j-1.7.36.jar;C:\Users\pravi\.m2\repository\jakarta\annotation\jakarta.annotation-api\1.3.5\jakarta.annotation-api-1.3.5.jar;C:\Users\pravi\.m2\repository\org\yaml\snakeyaml\1.30\snakeyaml-1.30.jar;C:\Users\pravi\.m2\repository\org\springframework\boot\spring-boot-starter-json\2.7.18\spring-boot-starter-json-2.7.18.jar;C:\Users\pravi\.m2\repository\com\fasterxml\jackson\core\jackson-databind\2.13.5\jackson-databind-2.13.5.jar;C:\Users\pravi\.m2\repository\com\fasterxml\jackson\core\jackson-annotations\2.13.5\jackson-annotations-2.13.5.jar;C:\Users\pravi\.m2\repository\com\fasterxml\jackson\core\jackson-core\2.13.5\jackson-core-2.13.5.jar;C:\Users\pravi\.m2\repository\com\fasterxml\jackson\datatype\jackson-datatype-jdk8\2.13.5\jackson-datatype-jdk8-2.13.5.jar;C:\Users\pravi\.m2\repository\com\fasterxml\jackson\datatype\jackson-datatype-jsr310\2.13.5\jackson-datatype-jsr310-2.13.5.jar;C:\Users\pravi\.m2\repository\com\fasterxml\jackson\module\jackson-module-parameter-names\2.13.5\jackson-module-parameter-names-2.13.5.jar;C:\Users\pravi\.m2\repository\org\springframework\boot\spring-boot-starter-tomcat\2.7.18\spring-boot-starter-tomcat-2.7.18.jar;C:\Users\pravi\.m2\repository\org\apache\tomcat\embed\tomcat-embed-websocket\9.0.83\tomcat-embed-websocket-9.0.83.jar;C:\Users\pravi\.m2\repository\org\springframework\spring-web\5.3.31\spring-web-5.3.31.jar;C:\Users\pravi\.m2\repository\org\springframework\spring-beans\5.3.31\spring-beans-5.3.31.jar;C:\Users\pravi\.m2\repository\org\springframework\spring-webmvc\5.3.31\spring-webmvc-5.3.31.jar;C:\Users\pravi\.m2\repository\org\springframework\spring-aop\5.3.31\spring-aop-5.3.31.jar;C:\Users\pravi\.m2\repository\org\springframework\spring-context\5.3.31\spring-context-5.3.31.jar;C:\Users\pravi\.m2\repository\org\springframework\spring-expression\5.3.31\spring-expression-5.3.31.jar;C:\Users\pravi\.m2\repository\org\springframework\boot\spring-boot-starter-data-jpa\2.7.18\spring-boot-starter-data-jpa-2.7.18.jar;C:\Users\pravi\.m2\repository\org\springframework\boot\spring-boot-starter-aop\2.7.18\spring-boot-starter-aop-2.7.18.jar;C:\Users\pravi\.m2\repository\org\aspectj\aspectjweaver\1.9.7\aspectjweaver-1.9.7.jar;C:\Users\pravi\.m2\repository\org\springframework\boot\spring-boot-starter-jdbc\2.7.18\spring-boot-starter-jdbc-2.7.18.jar;C:\Users\pravi\.m2\repository\com\zaxxer\HikariCP\4.0.3\HikariCP-4.0.3.jar;C:\Users\pravi\.m2\repository\org\springframework\spring-jdbc\5.3.31\spring-jdbc-5.3.31.jar;C:\Users\pravi\.m2\repository\jakarta\transaction\jakarta.transaction-api\1.3.3\jakarta.transaction-api-1.3.3.jar;C:\Users\pravi\.m2\repository\jakarta\persistence\jakarta.persistence-api\2.2.3\jakarta.persistence-api-2.2.3.jar;C:\Users\pravi\.m2\repository\org\hibernate\hibernate-core\5.6.15.Final\hibernate-core-5.6.15.Final.jar;C:\Users\pravi\.m2\repository\org\jboss\logging\jboss-logging\3.4.3.Final\jboss-logging-3.4.3.Final.jar;C:\Users\pravi\.m2\repository\net\bytebuddy\byte-buddy\1.12.23\byte-buddy-1.12.23.jar;C:\Users\pravi\.m2\repository\antlr\antlr\2.7.7\antlr-2.7.7.jar;C:\Users\pravi\.m2\repository\org\jboss\jandex\2.4.2.Final\jandex-2.4.2.Final.jar;C:\Users\pravi\.m2\repository\com\fasterxml\classmate\1.5.1\classmate-1.5.1.jar;C:\Users\pravi\.m2\repository\org\hibernate\common\hibernate-commons-annotations\5.1.2.Final\hibernate-commons-annotations-5.1.2.Final.jar;C:\Users\pravi\.m2\repository\org\glassfish\jaxb\jaxb-runtime\2.3.9\jaxb-runtime-2.3.9.jar;C:\Users\pravi\.m2\repository\org\glassfish\jaxb\txw2\2.3.9\txw2-2.3.9.jar;C:\Users\pravi\.m2\repository\com\sun\istack\istack-commons-runtime\3.0.12\istack-commons-runtime-3.0.12.jar;C:\Users\pravi\.m2\repository\com\sun\activation\jakarta.activation\1.2.2\jakarta.activation-1.2.2.jar;C:\Users\pravi\.m2\repository\org\springframework\data\spring-data-jpa\2.7.18\spring-data-jpa-2.7.18.jar;C:\Users\pravi\.m2\repository\org\springframework\data\spring-data-commons\2.7.18\spring-data-commons-2.7.18.jar;C:\Users\pravi\.m2\repository\org\springframework\spring-orm\5.3.31\spring-orm-5.3.31.jar;C:\Users\pravi\.m2\repository\org\springframework\spring-tx\5.3.31\spring-tx-5.3.31.jar;C:\Users\pravi\.m2\repository\org\slf4j\slf4j-api\1.7.36\slf4j-api-1.7.36.jar;C:\Users\pravi\.m2\repository\org\springframework\spring-aspects\5.3.31\spring-aspects-5.3.31.jar;C:\Users\pravi\.m2\repository\com\mysql\mysql-connector-j\8.0.33\mysql-connector-j-8.0.33.jar;C:\Users\pravi\.m2\repository\org\apache\tomcat\embed\tomcat-embed-jasper\9.0.83\tomcat-embed-jasper-9.0.83.jar;C:\Users\pravi\.m2\repository\org\apache\tomcat\embed\tomcat-embed-core\9.0.83\tomcat-embed-core-9.0.83.jar;C:\Users\pravi\.m2\repository\org\apache\tomcat\tomcat-annotations-api\9.0.83\tomcat-annotations-api-9.0.83.jar;C:\Users\pravi\.m2\repository\org\apache\tomcat\embed\tomcat-embed-el\9.0.83\tomcat-embed-el-9.0.83.jar;C:\Users\pravi\.m2\repository\org\eclipse\jdt\ecj\3.26.0\ecj-3.26.0.jar;C:\Users\pravi\.m2\repository\javax\servlet\jstl\1.2\jstl-1.2.jar;C:\Users\pravi\.m2\repository\org\springframework\boot\spring-boot-devtools\2.7.18\spring-boot-devtools-2.7.18.jar;C:\Users\pravi\.m2\repository\org\springframework\boot\spring-boot\2.7.18\spring-boot-2.7.18.jar;C:\Users\pravi\.m2\repository\org\springframework\boot\spring-boot-autoconfigure\2.7.18\spring-boot-autoconfigure-2.7.18.jar;C:\Users\pravi\.m2\repository\jakarta\xml\bind\jakarta.xml.bind-api\2.3.3\jakarta.xml.bind-api-2.3.3.jar;C:\Users\pravi\.m2\repository\jakarta\activation\jakarta.activation-api\1.2.2\jakarta.activation-api-1.2.2.jar;C:\Users\pravi\.m2\repository\org\springframework\spring-core\5.3.31\spring-core-5.3.31.jar;C:\Users\pravi\.m2\repository\org\springframework\spring-jcl\5.3.31\spring-jcl-5.3.31.jar;C:\Users\pravi\.m2\repository\org\projectlombok\lombok\1.18.30\lombok-1.18.30.jar
Launcher Type: SUN_STANDARD

[Global flags]
     intx CICompilerCount                          = 4                                         {product} {ergonomic}
     uint ConcGCThreads                            = 3                                         {product} {ergonomic}
     uint G1ConcRefinementThreads                  = 10                                        {product} {ergonomic}
   size_t G1HeapRegionSize                         = 1048576                                   {product} {ergonomic}
    uintx GCDrainStackTargetSize                   = 64                                        {product} {ergonomic}
   size_t InitialHeapSize                          = 123731968                                 {product} {ergonomic}
     bool ManagementServer                         = true                                      {product} {command line}
   size_t MarkStackSize                            = 4194304                                   {product} {ergonomic}
   size_t MaxHeapSize                              = 1973420032                                {product} {ergonomic}
   size_t MaxNewSize                               = 1183842304                                {product} {ergonomic}
   size_t MinHeapDeltaBytes                        = 1048576                                   {product} {ergonomic}
   size_t MinHeapSize                              = 8388608                                   {product} {ergonomic}
    uintx NonNMethodCodeHeapSize                   = 4096                                   {pd product} {ergonomic}
    uintx NonProfiledCodeHeapSize                  = 0                                      {pd product} {ergonomic}
     bool ProfileInterpreter                       = false                                  {pd product} {command line}
    uintx ProfiledCodeHeapSize                     = 0                                      {pd product} {ergonomic}
     bool ShowCodeDetailsInExceptionMessages       = true                                   {manageable} {command line}
   size_t SoftMaxHeapSize                          = 1973420032                             {manageable} {ergonomic}
     intx TieredStopAtLevel                        = 1                                         {product} {command line}
     bool UseCompressedOops                        = true                           {product lp64_product} {ergonomic}
     bool UseG1GC                                  = true                                      {product} {ergonomic}
     bool UseLargePagesIndividualAllocation        = false                                  {pd product} {ergonomic}

Logging:
Log output configuration:
 #0: stdout all=warning uptime,level,tags foldmultilines=false
 #1: stderr all=off uptime,level,tags foldmultilines=false

Environment Variables:
PATH=Q:\Project\eclipse\plugins\org.eclipse.justj.openjdk.hotspot.jre.full.win32.x86_64_21.0.6.v20250130-0529\jre\bin;Q:/Project/eclipse//plugins/org.eclipse.justj.openjdk.hotspot.jre.full.win32.x86_64_21.0.6.v20250130-0529/jre/bin/server;Q:/Project/eclipse//plugins/org.eclipse.justj.openjdk.hotspot.jre.full.win32.x86_64_21.0.6.v20250130-0529/jre/bin;C:\Program Files (x86)\Common Files\Oracle\Java\javapath;C:\WINDOWS\system32;C:\WINDOWS;C:\WINDOWS\System32\Wbem;C:\WINDOWS\System32\WindowsPowerShell\v1.0\;C:\WINDOWS\System32\OpenSSH\;C:\Program Files\Git\cmd;C:\Program Files\MySQL\MySQL Shell 8.0\bin\;C:\Users\pravi\AppData\Local\Microsoft\WindowsApps;C:\Users\pravi\AppData\Local\Programs\Microsoft VS Code\bin;Q:\Project\eclipse;
USERNAME=pravin
OS=Windows_NT
PROCESSOR_IDENTIFIER=AMD64 Family 25 Model 80 Stepping 0, AuthenticAMD
TMP=C:\Users\pravi\AppData\Local\Temp
TEMP=C:\Users\pravi\AppData\Local\Temp




Periodic native trim disabled

---------------  S Y S T E M  ---------------

OS:
 Windows 11 , 64 bit Build 26100 (10.0.26100.4202)
OS uptime: 2 days 6:03 hours
Hyper-V role detected

CPU: total 12 (initial active 12) (12 cores per cpu, 2 threads per core) family 25 model 80 stepping 0 microcode 0xa500011, cx8, cmov, fxsr, ht, mmx, 3dnowpref, sse, sse2, sse3, ssse3, sse4a, sse4.1, sse4.2, popcnt, lzcnt, tsc, tscinvbit, avx, avx2, aes, erms, clmul, bmi1, bmi2, adx, sha, fma, vzeroupper, clflush, clflushopt, hv, rdtscp, rdpid, fsrm, f16c, cet_ss
Processor Information for processor 0
  Max Mhz: 3301, Current Mhz: 2011, Mhz Limit: 3301
Processor Information for processor 1
  Max Mhz: 3301, Current Mhz: 2011, Mhz Limit: 3301
Processor Information for processor 2
  Max Mhz: 3301, Current Mhz: 2011, Mhz Limit: 3301
Processor Information for processor 3
  Max Mhz: 3301, Current Mhz: 2011, Mhz Limit: 3301
Processor Information for processor 4
  Max Mhz: 3301, Current Mhz: 2011, Mhz Limit: 3301
Processor Information for processor 5
  Max Mhz: 3301, Current Mhz: 2011, Mhz Limit: 3301
Processor Information for processor 6
  Max Mhz: 3301, Current Mhz: 2011, Mhz Limit: 3301
Processor Information for processor 7
  Max Mhz: 3301, Current Mhz: 2011, Mhz Limit: 3301
Processor Information for processor 8
  Max Mhz: 3301, Current Mhz: 2011, Mhz Limit: 3301
Processor Information for processor 9
  Max Mhz: 3301, Current Mhz: 2011, Mhz Limit: 3301
Processor Information for processor 10
  Max Mhz: 3301, Current Mhz: 2011, Mhz Limit: 3301
Processor Information for processor 11
  Max Mhz: 3301, Current Mhz: 3301, Mhz Limit: 3301

Memory: 4k page, system-wide physical 7521M (1126M free)
TotalPageFile size 12995M (AvailPageFile size 2299M)
current process WorkingSet (physical memory assigned to process): 190M, peak: 299M
current process commit charge ("private bytes"): 309M, peak: 447M

vm_info: OpenJDK 64-Bit Server VM (21.0.6+7-LTS) for windows-amd64 JRE (21.0.6+7-LTS), built on 2025-01-21T00:00:00Z by "admin" with MS VC++ 17.7 (VS2022)

END.
